<?xml version="1.0" encoding="UTF-8"?>
<testsuites>
  <testsuite name="assert_data" timestamp="2023-02-22T19:13:08Z" hostname="91b5bf13ad2d" tests="31" skipped="0" failures="0" errors="0" time="0.553">
    <testcase time="0.0190000000000001" classname="assert_data" name="h_assert_one_rec_pt_visit_passes_as_expected_if_data_is_ok"/>
    <testcase time="0.0419999999999998" classname="assert_data" name="h_assert_one_rec_pt_visit_fails_as_expected_if_data_is_wrong"/>
    <testcase time="0.00800000000000001" classname="assert_data" name="h_assert_one_rec_pt_visit_fails_as_expected_if_data_is_wrong"/>
    <testcase time="0.016" classname="assert_data" name="h_assert_one_rec_pt_visit_works_with_just_one_patient_and_one_visit"/>
    <testcase time="0.00599999999999978" classname="assert_data" name="h_assert_rsp_var_works_as_expected"/>
    <testcase time="0.00800000000000001" classname="assert_data" name="h_assert_rsp_var_works_as_expected"/>
    <testcase time="0.00700000000000012" classname="assert_data" name="h_assert_rsp_var_works_as_expected"/>
    <testcase time="0.00700000000000012" classname="assert_data" name="h_assert_visit_var_works_as_expected"/>
    <testcase time="0.00700000000000012" classname="assert_data" name="h_assert_visit_var_works_as_expected"/>
    <testcase time="0.00699999999999967" classname="assert_data" name="h_assert_visit_var_works_as_expected"/>
    <testcase time="0.00600000000000023" classname="assert_data" name="h_assert_id_var_works_as_expected"/>
    <testcase time="0.00300000000000011" classname="assert_data" name="h_assert_id_var_works_as_expected"/>
    <testcase time="0.00699999999999967" classname="assert_data" name="h_assert_id_var_works_as_expected"/>
    <testcase time="0.00700000000000012" classname="assert_data" name="h_assert_id_var_works_as_expected"/>
    <testcase time="0.00600000000000023" classname="assert_data" name="h_assert_weights_var_works_as_expected"/>
    <testcase time="0.00699999999999967" classname="assert_data" name="h_assert_weights_var_works_as_expected"/>
    <testcase time="0.00700000000000012" classname="assert_data" name="h_assert_weights_var_works_as_expected"/>
    <testcase time="0.00700000000000012" classname="assert_data" name="h_assert_weights_var_works_as_expected"/>
    <testcase time="0.0089999999999999" classname="assert_data" name="h_assert_data_passes_as_expected"/>
    <testcase time="0.00800000000000001" classname="assert_data" name="h_assert_data_does_not_look_at_rows_with_incomplete_regressors_for_checking_duplicates"/>
    <testcase time="0.0139999999999998" classname="assert_data" name="h_assert_data_fails_when_less_than_5_rows_in_complete_data_set_without_arm"/>
    <testcase time="0.0140000000000002" classname="assert_data" name="h_assert_data_fails_when_less_than_5_rows_in_complete_data_set_per_arm"/>
    <testcase time="0.132" classname="assert_data" name="h_assert_data_works_with_interaction_terms_in_covariates_"/>
    <testcase time="0.11" classname="assert_data" name="h_assert_data_works_when_there_are_missing_values"/>
    <testcase time="0.00999999999999979" classname="assert_data" name="h_assert_data_fails_if_a_variable_is_missing"/>
    <testcase time="0.00700000000000012" classname="assert_data" name="h_assert_data_fails_if_a_variable_is_missing"/>
    <testcase time="0.00600000000000023" classname="assert_data" name="h_assert_data_fails_if_a_variable_is_missing"/>
    <testcase time="0.0209999999999999" classname="assert_data" name="h_assert_data_fails_if_a_variable_is_not_included_in_data_"/>
    <testcase time="0.0129999999999999" classname="assert_data" name="h_assert_data_fails_if_a_variable_is_not_included_in_data_"/>
    <testcase time="0.02" classname="assert_data" name="h_assert_data_fails_if_a_variable_is_not_included_in_data_"/>
    <testcase time="0.012" classname="assert_data" name="h_assert_data_fails_if_a_variable_is_not_included_in_data_"/>
  </testsuite>
  <testsuite name="fit_mmrm" timestamp="2023-02-22T19:13:08Z" hostname="91b5bf13ad2d" tests="40" skipped="0" failures="0" errors="0" time="4.241">
    <testcase time="0.11" classname="fit_mmrm" name="h_get_diagnostics_works_as_expected"/>
    <testcase time="0.269" classname="fit_mmrm" name="fit_mmrm_works_with_parallelization"/>
    <testcase time="0.25" classname="fit_mmrm" name="fit_mmrm_can_specify_multiple_optimizers_to_try"/>
    <testcase time="0.004" classname="fit_mmrm" name="fit_mmrm_can_specify_multiple_optimizers_to_try"/>
    <testcase time="0.322" classname="fit_mmrm" name="fit_mmrm_can_specify_adjustment_method"/>
    <testcase time="0.00499999999999989" classname="fit_mmrm" name="fit_mmrm_can_specify_adjustment_method"/>
    <testcase time="0.00400000000000045" classname="fit_mmrm" name="fit_mmrm_can_specify_adjustment_method"/>
    <testcase time="0.228" classname="fit_mmrm" name="fit_mmrm_works_with_character_ID_variable"/>
    <testcase time="0.24" classname="fit_mmrm" name="fit_mmrm_works_with_character_ID_variable"/>
    <testcase time="0.239999999999999" classname="fit_mmrm" name="fit_mmrm_works_with_unstructured_covariance_matrix_and_produces_same_results_as_SAS"/>
    <testcase time="0.016" classname="fit_mmrm" name="fit_mmrm_works_with_unstructured_covariance_matrix_and_produces_same_results_as_SAS"/>
    <testcase time="0.00400000000000045" classname="fit_mmrm" name="fit_mmrm_works_with_unstructured_covariance_matrix_and_produces_same_results_as_SAS"/>
    <testcase time="0.00399999999999956" classname="fit_mmrm" name="fit_mmrm_works_with_unstructured_covariance_matrix_and_produces_same_results_as_SAS"/>
    <testcase time="0.00800000000000001" classname="fit_mmrm" name="fit_mmrm_works_with_unstructured_covariance_matrix_and_produces_same_results_as_SAS"/>
    <testcase time="0.0209999999999999" classname="fit_mmrm" name="fit_mmrm_works_with_unstructured_covariance_matrix_and_produces_same_results_as_SAS"/>
    <testcase time="0.00500000000000078" classname="fit_mmrm" name="fit_mmrm_works_with_unstructured_covariance_matrix_and_produces_same_results_as_SAS"/>
    <testcase time="0.00399999999999956" classname="fit_mmrm" name="fit_mmrm_works_with_unstructured_covariance_matrix_and_produces_same_results_as_SAS"/>
    <testcase time="0.00400000000000045" classname="fit_mmrm" name="fit_mmrm_works_with_unstructured_covariance_matrix_and_produces_same_results_as_SAS"/>
    <testcase time="0.00499999999999989" classname="fit_mmrm" name="fit_mmrm_works_with_unstructured_covariance_matrix_and_produces_same_results_as_SAS"/>
    <testcase time="0.228" classname="fit_mmrm" name="fit_mmrm_works_also_with_missing_data"/>
    <testcase time="0.0140000000000002" classname="fit_mmrm" name="fit_mmrm_works_also_with_missing_data"/>
    <testcase time="0.00499999999999989" classname="fit_mmrm" name="fit_mmrm_works_also_with_missing_data"/>
    <testcase time="0.00399999999999956" classname="fit_mmrm" name="fit_mmrm_works_also_with_missing_data"/>
    <testcase time="0.0100000000000007" classname="fit_mmrm" name="fit_mmrm_works_also_with_missing_data"/>
    <testcase time="0.0109999999999992" classname="fit_mmrm" name="fit_mmrm_works_also_with_missing_data"/>
    <testcase time="0.00500000000000078" classname="fit_mmrm" name="fit_mmrm_works_also_with_missing_data"/>
    <testcase time="0.00399999999999956" classname="fit_mmrm" name="fit_mmrm_works_also_with_missing_data"/>
    <testcase time="0.00400000000000045" classname="fit_mmrm" name="fit_mmrm_works_also_with_missing_data"/>
    <testcase time="0.00499999999999989" classname="fit_mmrm" name="fit_mmrm_works_also_with_missing_data"/>
    <testcase time="0.266999999999999" classname="fit_mmrm" name="fit_mmrm_works_also_with_rank_deficient_model_matrix"/>
    <testcase time="0.24" classname="fit_mmrm" name="fit_mmrm_works_also_with_weights"/>
    <testcase time="0.00499999999999989" classname="fit_mmrm" name="fit_mmrm_works_also_with_weights"/>
    <testcase time="0.204" classname="fit_mmrm" name="fit_mmrm_works_with_homogeneous_toeplitz_covariance_matrix"/>
    <testcase time="0.222" classname="fit_mmrm" name="fit_mmrm_works_with_heterogeneous_toeplitz_covariance_matrix"/>
    <testcase time="0.214" classname="fit_mmrm" name="fit_mmrm_works_with_homogeneous_ante_dependence_covariance_matrix"/>
    <testcase time="0.223" classname="fit_mmrm" name="fit_mmrm_works_with_heterogeneous_ante_dependence_covariance_matrix"/>
    <testcase time="0.197" classname="fit_mmrm" name="fit_mmrm_works_with_homogeneous_auto_regressive_covariance_matrix"/>
    <testcase time="0.213" classname="fit_mmrm" name="fit_mmrm_works_with_heterogeneous_auto_regressive_covariance_matrix"/>
    <testcase time="0.202999999999999" classname="fit_mmrm" name="fit_mmrm_works_with_homogeneous_compound_symmetry_covariance_matrix"/>
    <testcase time="0.220000000000001" classname="fit_mmrm" name="fit_mmrm_works_with_heterogeneous_compound_symmetry_covariance_matrix"/>
  </testsuite>
  <testsuite name="formula" timestamp="2023-02-22T19:13:13Z" hostname="91b5bf13ad2d" tests="4" skipped="0" failures="0" errors="0" time="0.046">
    <testcase time="0.0249999999999995" classname="formula" name="build_formula_gives_error_message_if_incorrect_covariance_structure_is_given"/>
    <testcase time="0.00699999999999967" classname="formula" name="build_formula_builds_the_correct_formula"/>
    <testcase time="0.00700000000000056" classname="formula" name="build_formula_builds_the_correct_formula_with_no_arm_variable_given"/>
    <testcase time="0.00699999999999967" classname="formula" name="build_formula_builds_the_correct_formula_with_no_covariates_given"/>
  </testsuite>
  <testsuite name="g_mmrm" timestamp="2023-02-22T19:13:13Z" hostname="91b5bf13ad2d" tests="16" skipped="16" failures="0" errors="0" time="5.966">
    <testcase time="0.875" classname="g_mmrm" name="g_mmrm_diagnostic_works_well_with_defaults">
      <skipped message="Reason: On CRAN ('test-g_mmrm.R:28')"/>
    </testcase>
    <testcase time="0.253" classname="g_mmrm" name="g_mmrm_diagnostic_works_well_for_Q_Q_residuals_plot">
      <skipped message="Reason: On CRAN ('test-g_mmrm.R:33')"/>
    </testcase>
    <testcase time="0.343" classname="g_mmrm" name="g_mmrm_diagnostic_works_well_for_Q_Q_residuals_plot_with_z_threshold">
      <skipped message="Reason: On CRAN ('test-g_mmrm.R:38')"/>
    </testcase>
    <testcase time="0.513999999999999" classname="g_mmrm" name="g_mmrm_diagnostic_works_well_for_Q_Q_residuals_plot_with_weights">
      <skipped message="Reason: On CRAN ('test-g_mmrm.R:61')"/>
    </testcase>
    <testcase time="0.357000000000001" classname="g_mmrm" name="g_mmrm_lsmeans_works_well_with_default_arguments">
      <skipped message="Reason: On CRAN ('test-g_mmrm.R:68')"/>
    </testcase>
    <testcase time="0.228999999999999" classname="g_mmrm" name="g_mmrm_lsmeans_can_select_estimates_only">
      <skipped message="Reason: On CRAN ('test-g_mmrm.R:73')"/>
    </testcase>
    <testcase time="0.25" classname="g_mmrm" name="g_mmrm_lsmeans_can_select_contrasts_only">
      <skipped message="Reason: On CRAN ('test-g_mmrm.R:78')"/>
    </testcase>
    <testcase time="0.337999999999999" classname="g_mmrm" name="g_mmrm_lsmeans_works_well_with_constant_baseline_added">
      <skipped message="Reason: On CRAN ('test-g_mmrm.R:83')"/>
    </testcase>
    <testcase time="0.382" classname="g_mmrm" name="g_mmrm_lsmeans_works_well_with_lines_added">
      <skipped message="Reason: On CRAN ('test-g_mmrm.R:88')"/>
    </testcase>
    <testcase time="0.364000000000001" classname="g_mmrm" name="g_mmrm_lsmeans_works_well_with_multiple_customizations">
      <skipped message="Reason: On CRAN ('test-g_mmrm.R:102')"/>
    </testcase>
    <testcase time="0.151999999999999" classname="g_mmrm" name="g_mmrm_lsmeans_works_well_with_constant_baseline_and_no_arms">
      <skipped message="Reason: On CRAN ('test-g_mmrm.R:107')"/>
    </testcase>
    <testcase time="0.474" classname="g_mmrm" name="g_mmrm_lsmeans_plots_stats_table_for_estimates_as_expected">
      <skipped message="Reason: On CRAN ('test-g_mmrm.R:116')"/>
    </testcase>
    <testcase time="0.425000000000001" classname="g_mmrm" name="g_mmrm_lsmeans_plots_estimates_stats_table_with_custom_settings">
      <skipped message="Reason: On CRAN ('test-g_mmrm.R:139')"/>
    </testcase>
    <testcase time="0.291" classname="g_mmrm" name="g_mmrm_lsmeans_plots_estimates_stats_table_also_without_arms">
      <skipped message="Reason: On CRAN ('test-g_mmrm.R:148')"/>
    </testcase>
    <testcase time="0.427" classname="g_mmrm" name="g_mmrm_lsmeans_plots_estimates_stats_table_also_with_constant_baseline">
      <skipped message="Reason: On CRAN ('test-g_mmrm.R:159')"/>
    </testcase>
    <testcase time="0.292" classname="g_mmrm" name="g_mmrm_lsmeans_plots_estimates_stats_table_also_with_constant_baseline_and_without_arms">
      <skipped message="Reason: On CRAN ('test-g_mmrm.R:170')"/>
    </testcase>
  </testsuite>
  <testsuite name="labels" timestamp="2023-02-22T19:13:19Z" hostname="91b5bf13ad2d" tests="10" skipped="0" failures="0" errors="0" time="0.071">
    <testcase time="0.0190000000000001" classname="labels" name="h_is_specified_works_as_expected"/>
    <testcase time="0.00399999999999956" classname="labels" name="h_is_specified_works_as_expected"/>
    <testcase time="0.00399999999999956" classname="labels" name="h_is_specified_works_as_expected"/>
    <testcase time="0.00400000000000134" classname="labels" name="h_is_specified_works_as_expected"/>
    <testcase time="0.00699999999999967" classname="labels" name="h_is_specified_and_in_data_works_as_expected"/>
    <testcase time="0.00799999999999912" classname="labels" name="h_check_and_get_label_works_as_expected"/>
    <testcase time="0.0080000000000009" classname="labels" name="h_labels_works_as_expected"/>
    <testcase time="0.00499999999999901" classname="labels" name="h_labels_works_if_covariates_is_empty_vector"/>
    <testcase time="0.00400000000000134" classname="labels" name="h_labels_works_if_covariates_is_empty_vector"/>
    <testcase time="0.00799999999999912" classname="labels" name="h_labels_works_as_expected_also_with_weights"/>
  </testsuite>
  <testsuite name="lsmeans" timestamp="2023-02-22T19:13:19Z" hostname="91b5bf13ad2d" tests="49" skipped="6" failures="0" errors="0" time="1.922">
    <testcase time="0.0999999999999996" classname="lsmeans" name="h_get_emmeans_res_works_as_expected"/>
    <testcase time="0.00100000000000122" classname="lsmeans" name="h_get_emmeans_res_works_as_expected"/>
    <testcase time="0.00199999999999889" classname="lsmeans" name="h_get_emmeans_res_works_as_expected"/>
    <testcase time="0.000999999999999446" classname="lsmeans" name="h_get_emmeans_res_works_as_expected"/>
    <testcase time="0.00100000000000122" classname="lsmeans" name="h_get_emmeans_res_works_as_expected"/>
    <testcase time="0.00399999999999956" classname="lsmeans" name="h_get_emmeans_res_works_as_expected"/>
    <testcase time="0.0600000000000005" classname="lsmeans" name="h_get_emmeans_res_works_as_expected"/>
    <testcase time="0.0899999999999999" classname="lsmeans" name="h_get_emmeans_res_works_as_expected_without_arm_variable"/>
    <testcase time="0.00199999999999889" classname="lsmeans" name="h_get_emmeans_res_works_as_expected_without_arm_variable"/>
    <testcase time="0.00100000000000122" classname="lsmeans" name="h_get_emmeans_res_works_as_expected_without_arm_variable"/>
    <testcase time="0.000999999999999446" classname="lsmeans" name="h_get_emmeans_res_works_as_expected_without_arm_variable"/>
    <testcase time="0.000999999999999446" classname="lsmeans" name="h_get_emmeans_res_works_as_expected_without_arm_variable"/>
    <testcase time="0.00500000000000078" classname="lsmeans" name="h_get_emmeans_res_works_as_expected_without_arm_variable"/>
    <testcase time="0.0960000000000001" classname="lsmeans" name="h_get_average_visit_specs_works_as_expected"/>
    <testcase time="0.00499999999999901" classname="lsmeans" name="h_get_average_visit_specs_works_as_expected"/>
    <testcase time="0.0990000000000002" classname="lsmeans" name="h_get_average_visit_specs_gives_error_if_not_all_visits_are_correct"/>
    <testcase time="0.0890000000000004" classname="lsmeans" name="h_get_average_visit_specs_works_as_expected_without_arm"/>
    <testcase time="0.00399999999999956" classname="lsmeans" name="h_get_average_visit_specs_works_as_expected_without_arm"/>
    <testcase time="0.00500000000000078" classname="lsmeans" name="h_get_average_visit_specs_uses_number_of_patients_with_any_of_the_averaged_visits_as_n">
      <skipped message="Reason: On CI ('test-lsmeans.R:178')"/>
    </testcase>
    <testcase time="0.106999999999999" classname="lsmeans" name="h_get_spec_visit_estimates_works_as_expected"/>
    <testcase time="0.0120000000000005" classname="lsmeans" name="h_get_spec_visit_estimates_works_as_expected"/>
    <testcase time="0.122" classname="lsmeans" name="h_get_spec_visit_estimates_produces_test_results_optionally"/>
    <testcase time="0.0150000000000006" classname="lsmeans" name="h_get_spec_visit_estimates_produces_test_results_optionally"/>
    <testcase time="0.0960000000000001" classname="lsmeans" name="h_get_spec_visit_estimates_works_without_arm"/>
    <testcase time="0.00199999999999889" classname="lsmeans" name="h_get_spec_visit_estimates_works_without_arm">
      <skipped message="Reason: On CRAN ('test-lsmeans.R:300')"/>
    </testcase>
    <testcase time="0.116000000000001" classname="lsmeans" name="h_get_single_visit_estimates_works_as_expected"/>
    <testcase time="0.00199999999999889" classname="lsmeans" name="h_get_single_visit_estimates_works_as_expected">
      <skipped message="Reason: On CRAN ('test-lsmeans.R:311')"/>
    </testcase>
    <testcase time="0.101000000000001" classname="lsmeans" name="h_get_single_visit_estimates_works_without_arm"/>
    <testcase time="0.00199999999999889" classname="lsmeans" name="h_get_single_visit_estimates_works_without_arm">
      <skipped message="Reason: On CRAN ('test-lsmeans.R:320')"/>
    </testcase>
    <testcase time="0.109" classname="lsmeans" name="h_get_relative_reduc_df_works_as_expected"/>
    <testcase time="0.00200000000000067" classname="lsmeans" name="h_get_relative_reduc_df_works_as_expected">
      <skipped message="Reason: On CRAN ('test-lsmeans.R:335')"/>
    </testcase>
    <testcase time="0.118" classname="lsmeans" name="h_single_visit_contrast_specs_works_as_expected"/>
    <testcase time="0.00499999999999901" classname="lsmeans" name="h_single_visit_contrast_specs_works_as_expected"/>
    <testcase time="0.0940000000000012" classname="lsmeans" name="h_average_visit_contrast_specs_works_as_expected"/>
    <testcase time="0.00399999999999956" classname="lsmeans" name="h_average_visit_contrast_specs_works_as_expected"/>
    <testcase time="0.00699999999999967" classname="lsmeans" name="h_average_visit_contrast_specs_works_also_for_3_arms_and_many_visits"/>
    <testcase time="0.00500000000000078" classname="lsmeans" name="h_average_visit_contrast_specs_works_also_for_3_arms_and_many_visits"/>
    <testcase time="0.129" classname="lsmeans" name="get_mmrm_lsmeans_can_calculate_the_LS_mean_results"/>
    <testcase time="0.00200000000000067" classname="lsmeans" name="get_mmrm_lsmeans_can_calculate_the_LS_mean_results"/>
    <testcase time="0.00199999999999889" classname="lsmeans" name="get_mmrm_lsmeans_can_calculate_the_LS_mean_results"/>
    <testcase time="0.000999999999999446" classname="lsmeans" name="get_mmrm_lsmeans_can_calculate_the_LS_mean_results"/>
    <testcase time="0.00500000000000078" classname="lsmeans" name="get_mmrm_lsmeans_can_calculate_the_LS_mean_results"/>
    <testcase time="0.00399999999999956" classname="lsmeans" name="get_mmrm_lsmeans_can_calculate_the_LS_mean_results"/>
    <testcase time="0.179" classname="lsmeans" name="get_mmrm_lsmeans_preserves_combined_arm_levels."/>
    <testcase time="0.00600000000000023" classname="lsmeans" name="get_mmrm_lsmeans_preserves_combined_arm_levels."/>
    <testcase time="0.102" classname="lsmeans" name="get_mmrm_lsmeans_works_without_arm"/>
    <testcase time="0.00199999999999889" classname="lsmeans" name="get_mmrm_lsmeans_works_without_arm"/>
    <testcase time="0.00200000000000067" classname="lsmeans" name="get_mmrm_lsmeans_works_without_arm"/>
    <testcase time="0.00200000000000067" classname="lsmeans" name="get_mmrm_lsmeans_works_without_arm">
      <skipped message="Reason: On CRAN ('test-lsmeans.R:648')"/>
    </testcase>
  </testsuite>
  <testsuite name="subgroups" timestamp="2023-02-22T19:13:21Z" hostname="91b5bf13ad2d" tests="11" skipped="6" failures="0" errors="0" time="4.439">
    <testcase time="0.309999999999999" classname="subgroups" name="h_mmrm_subgroup_df_works_as_expected_for_overall_group"/>
    <testcase time="0.0180000000000007" classname="subgroups" name="h_mmrm_subgroup_df_works_as_expected_for_subgroup_when_fit_did_not_converge"/>
    <testcase time="0.790999999999999" classname="subgroups" name="extract_mmrm_subgroups_works_as_expected">
      <skipped message="Reason: On CRAN ('test-subgroups.R:110')"/>
    </testcase>
    <testcase time="0.017000000000003" classname="subgroups" name="extract_mmrm_subgroups_works_as_expected_without_subgroup_variables">
      <skipped message="Reason: On CRAN ('test-subgroups.R:118')"/>
    </testcase>
    <testcase time="0.419999999999998" classname="subgroups" name="extract_mmrm_subgroups_works_as_expected_with_groups_lists">
      <skipped message="Reason: On CRAN ('test-subgroups.R:131')"/>
    </testcase>
    <testcase time="0.649000000000001" classname="subgroups" name="extract_mmrm_subgroups_works_when_model_does_not_work_for_some_subgroups"/>
    <testcase time="0.00199999999999889" classname="subgroups" name="extract_mmrm_subgroups_works_when_model_does_not_work_for_some_subgroups">
      <skipped message="Reason: On CRAN ('test-subgroups.R:140')"/>
    </testcase>
    <testcase time="0.0240000000000009" classname="subgroups" name="a_mmrm_subgroups_works_as_expected"/>
    <testcase time="0.00100000000000122" classname="subgroups" name="a_mmrm_subgroups_works_as_expected"/>
    <testcase time="1.701" classname="subgroups" name="tabulate_mmrm_subgroups_works_as_expected">
      <skipped message="Reason: On CRAN ('test-subgroups.R:163')"/>
    </testcase>
    <testcase time="0.506" classname="subgroups" name="tabulate_mmrm_subgroups_with_custom_settings_works_as_expected">
      <skipped message="Reason: On CRAN ('test-subgroups.R:194')"/>
    </testcase>
  </testsuite>
  <testsuite name="table_mmrmt01" timestamp="2023-02-22T19:13:25Z" hostname="91b5bf13ad2d" tests="5" skipped="0" failures="0" errors="0" time="0.926">
    <testcase time="0.654" classname="table_mmrmt01" name="LS_means_table_is_produced_correctly"/>
    <testcase time="0.162000000000003" classname="table_mmrmt01" name="Fixed_effects_table_is_produced_correctly"/>
    <testcase time="0.00399999999999778" classname="table_mmrmt01" name="Fixed_effects_table_is_produced_correctly"/>
    <testcase time="0.0489999999999995" classname="table_mmrmt01" name="Covariance_matrix_table_is_produced_correctly"/>
    <testcase time="0.0569999999999986" classname="table_mmrmt01" name="Model_diagnostics_table_is_produced_correctly"/>
  </testsuite>
  <testsuite name="tabulate_mmrm" timestamp="2023-02-22T19:13:26Z" hostname="91b5bf13ad2d" tests="17" skipped="1" failures="0" errors="0" time="3.325">
    <testcase time="0.701000000000001" classname="tabulate_mmrm" name="h_mmrm_fixed_works_as_expected"/>
    <testcase time="0.0700000000000003" classname="tabulate_mmrm" name="h_mmrm_fixed_works_as_expected"/>
    <testcase time="0.00400000000000134" classname="tabulate_mmrm" name="h_mmrm_fixed_works_as_expected"/>
    <testcase time="0.193999999999999" classname="tabulate_mmrm" name="h_mmrm_cov_works_as_expected"/>
    <testcase time="0.0330000000000013" classname="tabulate_mmrm" name="h_mmrm_cov_works_as_expected"/>
    <testcase time="0.219999999999999" classname="tabulate_mmrm" name="h_mmrm_diagnostic_works_as_expected"/>
    <testcase time="0.0160000000000018" classname="tabulate_mmrm" name="h_mmrm_diagnostic_works_as_expected"/>
    <testcase time="0.149999999999999" classname="tabulate_mmrm" name="tidy.mmrm_works_as_expected"/>
    <testcase time="0.00100000000000122" classname="tabulate_mmrm" name="tidy.mmrm_works_as_expected"/>
    <testcase time="0.0869999999999997" classname="tabulate_mmrm" name="tidy.mmrm_works_as_expected_when_treatment_is_not_considered_in_the_model"/>
    <testcase time="0.000999999999997669" classname="tabulate_mmrm" name="tidy.mmrm_works_as_expected_when_treatment_is_not_considered_in_the_model"/>
    <testcase time="0.153000000000002" classname="tabulate_mmrm" name="s_mmrm_lsmeans_works_as_expected_when_not_in_reference_column"/>
    <testcase time="0.157999999999998" classname="tabulate_mmrm" name="s_mmrm_lsmeans_works_as_expected_when_in_reference_column"/>
    <testcase time="0.100000000000001" classname="tabulate_mmrm" name="s_mmrm_lsmeans_single_works_as_expected"/>
    <testcase time="0.516999999999999" classname="tabulate_mmrm" name="summarize_lsmeans_works_as_expected"/>
    <testcase time="0.257999999999999" classname="tabulate_mmrm" name="summarize_lsmeans_works_as_expected_when_treatment_is_not_considered_in_the_model"/>
    <testcase time="0.662000000000003" classname="tabulate_mmrm" name="summarize_lsmeans_works_with_averages_of_visits_as_expected">
      <skipped message="Reason: On CRAN ('test-tabulate_mmrm.R:528')"/>
    </testcase>
  </testsuite>
  <testsuite name="utils" timestamp="2023-02-22T19:13:29Z" hostname="91b5bf13ad2d" tests="5" skipped="0" failures="0" errors="0" time="0.033">
    <testcase time="0.0180000000000007" classname="utils" name="h_get_covariate_parts_works_as_expected"/>
    <testcase time="0.00399999999999778" classname="utils" name="h_get_covariate_parts_works_as_expected"/>
    <testcase time="0.00400000000000134" classname="utils" name="h_get_covariate_parts_works_as_expected"/>
    <testcase time="0.00300000000000011" classname="utils" name="h_get_covariate_parts_works_as_expected"/>
    <testcase time="0.00399999999999778" classname="utils" name="h_get_covariate_parts_works_as_expected"/>
  </testsuite>
  <testsuite name="covariance_plot" timestamp="2023-02-22T19:13:29Z" hostname="91b5bf13ad2d" tests="13" skipped="3" failures="0" errors="0" time="0.612">
    <testcase time="0.00900000000000034" classname="covariance_plot" name="h_get_timepoint_vars_works_in_simple_example"/>
    <testcase time="0.00400000000000134" classname="covariance_plot" name="h_get_timepoint_vars_works_in_simple_example"/>
    <testcase time="0.0859999999999985" classname="covariance_plot" name="h_get_timepoint_vars_works_as_expected_with_time_prefix_specified"/>
    <testcase time="0.0120000000000005" classname="covariance_plot" name="h_get_timepoint_vars_returns_error_when_time_prefix_not_specified"/>
    <testcase time="0.00900000000000034" classname="covariance_plot" name="h_get_timepoint_vars_works_as_expected_with_time_prefix_argument_not_needed"/>
    <testcase time="0.0100000000000016" classname="covariance_plot" name="h_vectorization_works_as_expected_with_time_prefix_specified"/>
    <testcase time="0.00799999999999912" classname="covariance_plot" name="h_vectorization_works_as_expected_when_time_prefix_not_specified"/>
    <testcase time="0.00999999999999801" classname="covariance_plot" name="g_covariance_works_as_expected_as_expected_with_defaults"/>
    <testcase time="0.148000000000003" classname="covariance_plot" name="g_covariance_works_as_expected_as_expected_with_defaults">
      <skipped message="Reason: On CRAN ('test_covariance_plot.R:104')"/>
    </testcase>
    <testcase time="0.0179999999999971" classname="covariance_plot" name="g_covariance_works_as_expected_as_expected_with_time_prefix_specified"/>
    <testcase time="0.136000000000003" classname="covariance_plot" name="g_covariance_works_as_expected_as_expected_with_time_prefix_specified">
      <skipped message="Reason: On CRAN ('test_covariance_plot.R:117')"/>
    </testcase>
    <testcase time="0.0259999999999998" classname="covariance_plot" name="g_covariance_works_as_expected_as_expected_with_time_difference"/>
    <testcase time="0.135999999999999" classname="covariance_plot" name="g_covariance_works_as_expected_as_expected_with_time_difference">
      <skipped message="Reason: On CRAN ('test_covariance_plot.R:130')"/>
    </testcase>
  </testsuite>
</testsuites>
