<?xml version="1.0" encoding="UTF-8"?>
<testsuites>
  <testsuite name="assert_data" timestamp="2023-05-08T16:00:34Z" hostname="e1fd61de55ba" tests="31" skipped="0" failures="0" errors="0" time="0.515">
    <testcase time="0.02" classname="assert_data" name="h_assert_one_rec_pt_visit_passes_as_expected_if_data_is_ok"/>
    <testcase time="0.0420000000000003" classname="assert_data" name="h_assert_one_rec_pt_visit_fails_as_expected_if_data_is_wrong"/>
    <testcase time="0.00800000000000001" classname="assert_data" name="h_assert_one_rec_pt_visit_fails_as_expected_if_data_is_wrong"/>
    <testcase time="0.016" classname="assert_data" name="h_assert_one_rec_pt_visit_works_with_just_one_patient_and_one_visit"/>
    <testcase time="0.00599999999999978" classname="assert_data" name="h_assert_rsp_var_works_as_expected"/>
    <testcase time="0.00700000000000012" classname="assert_data" name="h_assert_rsp_var_works_as_expected"/>
    <testcase time="0.00699999999999967" classname="assert_data" name="h_assert_rsp_var_works_as_expected"/>
    <testcase time="0.00700000000000012" classname="assert_data" name="h_assert_visit_var_works_as_expected"/>
    <testcase time="0.00600000000000023" classname="assert_data" name="h_assert_visit_var_works_as_expected"/>
    <testcase time="0.00699999999999967" classname="assert_data" name="h_assert_visit_var_works_as_expected"/>
    <testcase time="0.00700000000000012" classname="assert_data" name="h_assert_id_var_works_as_expected"/>
    <testcase time="0.00200000000000022" classname="assert_data" name="h_assert_id_var_works_as_expected"/>
    <testcase time="0.00699999999999967" classname="assert_data" name="h_assert_id_var_works_as_expected"/>
    <testcase time="0.00700000000000012" classname="assert_data" name="h_assert_id_var_works_as_expected"/>
    <testcase time="0.00600000000000023" classname="assert_data" name="h_assert_weights_var_works_as_expected"/>
    <testcase time="0.00699999999999967" classname="assert_data" name="h_assert_weights_var_works_as_expected"/>
    <testcase time="0.00700000000000012" classname="assert_data" name="h_assert_weights_var_works_as_expected"/>
    <testcase time="0.00700000000000012" classname="assert_data" name="h_assert_weights_var_works_as_expected"/>
    <testcase time="0.0089999999999999" classname="assert_data" name="h_assert_data_passes_as_expected"/>
    <testcase time="0.00800000000000001" classname="assert_data" name="h_assert_data_does_not_look_at_rows_with_incomplete_regressors_for_checking_duplicates"/>
    <testcase time="0.0140000000000002" classname="assert_data" name="h_assert_data_fails_when_less_than_5_rows_in_complete_data_set_without_arm"/>
    <testcase time="0.0139999999999998" classname="assert_data" name="h_assert_data_fails_when_less_than_5_rows_in_complete_data_set_per_arm"/>
    <testcase time="0.116" classname="assert_data" name="h_assert_data_works_with_interaction_terms_in_covariates_"/>
    <testcase time="0.0949999999999998" classname="assert_data" name="h_assert_data_works_when_there_are_missing_values"/>
    <testcase time="0.0100000000000002" classname="assert_data" name="h_assert_data_fails_if_a_variable_is_missing"/>
    <testcase time="0.00700000000000012" classname="assert_data" name="h_assert_data_fails_if_a_variable_is_missing"/>
    <testcase time="0.00599999999999978" classname="assert_data" name="h_assert_data_fails_if_a_variable_is_missing"/>
    <testcase time="0.0219999999999998" classname="assert_data" name="h_assert_data_fails_if_a_variable_is_not_included_in_data_"/>
    <testcase time="0.0130000000000003" classname="assert_data" name="h_assert_data_fails_if_a_variable_is_not_included_in_data_"/>
    <testcase time="0.012" classname="assert_data" name="h_assert_data_fails_if_a_variable_is_not_included_in_data_"/>
    <testcase time="0.0129999999999999" classname="assert_data" name="h_assert_data_fails_if_a_variable_is_not_included_in_data_"/>
  </testsuite>
  <testsuite name="fit_mmrm" timestamp="2023-05-08T16:00:34Z" hostname="e1fd61de55ba" tests="40" skipped="0" failures="0" errors="0" time="4.104">
    <testcase time="0.121" classname="fit_mmrm" name="h_get_diagnostics_works_as_expected"/>
    <testcase time="0.313" classname="fit_mmrm" name="fit_mmrm_works_with_parallelization"/>
    <testcase time="0.244" classname="fit_mmrm" name="fit_mmrm_can_specify_multiple_optimizers_to_try"/>
    <testcase time="0.004" classname="fit_mmrm" name="fit_mmrm_can_specify_multiple_optimizers_to_try"/>
    <testcase time="0.308" classname="fit_mmrm" name="fit_mmrm_can_specify_adjustment_method"/>
    <testcase time="0.00499999999999989" classname="fit_mmrm" name="fit_mmrm_can_specify_adjustment_method"/>
    <testcase time="0.00399999999999956" classname="fit_mmrm" name="fit_mmrm_can_specify_adjustment_method"/>
    <testcase time="0.213" classname="fit_mmrm" name="fit_mmrm_works_with_character_ID_variable"/>
    <testcase time="0.213" classname="fit_mmrm" name="fit_mmrm_works_with_character_ID_variable"/>
    <testcase time="0.229" classname="fit_mmrm" name="fit_mmrm_works_with_unstructured_covariance_matrix_and_produces_same_results_as_SAS"/>
    <testcase time="0.0150000000000006" classname="fit_mmrm" name="fit_mmrm_works_with_unstructured_covariance_matrix_and_produces_same_results_as_SAS"/>
    <testcase time="0.00599999999999934" classname="fit_mmrm" name="fit_mmrm_works_with_unstructured_covariance_matrix_and_produces_same_results_as_SAS"/>
    <testcase time="0.00400000000000045" classname="fit_mmrm" name="fit_mmrm_works_with_unstructured_covariance_matrix_and_produces_same_results_as_SAS"/>
    <testcase time="0.00800000000000001" classname="fit_mmrm" name="fit_mmrm_works_with_unstructured_covariance_matrix_and_produces_same_results_as_SAS"/>
    <testcase time="0.0199999999999996" classname="fit_mmrm" name="fit_mmrm_works_with_unstructured_covariance_matrix_and_produces_same_results_as_SAS"/>
    <testcase time="0.00500000000000078" classname="fit_mmrm" name="fit_mmrm_works_with_unstructured_covariance_matrix_and_produces_same_results_as_SAS"/>
    <testcase time="0.00299999999999923" classname="fit_mmrm" name="fit_mmrm_works_with_unstructured_covariance_matrix_and_produces_same_results_as_SAS"/>
    <testcase time="0.00500000000000078" classname="fit_mmrm" name="fit_mmrm_works_with_unstructured_covariance_matrix_and_produces_same_results_as_SAS"/>
    <testcase time="0.00499999999999989" classname="fit_mmrm" name="fit_mmrm_works_with_unstructured_covariance_matrix_and_produces_same_results_as_SAS"/>
    <testcase time="0.218999999999999" classname="fit_mmrm" name="fit_mmrm_works_also_with_missing_data"/>
    <testcase time="0.0150000000000006" classname="fit_mmrm" name="fit_mmrm_works_also_with_missing_data"/>
    <testcase time="0.00499999999999989" classname="fit_mmrm" name="fit_mmrm_works_also_with_missing_data"/>
    <testcase time="0.00399999999999956" classname="fit_mmrm" name="fit_mmrm_works_also_with_missing_data"/>
    <testcase time="0.0100000000000007" classname="fit_mmrm" name="fit_mmrm_works_also_with_missing_data"/>
    <testcase time="0.00999999999999979" classname="fit_mmrm" name="fit_mmrm_works_also_with_missing_data"/>
    <testcase time="0.00499999999999989" classname="fit_mmrm" name="fit_mmrm_works_also_with_missing_data"/>
    <testcase time="0.00399999999999956" classname="fit_mmrm" name="fit_mmrm_works_also_with_missing_data"/>
    <testcase time="0.00500000000000078" classname="fit_mmrm" name="fit_mmrm_works_also_with_missing_data"/>
    <testcase time="0.00399999999999956" classname="fit_mmrm" name="fit_mmrm_works_also_with_missing_data"/>
    <testcase time="0.263" classname="fit_mmrm" name="fit_mmrm_works_also_with_rank_deficient_model_matrix"/>
    <testcase time="0.226" classname="fit_mmrm" name="fit_mmrm_works_also_with_weights"/>
    <testcase time="0.00499999999999989" classname="fit_mmrm" name="fit_mmrm_works_also_with_weights"/>
    <testcase time="0.194" classname="fit_mmrm" name="fit_mmrm_works_with_homogeneous_toeplitz_covariance_matrix"/>
    <testcase time="0.212" classname="fit_mmrm" name="fit_mmrm_works_with_heterogeneous_toeplitz_covariance_matrix"/>
    <testcase time="0.202" classname="fit_mmrm" name="fit_mmrm_works_with_homogeneous_ante_dependence_covariance_matrix"/>
    <testcase time="0.205" classname="fit_mmrm" name="fit_mmrm_works_with_heterogeneous_ante_dependence_covariance_matrix"/>
    <testcase time="0.194" classname="fit_mmrm" name="fit_mmrm_works_with_homogeneous_auto_regressive_covariance_matrix"/>
    <testcase time="0.209000000000001" classname="fit_mmrm" name="fit_mmrm_works_with_heterogeneous_auto_regressive_covariance_matrix"/>
    <testcase time="0.185" classname="fit_mmrm" name="fit_mmrm_works_with_homogeneous_compound_symmetry_covariance_matrix"/>
    <testcase time="0.202999999999999" classname="fit_mmrm" name="fit_mmrm_works_with_heterogeneous_compound_symmetry_covariance_matrix"/>
  </testsuite>
  <testsuite name="formula" timestamp="2023-05-08T16:00:38Z" hostname="e1fd61de55ba" tests="4" skipped="0" failures="0" errors="0" time="0.046">
    <testcase time="0.0250000000000004" classname="formula" name="build_formula_gives_error_message_if_incorrect_covariance_structure_is_given"/>
    <testcase time="0.00699999999999967" classname="formula" name="build_formula_builds_the_correct_formula"/>
    <testcase time="0.00700000000000056" classname="formula" name="build_formula_builds_the_correct_formula_with_no_arm_variable_given"/>
    <testcase time="0.00699999999999967" classname="formula" name="build_formula_builds_the_correct_formula_with_no_covariates_given"/>
  </testsuite>
  <testsuite name="g_mmrm" timestamp="2023-05-08T16:00:39Z" hostname="e1fd61de55ba" tests="16" skipped="16" failures="0" errors="0" time="6.057">
    <testcase time="0.863" classname="g_mmrm" name="g_mmrm_diagnostic_works_well_with_defaults">
      <skipped message="Reason: On CRAN ('test-g_mmrm.R:28:3')"/>
    </testcase>
    <testcase time="0.254000000000001" classname="g_mmrm" name="g_mmrm_diagnostic_works_well_for_Q_Q_residuals_plot">
      <skipped message="Reason: On CRAN ('test-g_mmrm.R:33:3')"/>
    </testcase>
    <testcase time="0.273" classname="g_mmrm" name="g_mmrm_diagnostic_works_well_for_Q_Q_residuals_plot_with_z_threshold">
      <skipped message="Reason: On CRAN ('test-g_mmrm.R:38:3')"/>
    </testcase>
    <testcase time="0.536999999999999" classname="g_mmrm" name="g_mmrm_diagnostic_works_well_for_Q_Q_residuals_plot_with_weights">
      <skipped message="Reason: On CRAN ('test-g_mmrm.R:61:3')"/>
    </testcase>
    <testcase time="0.354000000000001" classname="g_mmrm" name="g_mmrm_lsmeans_works_well_with_default_arguments">
      <skipped message="Reason: On CRAN ('test-g_mmrm.R:68:3')"/>
    </testcase>
    <testcase time="0.234" classname="g_mmrm" name="g_mmrm_lsmeans_can_select_estimates_only">
      <skipped message="Reason: On CRAN ('test-g_mmrm.R:73:3')"/>
    </testcase>
    <testcase time="0.260999999999999" classname="g_mmrm" name="g_mmrm_lsmeans_can_select_contrasts_only">
      <skipped message="Reason: On CRAN ('test-g_mmrm.R:78:3')"/>
    </testcase>
    <testcase time="0.344000000000001" classname="g_mmrm" name="g_mmrm_lsmeans_works_well_with_constant_baseline_added">
      <skipped message="Reason: On CRAN ('test-g_mmrm.R:83:3')"/>
    </testcase>
    <testcase time="0.404999999999999" classname="g_mmrm" name="g_mmrm_lsmeans_works_well_with_lines_added">
      <skipped message="Reason: On CRAN ('test-g_mmrm.R:88:3')"/>
    </testcase>
    <testcase time="0.355" classname="g_mmrm" name="g_mmrm_lsmeans_works_well_with_multiple_customizations">
      <skipped message="Reason: On CRAN ('test-g_mmrm.R:102:3')"/>
    </testcase>
    <testcase time="0.179" classname="g_mmrm" name="g_mmrm_lsmeans_works_well_with_constant_baseline_and_no_arms">
      <skipped message="Reason: On CRAN ('test-g_mmrm.R:107:3')"/>
    </testcase>
    <testcase time="0.478999999999999" classname="g_mmrm" name="g_mmrm_lsmeans_plots_stats_table_for_estimates_as_expected">
      <skipped message="Reason: On CRAN ('test-g_mmrm.R:116:3')"/>
    </testcase>
    <testcase time="0.446" classname="g_mmrm" name="g_mmrm_lsmeans_plots_estimates_stats_table_with_custom_settings">
      <skipped message="Reason: On CRAN ('test-g_mmrm.R:139:3')"/>
    </testcase>
    <testcase time="0.308" classname="g_mmrm" name="g_mmrm_lsmeans_plots_estimates_stats_table_also_without_arms">
      <skipped message="Reason: On CRAN ('test-g_mmrm.R:148:3')"/>
    </testcase>
    <testcase time="0.451000000000001" classname="g_mmrm" name="g_mmrm_lsmeans_plots_estimates_stats_table_also_with_constant_baseline">
      <skipped message="Reason: On CRAN ('test-g_mmrm.R:159:3')"/>
    </testcase>
    <testcase time="0.314" classname="g_mmrm" name="g_mmrm_lsmeans_plots_estimates_stats_table_also_with_constant_baseline_and_without_arms">
      <skipped message="Reason: On CRAN ('test-g_mmrm.R:170:3')"/>
    </testcase>
  </testsuite>
  <testsuite name="labels" timestamp="2023-05-08T16:00:44Z" hostname="e1fd61de55ba" tests="10" skipped="0" failures="0" errors="0" time="0.09">
    <testcase time="0.020999999999999" classname="labels" name="h_is_specified_works_as_expected"/>
    <testcase time="0.00400000000000134" classname="labels" name="h_is_specified_works_as_expected"/>
    <testcase time="0.00399999999999956" classname="labels" name="h_is_specified_works_as_expected"/>
    <testcase time="0.00399999999999956" classname="labels" name="h_is_specified_works_as_expected"/>
    <testcase time="0.00699999999999967" classname="labels" name="h_is_specified_and_in_data_works_as_expected"/>
    <testcase time="0.0080000000000009" classname="labels" name="h_check_and_get_label_works_as_expected"/>
    <testcase time="0.0169999999999995" classname="labels" name="h_labels_works_as_expected"/>
    <testcase time="0.0080000000000009" classname="labels" name="h_labels_works_if_covariates_is_empty_vector"/>
    <testcase time="0.00499999999999901" classname="labels" name="h_labels_works_if_covariates_is_empty_vector"/>
    <testcase time="0.0120000000000005" classname="labels" name="h_labels_works_as_expected_also_with_weights"/>
  </testsuite>
  <testsuite name="lsmeans" timestamp="2023-05-08T16:00:45Z" hostname="e1fd61de55ba" tests="49" skipped="6" failures="0" errors="0" time="1.884">
    <testcase time="0.105" classname="lsmeans" name="h_get_emmeans_res_works_as_expected"/>
    <testcase time="0.000999999999999446" classname="lsmeans" name="h_get_emmeans_res_works_as_expected"/>
    <testcase time="0.000999999999999446" classname="lsmeans" name="h_get_emmeans_res_works_as_expected"/>
    <testcase time="0.00100000000000122" classname="lsmeans" name="h_get_emmeans_res_works_as_expected"/>
    <testcase time="0.00199999999999889" classname="lsmeans" name="h_get_emmeans_res_works_as_expected"/>
    <testcase time="0.00400000000000134" classname="lsmeans" name="h_get_emmeans_res_works_as_expected"/>
    <testcase time="0.0489999999999995" classname="lsmeans" name="h_get_emmeans_res_works_as_expected"/>
    <testcase time="0.0890000000000004" classname="lsmeans" name="h_get_emmeans_res_works_as_expected_without_arm_variable"/>
    <testcase time="0.00199999999999889" classname="lsmeans" name="h_get_emmeans_res_works_as_expected_without_arm_variable"/>
    <testcase time="0.0080000000000009" classname="lsmeans" name="h_get_emmeans_res_works_as_expected_without_arm_variable"/>
    <testcase time="0.000999999999999446" classname="lsmeans" name="h_get_emmeans_res_works_as_expected_without_arm_variable"/>
    <testcase time="0.000999999999999446" classname="lsmeans" name="h_get_emmeans_res_works_as_expected_without_arm_variable"/>
    <testcase time="0.00500000000000078" classname="lsmeans" name="h_get_emmeans_res_works_as_expected_without_arm_variable"/>
    <testcase time="0.0969999999999995" classname="lsmeans" name="h_get_average_visit_specs_works_as_expected"/>
    <testcase time="0.00399999999999956" classname="lsmeans" name="h_get_average_visit_specs_works_as_expected"/>
    <testcase time="0.0980000000000008" classname="lsmeans" name="h_get_average_visit_specs_gives_error_if_not_all_visits_are_correct"/>
    <testcase time="0.102" classname="lsmeans" name="h_get_average_visit_specs_works_as_expected_without_arm"/>
    <testcase time="0.00699999999999967" classname="lsmeans" name="h_get_average_visit_specs_works_as_expected_without_arm"/>
    <testcase time="0.00700000000000145" classname="lsmeans" name="h_get_average_visit_specs_uses_number_of_patients_with_any_of_the_averaged_visits_as_n">
      <skipped message="Reason: On CI ('test-lsmeans.R:178:3')"/>
    </testcase>
    <testcase time="0.111999999999998" classname="lsmeans" name="h_get_spec_visit_estimates_works_as_expected"/>
    <testcase time="0.0130000000000017" classname="lsmeans" name="h_get_spec_visit_estimates_works_as_expected"/>
    <testcase time="0.101999999999999" classname="lsmeans" name="h_get_spec_visit_estimates_produces_test_results_optionally"/>
    <testcase time="0.0140000000000011" classname="lsmeans" name="h_get_spec_visit_estimates_produces_test_results_optionally"/>
    <testcase time="0.0939999999999994" classname="lsmeans" name="h_get_spec_visit_estimates_works_without_arm"/>
    <testcase time="0.00200000000000067" classname="lsmeans" name="h_get_spec_visit_estimates_works_without_arm">
      <skipped message="Reason: On CRAN ('test-lsmeans.R:300:3')"/>
    </testcase>
    <testcase time="0.110999999999999" classname="lsmeans" name="h_get_single_visit_estimates_works_as_expected"/>
    <testcase time="0.00200000000000067" classname="lsmeans" name="h_get_single_visit_estimates_works_as_expected">
      <skipped message="Reason: On CRAN ('test-lsmeans.R:311:3')"/>
    </testcase>
    <testcase time="0.122" classname="lsmeans" name="h_get_single_visit_estimates_works_without_arm"/>
    <testcase time="0.00200000000000067" classname="lsmeans" name="h_get_single_visit_estimates_works_without_arm">
      <skipped message="Reason: On CRAN ('test-lsmeans.R:320:3')"/>
    </testcase>
    <testcase time="0.113" classname="lsmeans" name="h_get_relative_reduc_df_works_as_expected"/>
    <testcase time="0.00300000000000011" classname="lsmeans" name="h_get_relative_reduc_df_works_as_expected">
      <skipped message="Reason: On CRAN ('test-lsmeans.R:335:3')"/>
    </testcase>
    <testcase time="0.104000000000001" classname="lsmeans" name="h_single_visit_contrast_specs_works_as_expected"/>
    <testcase time="0.00499999999999901" classname="lsmeans" name="h_single_visit_contrast_specs_works_as_expected"/>
    <testcase time="0.0950000000000006" classname="lsmeans" name="h_average_visit_contrast_specs_works_as_expected"/>
    <testcase time="0.00499999999999901" classname="lsmeans" name="h_average_visit_contrast_specs_works_as_expected"/>
    <testcase time="0.00700000000000145" classname="lsmeans" name="h_average_visit_contrast_specs_works_also_for_3_arms_and_many_visits"/>
    <testcase time="0.00399999999999956" classname="lsmeans" name="h_average_visit_contrast_specs_works_also_for_3_arms_and_many_visits"/>
    <testcase time="0.144" classname="lsmeans" name="get_mmrm_lsmeans_can_calculate_the_LS_mean_results"/>
    <testcase time="0.00199999999999889" classname="lsmeans" name="get_mmrm_lsmeans_can_calculate_the_LS_mean_results"/>
    <testcase time="0.00200000000000067" classname="lsmeans" name="get_mmrm_lsmeans_can_calculate_the_LS_mean_results"/>
    <testcase time="0.00200000000000067" classname="lsmeans" name="get_mmrm_lsmeans_can_calculate_the_LS_mean_results"/>
    <testcase time="0.00599999999999845" classname="lsmeans" name="get_mmrm_lsmeans_can_calculate_the_LS_mean_results"/>
    <testcase time="0.00500000000000078" classname="lsmeans" name="get_mmrm_lsmeans_can_calculate_the_LS_mean_results"/>
    <testcase time="0.118" classname="lsmeans" name="get_mmrm_lsmeans_preserves_combined_arm_levels."/>
    <testcase time="0.00499999999999901" classname="lsmeans" name="get_mmrm_lsmeans_preserves_combined_arm_levels."/>
    <testcase time="0.101000000000001" classname="lsmeans" name="get_mmrm_lsmeans_works_without_arm"/>
    <testcase time="0.000999999999999446" classname="lsmeans" name="get_mmrm_lsmeans_works_without_arm"/>
    <testcase time="0.00200000000000067" classname="lsmeans" name="get_mmrm_lsmeans_works_without_arm"/>
    <testcase time="0.00199999999999889" classname="lsmeans" name="get_mmrm_lsmeans_works_without_arm">
      <skipped message="Reason: On CRAN ('test-lsmeans.R:648:3')"/>
    </testcase>
  </testsuite>
  <testsuite name="subgroups" timestamp="2023-05-08T16:00:47Z" hostname="e1fd61de55ba" tests="11" skipped="6" failures="0" errors="0" time="4.373">
    <testcase time="0.290000000000001" classname="subgroups" name="h_mmrm_subgroup_df_works_as_expected_for_overall_group"/>
    <testcase time="0.0169999999999995" classname="subgroups" name="h_mmrm_subgroup_df_works_as_expected_for_subgroup_when_fit_did_not_converge"/>
    <testcase time="0.824" classname="subgroups" name="extract_mmrm_subgroups_works_as_expected">
      <skipped message="Reason: On CRAN ('test-subgroups.R:110:3')"/>
    </testcase>
    <testcase time="0.0169999999999995" classname="subgroups" name="extract_mmrm_subgroups_works_as_expected_without_subgroup_variables">
      <skipped message="Reason: On CRAN ('test-subgroups.R:118:3')"/>
    </testcase>
    <testcase time="0.408000000000001" classname="subgroups" name="extract_mmrm_subgroups_works_as_expected_with_groups_lists">
      <skipped message="Reason: On CRAN ('test-subgroups.R:131:3')"/>
    </testcase>
    <testcase time="0.637" classname="subgroups" name="extract_mmrm_subgroups_works_when_model_does_not_work_for_some_subgroups"/>
    <testcase time="0.00199999999999889" classname="subgroups" name="extract_mmrm_subgroups_works_when_model_does_not_work_for_some_subgroups">
      <skipped message="Reason: On CRAN ('test-subgroups.R:140:3')"/>
    </testcase>
    <testcase time="0.0139999999999993" classname="subgroups" name="a_mmrm_subgroups_works_as_expected"/>
    <testcase time="0.00100000000000122" classname="subgroups" name="a_mmrm_subgroups_works_as_expected"/>
    <testcase time="1.67" classname="subgroups" name="tabulate_mmrm_subgroups_works_as_expected">
      <skipped message="Reason: On CRAN ('test-subgroups.R:163:3')"/>
    </testcase>
    <testcase time="0.493000000000002" classname="subgroups" name="tabulate_mmrm_subgroups_with_custom_settings_works_as_expected">
      <skipped message="Reason: On CRAN ('test-subgroups.R:194:3')"/>
    </testcase>
  </testsuite>
  <testsuite name="table_mmrmt01" timestamp="2023-05-08T16:00:51Z" hostname="e1fd61de55ba" tests="5" skipped="0" failures="0" errors="0" time="0.942">
    <testcase time="0.66" classname="table_mmrmt01" name="LS_means_table_is_produced_correctly"/>
    <testcase time="0.165999999999997" classname="table_mmrmt01" name="Fixed_effects_table_is_produced_correctly"/>
    <testcase time="0.00500000000000256" classname="table_mmrmt01" name="Fixed_effects_table_is_produced_correctly"/>
    <testcase time="0.0509999999999984" classname="table_mmrmt01" name="Covariance_matrix_table_is_produced_correctly"/>
    <testcase time="0.0600000000000023" classname="table_mmrmt01" name="Model_diagnostics_table_is_produced_correctly"/>
  </testsuite>
  <testsuite name="tabulate_mmrm" timestamp="2023-05-08T16:00:52Z" hostname="e1fd61de55ba" tests="17" skipped="1" failures="0" errors="0" time="3.341">
    <testcase time="0.453999999999997" classname="tabulate_mmrm" name="h_mmrm_fixed_works_as_expected"/>
    <testcase time="0.0850000000000009" classname="tabulate_mmrm" name="h_mmrm_fixed_works_as_expected"/>
    <testcase time="0.00600000000000023" classname="tabulate_mmrm" name="h_mmrm_fixed_works_as_expected"/>
    <testcase time="0.204000000000001" classname="tabulate_mmrm" name="h_mmrm_cov_works_as_expected"/>
    <testcase time="0.0360000000000014" classname="tabulate_mmrm" name="h_mmrm_cov_works_as_expected"/>
    <testcase time="0.472999999999999" classname="tabulate_mmrm" name="h_mmrm_diagnostic_works_as_expected"/>
    <testcase time="0.0169999999999995" classname="tabulate_mmrm" name="h_mmrm_diagnostic_works_as_expected"/>
    <testcase time="0.149000000000001" classname="tabulate_mmrm" name="tidy.mmrm_works_as_expected"/>
    <testcase time="0.000999999999997669" classname="tabulate_mmrm" name="tidy.mmrm_works_as_expected"/>
    <testcase time="0.0890000000000022" classname="tabulate_mmrm" name="tidy.mmrm_works_as_expected_when_treatment_is_not_considered_in_the_model"/>
    <testcase time="0.000999999999997669" classname="tabulate_mmrm" name="tidy.mmrm_works_as_expected_when_treatment_is_not_considered_in_the_model"/>
    <testcase time="0.16" classname="tabulate_mmrm" name="s_mmrm_lsmeans_works_as_expected_when_not_in_reference_column"/>
    <testcase time="0.149000000000001" classname="tabulate_mmrm" name="s_mmrm_lsmeans_works_as_expected_when_in_reference_column"/>
    <testcase time="0.103000000000002" classname="tabulate_mmrm" name="s_mmrm_lsmeans_single_works_as_expected"/>
    <testcase time="0.497999999999998" classname="tabulate_mmrm" name="summarize_lsmeans_works_as_expected"/>
    <testcase time="0.256" classname="tabulate_mmrm" name="summarize_lsmeans_works_as_expected_when_treatment_is_not_considered_in_the_model"/>
    <testcase time="0.66" classname="tabulate_mmrm" name="summarize_lsmeans_works_with_averages_of_visits_as_expected">
      <skipped message="Reason: On CRAN ('test-tabulate_mmrm.R:528:3')"/>
    </testcase>
  </testsuite>
  <testsuite name="utils" timestamp="2023-05-08T16:00:55Z" hostname="e1fd61de55ba" tests="5" skipped="0" failures="0" errors="0" time="0.034">
    <testcase time="0.0190000000000019" classname="utils" name="h_get_covariate_parts_works_as_expected"/>
    <testcase time="0.00399999999999778" classname="utils" name="h_get_covariate_parts_works_as_expected"/>
    <testcase time="0.00400000000000134" classname="utils" name="h_get_covariate_parts_works_as_expected"/>
    <testcase time="0.00400000000000134" classname="utils" name="h_get_covariate_parts_works_as_expected"/>
    <testcase time="0.00300000000000011" classname="utils" name="h_get_covariate_parts_works_as_expected"/>
  </testsuite>
  <testsuite name="covariance_plot" timestamp="2023-05-08T16:00:55Z" hostname="e1fd61de55ba" tests="13" skipped="3" failures="0" errors="0" time="0.622">
    <testcase time="0.00999999999999801" classname="covariance_plot" name="h_get_timepoint_vars_works_in_simple_example"/>
    <testcase time="0.00300000000000011" classname="covariance_plot" name="h_get_timepoint_vars_works_in_simple_example"/>
    <testcase time="0.088000000000001" classname="covariance_plot" name="h_get_timepoint_vars_works_as_expected_with_time_prefix_specified"/>
    <testcase time="0.0109999999999992" classname="covariance_plot" name="h_get_timepoint_vars_returns_error_when_time_prefix_not_specified"/>
    <testcase time="0.0100000000000016" classname="covariance_plot" name="h_get_timepoint_vars_works_as_expected_with_time_prefix_argument_not_needed"/>
    <testcase time="0.00900000000000034" classname="covariance_plot" name="h_vectorization_works_as_expected_with_time_prefix_specified"/>
    <testcase time="0.00799999999999912" classname="covariance_plot" name="h_vectorization_works_as_expected_when_time_prefix_not_specified"/>
    <testcase time="0.0109999999999992" classname="covariance_plot" name="g_covariance_works_as_expected_as_expected_with_defaults"/>
    <testcase time="0.148" classname="covariance_plot" name="g_covariance_works_as_expected_as_expected_with_defaults">
      <skipped message="Reason: On CRAN ('test_covariance_plot.R:104:3')"/>
    </testcase>
    <testcase time="0.0199999999999996" classname="covariance_plot" name="g_covariance_works_as_expected_as_expected_with_time_prefix_specified"/>
    <testcase time="0.146000000000001" classname="covariance_plot" name="g_covariance_works_as_expected_as_expected_with_time_prefix_specified">
      <skipped message="Reason: On CRAN ('test_covariance_plot.R:117:3')"/>
    </testcase>
    <testcase time="0.0189999999999984" classname="covariance_plot" name="g_covariance_works_as_expected_as_expected_with_time_difference"/>
    <testcase time="0.139000000000003" classname="covariance_plot" name="g_covariance_works_as_expected_as_expected_with_time_difference">
      <skipped message="Reason: On CRAN ('test_covariance_plot.R:130:3')"/>
    </testcase>
  </testsuite>
</testsuites>
