<?xml version="1.0" encoding="UTF-8"?>
<testsuites>
  <testsuite name="assert_data" timestamp="2024-04-29T16:20:06Z" hostname="1b49f2c4bded" tests="31" skipped="0" failures="0" errors="0" time="0.584">
    <testcase time="0.0110000000000001" classname="assert_data" name="h_assert_one_rec_pt_visit_passes_as_expected_if_data_is_ok"/>
    <testcase time="0.0329999999999999" classname="assert_data" name="h_assert_one_rec_pt_visit_fails_as_expected_if_data_is_wrong"/>
    <testcase time="0.00500000000000012" classname="assert_data" name="h_assert_one_rec_pt_visit_fails_as_expected_if_data_is_wrong"/>
    <testcase time="0.0089999999999999" classname="assert_data" name="h_assert_one_rec_pt_visit_works_with_just_one_patient_and_one_visit"/>
    <testcase time="0.00500000000000012" classname="assert_data" name="h_assert_rsp_var_works_as_expected"/>
    <testcase time="0.004" classname="assert_data" name="h_assert_rsp_var_works_as_expected"/>
    <testcase time="0.00499999999999989" classname="assert_data" name="h_assert_rsp_var_works_as_expected"/>
    <testcase time="0.004" classname="assert_data" name="h_assert_visit_var_works_as_expected"/>
    <testcase time="0.00500000000000012" classname="assert_data" name="h_assert_visit_var_works_as_expected"/>
    <testcase time="0.004" classname="assert_data" name="h_assert_visit_var_works_as_expected"/>
    <testcase time="0.0559999999999998" classname="assert_data" name="h_assert_id_var_works_as_expected"/>
    <testcase time="0.00100000000000011" classname="assert_data" name="h_assert_id_var_works_as_expected"/>
    <testcase time="0.00499999999999989" classname="assert_data" name="h_assert_id_var_works_as_expected"/>
    <testcase time="0.004" classname="assert_data" name="h_assert_id_var_works_as_expected"/>
    <testcase time="0.00500000000000012" classname="assert_data" name="h_assert_weights_var_works_as_expected"/>
    <testcase time="0.004" classname="assert_data" name="h_assert_weights_var_works_as_expected"/>
    <testcase time="0.004" classname="assert_data" name="h_assert_weights_var_works_as_expected"/>
    <testcase time="0.00499999999999989" classname="assert_data" name="h_assert_weights_var_works_as_expected"/>
    <testcase time="0.00600000000000001" classname="assert_data" name="h_assert_data_passes_as_expected"/>
    <testcase time="0.00600000000000001" classname="assert_data" name="h_assert_data_does_not_look_at_rows_with_incomplete_regressors_for_checking_duplicates"/>
    <testcase time="0.141" classname="assert_data" name="h_assert_data_fails_when_less_than_5_rows_in_complete_data_set_without_arm"/>
    <testcase time="0.00900000000000012" classname="assert_data" name="h_assert_data_fails_when_less_than_5_rows_in_complete_data_set_per_arm"/>
    <testcase time="0.079" classname="assert_data" name="h_assert_data_works_with_interaction_terms_in_covariates_"/>
    <testcase time="0.102" classname="assert_data" name="h_assert_data_works_when_there_are_missing_values"/>
    <testcase time="0.0089999999999999" classname="assert_data" name="h_assert_data_fails_if_a_variable_is_missing"/>
    <testcase time="0.00700000000000012" classname="assert_data" name="h_assert_data_fails_if_a_variable_is_missing"/>
    <testcase time="0.00499999999999989" classname="assert_data" name="h_assert_data_fails_if_a_variable_is_missing"/>
    <testcase time="0.0179999999999998" classname="assert_data" name="h_assert_data_fails_if_a_variable_is_not_included_in_data_"/>
    <testcase time="0.0180000000000002" classname="assert_data" name="h_assert_data_fails_if_a_variable_is_not_included_in_data_"/>
    <testcase time="0.00700000000000012" classname="assert_data" name="h_assert_data_fails_if_a_variable_is_not_included_in_data_"/>
    <testcase time="0.00800000000000001" classname="assert_data" name="h_assert_data_fails_if_a_variable_is_not_included_in_data_"/>
  </testsuite>
  <testsuite name="fit_mmrm" timestamp="2024-04-29T16:20:07Z" hostname="1b49f2c4bded" tests="40" skipped="0" failures="0" errors="0" time="3.591">
    <testcase time="0.0679999999999996" classname="fit_mmrm" name="h_get_diagnostics_works_as_expected"/>
    <testcase time="0.317" classname="fit_mmrm" name="fit_mmrm_works_with_parallelization"/>
    <testcase time="0.188" classname="fit_mmrm" name="fit_mmrm_can_specify_multiple_optimizers_to_try"/>
    <testcase time="0.00299999999999967" classname="fit_mmrm" name="fit_mmrm_can_specify_multiple_optimizers_to_try"/>
    <testcase time="0.284" classname="fit_mmrm" name="fit_mmrm_can_specify_adjustment_method"/>
    <testcase time="0.00199999999999978" classname="fit_mmrm" name="fit_mmrm_can_specify_adjustment_method"/>
    <testcase time="0.00300000000000011" classname="fit_mmrm" name="fit_mmrm_can_specify_adjustment_method"/>
    <testcase time="0.168" classname="fit_mmrm" name="fit_mmrm_works_with_character_ID_variable"/>
    <testcase time="0.185" classname="fit_mmrm" name="fit_mmrm_works_with_character_ID_variable"/>
    <testcase time="0.198" classname="fit_mmrm" name="fit_mmrm_works_with_unstructured_covariance_matrix_and_produces_same_results_as_SAS"/>
    <testcase time="0.0179999999999998" classname="fit_mmrm" name="fit_mmrm_works_with_unstructured_covariance_matrix_and_produces_same_results_as_SAS"/>
    <testcase time="0.004" classname="fit_mmrm" name="fit_mmrm_works_with_unstructured_covariance_matrix_and_produces_same_results_as_SAS"/>
    <testcase time="0.004" classname="fit_mmrm" name="fit_mmrm_works_with_unstructured_covariance_matrix_and_produces_same_results_as_SAS"/>
    <testcase time="0.00700000000000012" classname="fit_mmrm" name="fit_mmrm_works_with_unstructured_covariance_matrix_and_produces_same_results_as_SAS"/>
    <testcase time="0.0190000000000001" classname="fit_mmrm" name="fit_mmrm_works_with_unstructured_covariance_matrix_and_produces_same_results_as_SAS"/>
    <testcase time="0.00299999999999967" classname="fit_mmrm" name="fit_mmrm_works_with_unstructured_covariance_matrix_and_produces_same_results_as_SAS"/>
    <testcase time="0.00300000000000011" classname="fit_mmrm" name="fit_mmrm_works_with_unstructured_covariance_matrix_and_produces_same_results_as_SAS"/>
    <testcase time="0.00300000000000011" classname="fit_mmrm" name="fit_mmrm_works_with_unstructured_covariance_matrix_and_produces_same_results_as_SAS"/>
    <testcase time="0.00199999999999978" classname="fit_mmrm" name="fit_mmrm_works_with_unstructured_covariance_matrix_and_produces_same_results_as_SAS"/>
    <testcase time="0.171" classname="fit_mmrm" name="fit_mmrm_works_also_with_missing_data"/>
    <testcase time="0.016" classname="fit_mmrm" name="fit_mmrm_works_also_with_missing_data"/>
    <testcase time="0.00499999999999989" classname="fit_mmrm" name="fit_mmrm_works_also_with_missing_data"/>
    <testcase time="0.00300000000000011" classname="fit_mmrm" name="fit_mmrm_works_also_with_missing_data"/>
    <testcase time="0.0089999999999999" classname="fit_mmrm" name="fit_mmrm_works_also_with_missing_data"/>
    <testcase time="0.0110000000000001" classname="fit_mmrm" name="fit_mmrm_works_also_with_missing_data"/>
    <testcase time="0.004" classname="fit_mmrm" name="fit_mmrm_works_also_with_missing_data"/>
    <testcase time="0.00299999999999967" classname="fit_mmrm" name="fit_mmrm_works_also_with_missing_data"/>
    <testcase time="0.00300000000000011" classname="fit_mmrm" name="fit_mmrm_works_also_with_missing_data"/>
    <testcase time="0.00300000000000011" classname="fit_mmrm" name="fit_mmrm_works_also_with_missing_data"/>
    <testcase time="0.213" classname="fit_mmrm" name="fit_mmrm_works_also_with_rank_deficient_model_matrix"/>
    <testcase time="0.189" classname="fit_mmrm" name="fit_mmrm_works_also_with_weights"/>
    <testcase time="0.00399999999999956" classname="fit_mmrm" name="fit_mmrm_works_also_with_weights"/>
    <testcase time="0.195" classname="fit_mmrm" name="fit_mmrm_works_with_homogeneous_toeplitz_covariance_matrix"/>
    <testcase time="0.194" classname="fit_mmrm" name="fit_mmrm_works_with_heterogeneous_toeplitz_covariance_matrix"/>
    <testcase time="0.193000000000001" classname="fit_mmrm" name="fit_mmrm_works_with_homogeneous_ante_dependence_covariance_matrix"/>
    <testcase time="0.194999999999999" classname="fit_mmrm" name="fit_mmrm_works_with_heterogeneous_ante_dependence_covariance_matrix"/>
    <testcase time="0.175" classname="fit_mmrm" name="fit_mmrm_works_with_homogeneous_auto_regressive_covariance_matrix"/>
    <testcase time="0.171" classname="fit_mmrm" name="fit_mmrm_works_with_heterogeneous_auto_regressive_covariance_matrix"/>
    <testcase time="0.17" classname="fit_mmrm" name="fit_mmrm_works_with_homogeneous_compound_symmetry_covariance_matrix"/>
    <testcase time="0.185" classname="fit_mmrm" name="fit_mmrm_works_with_heterogeneous_compound_symmetry_covariance_matrix"/>
  </testsuite>
  <testsuite name="formula" timestamp="2024-04-29T16:20:10Z" hostname="1b49f2c4bded" tests="4" skipped="0" failures="0" errors="0" time="0.052">
    <testcase time="0.0289999999999999" classname="formula" name="build_formula_gives_error_message_if_incorrect_covariance_structure_is_given"/>
    <testcase time="0.00800000000000001" classname="formula" name="build_formula_builds_the_correct_formula"/>
    <testcase time="0.00800000000000001" classname="formula" name="build_formula_builds_the_correct_formula_with_no_arm_variable_given"/>
    <testcase time="0.00699999999999967" classname="formula" name="build_formula_builds_the_correct_formula_with_no_covariates_given"/>
  </testsuite>
  <testsuite name="g_mmrm" timestamp="2024-04-29T16:20:10Z" hostname="1b49f2c4bded" tests="16" skipped="16" failures="0" errors="0" time="2.585">
    <testcase time="0.38" classname="g_mmrm" name="g_mmrm_diagnostic_works_well_with_defaults">
      <skipped message="Reason: On CI ('test-g_mmrm.R:29:3')"/>
    </testcase>
    <testcase time="0.0380000000000003" classname="g_mmrm" name="g_mmrm_diagnostic_works_well_for_Q_Q_residuals_plot">
      <skipped message="Reason: On CI ('test-g_mmrm.R:36:3')"/>
    </testcase>
    <testcase time="0.0410000000000004" classname="g_mmrm" name="g_mmrm_diagnostic_works_well_for_Q_Q_residuals_plot_with_z_threshold">
      <skipped message="Reason: On CI ('test-g_mmrm.R:43:3')"/>
    </testcase>
    <testcase time="0.199999999999999" classname="g_mmrm" name="g_mmrm_diagnostic_works_well_for_Q_Q_residuals_plot_with_weights">
      <skipped message="Reason: On CI ('test-g_mmrm.R:67:3')"/>
    </testcase>
    <testcase time="0.0449999999999999" classname="g_mmrm" name="g_mmrm_lsmeans_works_well_with_default_arguments">
      <skipped message="Reason: On CI ('test-g_mmrm.R:76:3')"/>
    </testcase>
    <testcase time="0.0170000000000003" classname="g_mmrm" name="g_mmrm_lsmeans_can_select_estimates_only">
      <skipped message="Reason: On CI ('test-g_mmrm.R:83:3')"/>
    </testcase>
    <testcase time="0.0209999999999999" classname="g_mmrm" name="g_mmrm_lsmeans_can_select_contrasts_only">
      <skipped message="Reason: On CI ('test-g_mmrm.R:90:3')"/>
    </testcase>
    <testcase time="0.0229999999999997" classname="g_mmrm" name="g_mmrm_lsmeans_works_well_with_constant_baseline_added">
      <skipped message="Reason: On CI ('test-g_mmrm.R:97:3')"/>
    </testcase>
    <testcase time="0.0220000000000002" classname="g_mmrm" name="g_mmrm_lsmeans_works_well_with_lines_added">
      <skipped message="Reason: On CI ('test-g_mmrm.R:104:3')"/>
    </testcase>
    <testcase time="0.0230000000000006" classname="g_mmrm" name="g_mmrm_lsmeans_works_well_with_multiple_customizations">
      <skipped message="Reason: On CI ('test-g_mmrm.R:120:3')"/>
    </testcase>
    <testcase time="0.0169999999999995" classname="g_mmrm" name="g_mmrm_lsmeans_works_well_with_constant_baseline_and_no_arms">
      <skipped message="Reason: On CI ('test-g_mmrm.R:127:3')"/>
    </testcase>
    <testcase time="0.383" classname="g_mmrm" name="g_mmrm_lsmeans_plots_stats_table_for_estimates_as_expected">
      <skipped message="Reason: On CI ('test-g_mmrm.R:138:3')"/>
    </testcase>
    <testcase time="0.418" classname="g_mmrm" name="g_mmrm_lsmeans_plots_estimates_stats_table_with_custom_settings">
      <skipped message="Reason: On CI ('test-g_mmrm.R:163:3')"/>
    </testcase>
    <testcase time="0.438" classname="g_mmrm" name="g_mmrm_lsmeans_plots_estimates_stats_table_also_without_arms">
      <skipped message="Reason: On CI ('test-g_mmrm.R:174:3')"/>
    </testcase>
    <testcase time="0.285" classname="g_mmrm" name="g_mmrm_lsmeans_plots_estimates_stats_table_also_with_constant_baseline">
      <skipped message="Reason: On CI ('test-g_mmrm.R:187:3')"/>
    </testcase>
    <testcase time="0.234" classname="g_mmrm" name="g_mmrm_lsmeans_plots_estimates_stats_table_also_with_constant_baseline_and_without_arms">
      <skipped message="Reason: On CI ('test-g_mmrm.R:200:3')"/>
    </testcase>
  </testsuite>
  <testsuite name="labels" timestamp="2024-04-29T16:20:13Z" hostname="1b49f2c4bded" tests="10" skipped="0" failures="0" errors="0" time="0.051">
    <testcase time="0.0150000000000006" classname="labels" name="h_is_specified_works_as_expected"/>
    <testcase time="0.00300000000000011" classname="labels" name="h_is_specified_works_as_expected"/>
    <testcase time="0.00199999999999889" classname="labels" name="h_is_specified_works_as_expected"/>
    <testcase time="0.00200000000000067" classname="labels" name="h_is_specified_works_as_expected"/>
    <testcase time="0.00500000000000078" classname="labels" name="h_is_specified_and_in_data_works_as_expected"/>
    <testcase time="0.00599999999999845" classname="labels" name="h_check_and_get_label_works_as_expected"/>
    <testcase time="0.00500000000000078" classname="labels" name="h_labels_works_as_expected"/>
    <testcase time="0.00500000000000078" classname="labels" name="h_labels_works_if_covariates_is_empty_vector"/>
    <testcase time="0.00199999999999889" classname="labels" name="h_labels_works_if_covariates_is_empty_vector"/>
    <testcase time="0.00600000000000023" classname="labels" name="h_labels_works_as_expected_also_with_weights"/>
  </testsuite>
  <testsuite name="lsmeans" timestamp="2024-04-29T16:20:13Z" hostname="1b49f2c4bded" tests="49" skipped="6" failures="0" errors="0" time="1.6">
    <testcase time="0.0700000000000003" classname="lsmeans" name="h_get_emmeans_res_works_as_expected"/>
    <testcase time="0.00199999999999889" classname="lsmeans" name="h_get_emmeans_res_works_as_expected"/>
    <testcase time="0.00100000000000122" classname="lsmeans" name="h_get_emmeans_res_works_as_expected"/>
    <testcase time="0.000999999999999446" classname="lsmeans" name="h_get_emmeans_res_works_as_expected"/>
    <testcase time="0.00200000000000067" classname="lsmeans" name="h_get_emmeans_res_works_as_expected"/>
    <testcase time="0.00300000000000011" classname="lsmeans" name="h_get_emmeans_res_works_as_expected"/>
    <testcase time="0.016" classname="lsmeans" name="h_get_emmeans_res_works_as_expected"/>
    <testcase time="0.0779999999999994" classname="lsmeans" name="h_get_emmeans_res_works_as_expected_without_arm_variable"/>
    <testcase time="0.00200000000000067" classname="lsmeans" name="h_get_emmeans_res_works_as_expected_without_arm_variable"/>
    <testcase time="0.000999999999999446" classname="lsmeans" name="h_get_emmeans_res_works_as_expected_without_arm_variable"/>
    <testcase time="0.000999999999999446" classname="lsmeans" name="h_get_emmeans_res_works_as_expected_without_arm_variable"/>
    <testcase time="0.00200000000000067" classname="lsmeans" name="h_get_emmeans_res_works_as_expected_without_arm_variable"/>
    <testcase time="0.00300000000000011" classname="lsmeans" name="h_get_emmeans_res_works_as_expected_without_arm_variable"/>
    <testcase time="0.0869999999999997" classname="lsmeans" name="h_get_average_visit_specs_works_as_expected"/>
    <testcase time="0.00399999999999956" classname="lsmeans" name="h_get_average_visit_specs_works_as_expected"/>
    <testcase time="0.0839999999999996" classname="lsmeans" name="h_get_average_visit_specs_gives_error_if_not_all_visits_are_correct"/>
    <testcase time="0.0790000000000006" classname="lsmeans" name="h_get_average_visit_specs_works_as_expected_without_arm"/>
    <testcase time="0.00399999999999956" classname="lsmeans" name="h_get_average_visit_specs_works_as_expected_without_arm"/>
    <testcase time="0.00500000000000078" classname="lsmeans" name="h_get_average_visit_specs_uses_number_of_patients_with_any_of_the_averaged_visits_as_n">
      <skipped message="Reason: On CI ('test-lsmeans.R:178:3')"/>
    </testcase>
    <testcase time="0.0960000000000001" classname="lsmeans" name="h_get_spec_visit_estimates_works_as_expected"/>
    <testcase time="0.0109999999999992" classname="lsmeans" name="h_get_spec_visit_estimates_works_as_expected"/>
    <testcase time="0.0899999999999999" classname="lsmeans" name="h_get_spec_visit_estimates_produces_test_results_optionally"/>
    <testcase time="0.0129999999999999" classname="lsmeans" name="h_get_spec_visit_estimates_produces_test_results_optionally"/>
    <testcase time="0.0830000000000002" classname="lsmeans" name="h_get_spec_visit_estimates_works_without_arm"/>
    <testcase time="0.016" classname="lsmeans" name="h_get_spec_visit_estimates_works_without_arm">
      <skipped message="Reason: On CRAN ('test-lsmeans.R:300:3')"/>
    </testcase>
    <testcase time="0.112" classname="lsmeans" name="h_get_single_visit_estimates_works_as_expected"/>
    <testcase time="0.00399999999999956" classname="lsmeans" name="h_get_single_visit_estimates_works_as_expected">
      <skipped message="Reason: On CRAN ('test-lsmeans.R:311:3')"/>
    </testcase>
    <testcase time="0.0950000000000006" classname="lsmeans" name="h_get_single_visit_estimates_works_without_arm"/>
    <testcase time="0.00399999999999956" classname="lsmeans" name="h_get_single_visit_estimates_works_without_arm">
      <skipped message="Reason: On CRAN ('test-lsmeans.R:320:3')"/>
    </testcase>
    <testcase time="0.100000000000001" classname="lsmeans" name="h_get_relative_reduc_df_works_as_expected"/>
    <testcase time="0.00399999999999956" classname="lsmeans" name="h_get_relative_reduc_df_works_as_expected">
      <skipped message="Reason: On CRAN ('test-lsmeans.R:335:3')"/>
    </testcase>
    <testcase time="0.0939999999999994" classname="lsmeans" name="h_single_visit_contrast_specs_works_as_expected"/>
    <testcase time="0.00399999999999956" classname="lsmeans" name="h_single_visit_contrast_specs_works_as_expected"/>
    <testcase time="0.0790000000000006" classname="lsmeans" name="h_average_visit_contrast_specs_works_as_expected"/>
    <testcase time="0.00399999999999956" classname="lsmeans" name="h_average_visit_contrast_specs_works_as_expected"/>
    <testcase time="0.00699999999999967" classname="lsmeans" name="h_average_visit_contrast_specs_works_also_for_3_arms_and_many_visits"/>
    <testcase time="0.00400000000000134" classname="lsmeans" name="h_average_visit_contrast_specs_works_also_for_3_arms_and_many_visits"/>
    <testcase time="0.125999999999999" classname="lsmeans" name="get_mmrm_lsmeans_can_calculate_the_LS_mean_results"/>
    <testcase time="0.00200000000000067" classname="lsmeans" name="get_mmrm_lsmeans_can_calculate_the_LS_mean_results"/>
    <testcase time="0.00199999999999889" classname="lsmeans" name="get_mmrm_lsmeans_can_calculate_the_LS_mean_results"/>
    <testcase time="0.00100000000000122" classname="lsmeans" name="get_mmrm_lsmeans_can_calculate_the_LS_mean_results"/>
    <testcase time="0.00399999999999956" classname="lsmeans" name="get_mmrm_lsmeans_can_calculate_the_LS_mean_results"/>
    <testcase time="0.00399999999999956" classname="lsmeans" name="get_mmrm_lsmeans_can_calculate_the_LS_mean_results"/>
    <testcase time="0.0950000000000006" classname="lsmeans" name="get_mmrm_lsmeans_preserves_combined_arm_levels."/>
    <testcase time="0.00399999999999956" classname="lsmeans" name="get_mmrm_lsmeans_preserves_combined_arm_levels."/>
    <testcase time="0.0899999999999999" classname="lsmeans" name="get_mmrm_lsmeans_works_without_arm"/>
    <testcase time="0.00200000000000067" classname="lsmeans" name="get_mmrm_lsmeans_works_without_arm"/>
    <testcase time="0.000999999999999446" classname="lsmeans" name="get_mmrm_lsmeans_works_without_arm"/>
    <testcase time="0.00399999999999956" classname="lsmeans" name="get_mmrm_lsmeans_works_without_arm">
      <skipped message="Reason: On CRAN ('test-lsmeans.R:648:3')"/>
    </testcase>
  </testsuite>
  <testsuite name="subgroups" timestamp="2024-04-29T16:20:15Z" hostname="1b49f2c4bded" tests="11" skipped="6" failures="0" errors="0" time="3.504">
    <testcase time="0.246" classname="subgroups" name="h_mmrm_subgroup_df_works_as_expected_for_overall_group"/>
    <testcase time="0.016" classname="subgroups" name="h_mmrm_subgroup_df_works_as_expected_for_subgroup_when_fit_did_not_converge"/>
    <testcase time="0.725999999999999" classname="subgroups" name="extract_mmrm_subgroups_works_as_expected">
      <skipped message="Reason: On CRAN ('test-subgroups.R:110:3')"/>
    </testcase>
    <testcase time="0.0220000000000002" classname="subgroups" name="extract_mmrm_subgroups_works_as_expected_without_subgroup_variables">
      <skipped message="Reason: On CRAN ('test-subgroups.R:118:3')"/>
    </testcase>
    <testcase time="0.341000000000001" classname="subgroups" name="extract_mmrm_subgroups_works_as_expected_with_groups_lists">
      <skipped message="Reason: On CRAN ('test-subgroups.R:131:3')"/>
    </testcase>
    <testcase time="0.530999999999999" classname="subgroups" name="extract_mmrm_subgroups_works_when_model_does_not_work_for_some_subgroups"/>
    <testcase time="0.00400000000000134" classname="subgroups" name="extract_mmrm_subgroups_works_when_model_does_not_work_for_some_subgroups">
      <skipped message="Reason: On CRAN ('test-subgroups.R:140:3')"/>
    </testcase>
    <testcase time="0.0179999999999989" classname="subgroups" name="a_mmrm_subgroups_works_as_expected"/>
    <testcase time="0.00100000000000122" classname="subgroups" name="a_mmrm_subgroups_works_as_expected"/>
    <testcase time="1.158" classname="subgroups" name="tabulate_mmrm_subgroups_works_as_expected">
      <skipped message="Reason: On CRAN ('test-subgroups.R:163:3')"/>
    </testcase>
    <testcase time="0.441000000000001" classname="subgroups" name="tabulate_mmrm_subgroups_with_custom_settings_works_as_expected">
      <skipped message="Reason: On CRAN ('test-subgroups.R:196:3')"/>
    </testcase>
  </testsuite>
  <testsuite name="table_mmrmt01" timestamp="2024-04-29T16:20:18Z" hostname="1b49f2c4bded" tests="4" skipped="4" failures="0" errors="0" time="0.827">
    <testcase time="0.524999999999999" classname="table_mmrmt01" name="LS_means_table_is_produced_correctly">
      <skipped message="Reason: On CRAN ('test-table_mmrmt01.R:41:3')"/>
    </testcase>
    <testcase time="0.192" classname="table_mmrmt01" name="Fixed_effects_table_is_produced_correctly">
      <skipped message="Reason: On CRAN ('test-table_mmrmt01.R:46:3')"/>
    </testcase>
    <testcase time="0.0530000000000008" classname="table_mmrmt01" name="Covariance_matrix_table_is_produced_correctly">
      <skipped message="Reason: On CRAN ('test-table_mmrmt01.R:51:3')"/>
    </testcase>
    <testcase time="0.0570000000000004" classname="table_mmrmt01" name="Model_diagnostics_table_is_produced_correctly">
      <skipped message="Reason: On CRAN ('test-table_mmrmt01.R:56:3')"/>
    </testcase>
  </testsuite>
  <testsuite name="tabulate_mmrm" timestamp="2024-04-29T16:20:19Z" hostname="1b49f2c4bded" tests="36" skipped="6" failures="0" errors="0" time="2.839">
    <testcase time="0.248999999999999" classname="tabulate_mmrm" name="h_mmrm_fixed_works_as_expected"/>
    <testcase time="0.0920000000000005" classname="tabulate_mmrm" name="h_mmrm_fixed_works_as_expected">
      <skipped message="Reason: On CRAN ('test-tabulate_mmrm.R:262:3')"/>
    </testcase>
    <testcase time="0.161999999999999" classname="tabulate_mmrm" name="h_mmrm_cov_works_as_expected"/>
    <testcase time="0.048" classname="tabulate_mmrm" name="h_mmrm_cov_works_as_expected">
      <skipped message="Reason: On CRAN ('test-tabulate_mmrm.R:268:3')"/>
    </testcase>
    <testcase time="0.177000000000001" classname="tabulate_mmrm" name="h_mmrm_diagnostic_works_as_expected"/>
    <testcase time="0.0199999999999996" classname="tabulate_mmrm" name="h_mmrm_diagnostic_works_as_expected">
      <skipped message="Reason: On CRAN ('test-tabulate_mmrm.R:274:3')"/>
    </testcase>
    <testcase time="0.151" classname="tabulate_mmrm" name="tidy.mmrm_works_as_expected"/>
    <testcase time="0.000999999999999446" classname="tabulate_mmrm" name="tidy.mmrm_works_as_expected"/>
    <testcase time="0.0899999999999999" classname="tabulate_mmrm" name="tidy.mmrm_works_as_expected_when_treatment_is_not_considered_in_the_model"/>
    <testcase time="0.00200000000000067" classname="tabulate_mmrm" name="tidy.mmrm_works_as_expected_when_treatment_is_not_considered_in_the_model"/>
    <testcase time="0.164" classname="tabulate_mmrm" name="s_mmrm_lsmeans_works_as_expected_when_not_in_reference_column"/>
    <testcase time="0.00100000000000122" classname="tabulate_mmrm" name="s_mmrm_lsmeans_works_as_expected_when_not_in_reference_column"/>
    <testcase time="0.00399999999999956" classname="tabulate_mmrm" name="s_mmrm_lsmeans_works_as_expected_when_not_in_reference_column"/>
    <testcase time="0.00199999999999889" classname="tabulate_mmrm" name="s_mmrm_lsmeans_works_as_expected_when_not_in_reference_column"/>
    <testcase time="0.00100000000000122" classname="tabulate_mmrm" name="s_mmrm_lsmeans_works_as_expected_when_not_in_reference_column"/>
    <testcase time="0.00300000000000011" classname="tabulate_mmrm" name="s_mmrm_lsmeans_works_as_expected_when_not_in_reference_column"/>
    <testcase time="0.00199999999999889" classname="tabulate_mmrm" name="s_mmrm_lsmeans_works_as_expected_when_not_in_reference_column"/>
    <testcase time="0.00100000000000122" classname="tabulate_mmrm" name="s_mmrm_lsmeans_works_as_expected_when_not_in_reference_column"/>
    <testcase time="0.00399999999999956" classname="tabulate_mmrm" name="s_mmrm_lsmeans_works_as_expected_when_not_in_reference_column"/>
    <testcase time="0.000999999999999446" classname="tabulate_mmrm" name="s_mmrm_lsmeans_works_as_expected_when_not_in_reference_column"/>
    <testcase time="0.00300000000000011" classname="tabulate_mmrm" name="s_mmrm_lsmeans_works_as_expected_when_not_in_reference_column"/>
    <testcase time="0.00200000000000067" classname="tabulate_mmrm" name="s_mmrm_lsmeans_works_as_expected_when_not_in_reference_column"/>
    <testcase time="0.135" classname="tabulate_mmrm" name="s_mmrm_lsmeans_works_as_expected_when_in_reference_column"/>
    <testcase time="0.00199999999999889" classname="tabulate_mmrm" name="s_mmrm_lsmeans_works_as_expected_when_in_reference_column"/>
    <testcase time="0.00300000000000011" classname="tabulate_mmrm" name="s_mmrm_lsmeans_works_as_expected_when_in_reference_column"/>
    <testcase time="0.000999999999999446" classname="tabulate_mmrm" name="s_mmrm_lsmeans_works_as_expected_when_in_reference_column"/>
    <testcase time="0.000999999999999446" classname="tabulate_mmrm" name="s_mmrm_lsmeans_works_as_expected_when_in_reference_column"/>
    <testcase time="0.00400000000000134" classname="tabulate_mmrm" name="s_mmrm_lsmeans_works_as_expected_when_in_reference_column"/>
    <testcase time="0.00300000000000011" classname="tabulate_mmrm" name="s_mmrm_lsmeans_works_as_expected_when_in_reference_column"/>
    <testcase time="0.00399999999999956" classname="tabulate_mmrm" name="s_mmrm_lsmeans_works_as_expected_when_in_reference_column"/>
    <testcase time="0.00300000000000011" classname="tabulate_mmrm" name="s_mmrm_lsmeans_works_as_expected_when_in_reference_column"/>
    <testcase time="0.00399999999999956" classname="tabulate_mmrm" name="s_mmrm_lsmeans_works_as_expected_when_in_reference_column"/>
    <testcase time="0.0950000000000006" classname="tabulate_mmrm" name="s_mmrm_lsmeans_single_works_as_expected"/>
    <testcase time="0.504999999999999" classname="tabulate_mmrm" name="summarize_lsmeans_works_as_expected">
      <skipped message="Reason: On CRAN ('test-tabulate_mmrm.R:376:3')"/>
    </testcase>
    <testcase time="0.274000000000001" classname="tabulate_mmrm" name="summarize_lsmeans_works_as_expected_when_treatment_is_not_considered_in_the_model">
      <skipped message="Reason: On CRAN ('test-tabulate_mmrm.R:393:3')"/>
    </testcase>
    <testcase time="0.625" classname="tabulate_mmrm" name="summarize_lsmeans_works_with_averages_of_visits_as_expected">
      <skipped message="Reason: On CRAN ('test-tabulate_mmrm.R:435:3')"/>
    </testcase>
  </testsuite>
  <testsuite name="utils" timestamp="2024-04-29T16:20:22Z" hostname="1b49f2c4bded" tests="5" skipped="0" failures="0" errors="0" time="0.027">
    <testcase time="0.0169999999999995" classname="utils" name="h_get_covariate_parts_works_as_expected"/>
    <testcase time="0.00199999999999889" classname="utils" name="h_get_covariate_parts_works_as_expected"/>
    <testcase time="0.00300000000000011" classname="utils" name="h_get_covariate_parts_works_as_expected"/>
    <testcase time="0.00200000000000244" classname="utils" name="h_get_covariate_parts_works_as_expected"/>
    <testcase time="0.00300000000000011" classname="utils" name="h_get_covariate_parts_works_as_expected"/>
  </testsuite>
  <testsuite name="covariance_plot" timestamp="2024-04-29T16:20:22Z" hostname="1b49f2c4bded" tests="13" skipped="3" failures="0" errors="0" time="0.151">
    <testcase time="0.0069999999999979" classname="covariance_plot" name="h_get_timepoint_vars_works_in_simple_example"/>
    <testcase time="0.00199999999999889" classname="covariance_plot" name="h_get_timepoint_vars_works_in_simple_example"/>
    <testcase time="0.0700000000000003" classname="covariance_plot" name="h_get_timepoint_vars_works_as_expected_with_time_prefix_specified"/>
    <testcase time="0.00900000000000034" classname="covariance_plot" name="h_get_timepoint_vars_returns_error_when_time_prefix_not_specified"/>
    <testcase time="0.00700000000000145" classname="covariance_plot" name="h_get_timepoint_vars_works_as_expected_with_time_prefix_argument_not_needed"/>
    <testcase time="0.0069999999999979" classname="covariance_plot" name="h_vectorization_works_as_expected_with_time_prefix_specified"/>
    <testcase time="0.00600000000000023" classname="covariance_plot" name="h_vectorization_works_as_expected_when_time_prefix_not_specified"/>
    <testcase time="0.00800000000000267" classname="covariance_plot" name="g_covariance_works_as_expected_as_expected_with_defaults"/>
    <testcase time="0.000999999999997669" classname="covariance_plot" name="g_covariance_works_as_expected_as_expected_with_defaults">
      <skipped message="Reason: On CI ('test_covariance_plot.R:108:3')"/>
    </testcase>
    <testcase time="0.0160000000000018" classname="covariance_plot" name="g_covariance_works_as_expected_as_expected_with_time_prefix_specified"/>
    <testcase time="0.000999999999997669" classname="covariance_plot" name="g_covariance_works_as_expected_as_expected_with_time_prefix_specified">
      <skipped message="Reason: On CI ('test_covariance_plot.R:123:3')"/>
    </testcase>
    <testcase time="0.0160000000000018" classname="covariance_plot" name="g_covariance_works_as_expected_as_expected_with_time_difference"/>
    <testcase time="0.00100000000000122" classname="covariance_plot" name="g_covariance_works_as_expected_as_expected_with_time_difference">
      <skipped message="Reason: On CI ('test_covariance_plot.R:138:3')"/>
    </testcase>
  </testsuite>
</testsuites>
