<?xml version="1.0" encoding="UTF-8"?>
<testsuites>
  <testsuite name="assert_data" timestamp="2025-07-04T23:14:35Z" hostname="4cbc2d28ae5e" tests="31" skipped="0" failures="0" errors="0" time="0.457">
    <testcase time="0.0129999999999999" classname="assert_data" name="h_assert_one_rec_pt_visit_passes_as_expected_if_data_is_ok"/>
    <testcase time="0.038" classname="assert_data" name="h_assert_one_rec_pt_visit_fails_as_expected_if_data_is_wrong"/>
    <testcase time="0.0069999999999999" classname="assert_data" name="h_assert_one_rec_pt_visit_fails_as_expected_if_data_is_wrong"/>
    <testcase time="0.0130000000000001" classname="assert_data" name="h_assert_one_rec_pt_visit_works_with_just_one_patient_and_one_visit"/>
    <testcase time="0.00600000000000001" classname="assert_data" name="h_assert_rsp_var_works_as_expected"/>
    <testcase time="0.00600000000000001" classname="assert_data" name="h_assert_rsp_var_works_as_expected"/>
    <testcase time="0.00600000000000001" classname="assert_data" name="h_assert_rsp_var_works_as_expected"/>
    <testcase time="0.00600000000000001" classname="assert_data" name="h_assert_visit_var_works_as_expected"/>
    <testcase time="0.00600000000000001" classname="assert_data" name="h_assert_visit_var_works_as_expected"/>
    <testcase time="0.00600000000000001" classname="assert_data" name="h_assert_visit_var_works_as_expected"/>
    <testcase time="0.00600000000000023" classname="assert_data" name="h_assert_id_var_works_as_expected"/>
    <testcase time="0.00199999999999978" classname="assert_data" name="h_assert_id_var_works_as_expected"/>
    <testcase time="0.00600000000000023" classname="assert_data" name="h_assert_id_var_works_as_expected"/>
    <testcase time="0.00599999999999978" classname="assert_data" name="h_assert_id_var_works_as_expected"/>
    <testcase time="0.00600000000000023" classname="assert_data" name="h_assert_weights_var_works_as_expected"/>
    <testcase time="0.00599999999999978" classname="assert_data" name="h_assert_weights_var_works_as_expected"/>
    <testcase time="0.00600000000000023" classname="assert_data" name="h_assert_weights_var_works_as_expected"/>
    <testcase time="0.00499999999999989" classname="assert_data" name="h_assert_weights_var_works_as_expected"/>
    <testcase time="0.00800000000000001" classname="assert_data" name="h_assert_data_passes_as_expected"/>
    <testcase time="0.0189999999999997" classname="assert_data" name="h_assert_data_does_not_look_at_rows_with_incomplete_regressors_for_checking_duplicates"/>
    <testcase time="0.0340000000000003" classname="assert_data" name="h_assert_data_fails_when_less_than_5_rows_in_complete_data_set_without_arm"/>
    <testcase time="0.0169999999999999" classname="assert_data" name="h_assert_data_fails_when_less_than_5_rows_in_complete_data_set_per_arm"/>
    <testcase time="0.0859999999999999" classname="assert_data" name="h_assert_data_works_with_interaction_terms_in_covariates_"/>
    <testcase time="0.0870000000000002" classname="assert_data" name="h_assert_data_works_when_there_are_missing_values"/>
    <testcase time="0.00800000000000001" classname="assert_data" name="h_assert_data_fails_if_a_variable_is_missing"/>
    <testcase time="0.00600000000000023" classname="assert_data" name="h_assert_data_fails_if_a_variable_is_missing"/>
    <testcase time="0.00399999999999956" classname="assert_data" name="h_assert_data_fails_if_a_variable_is_missing"/>
    <testcase time="0.0150000000000001" classname="assert_data" name="h_assert_data_fails_if_a_variable_is_not_included_in_data_"/>
    <testcase time="0.00800000000000001" classname="assert_data" name="h_assert_data_fails_if_a_variable_is_not_included_in_data_"/>
    <testcase time="0.00700000000000012" classname="assert_data" name="h_assert_data_fails_if_a_variable_is_not_included_in_data_"/>
    <testcase time="0.00800000000000001" classname="assert_data" name="h_assert_data_fails_if_a_variable_is_not_included_in_data_"/>
  </testsuite>
  <testsuite name="fit_mmrm" timestamp="2025-07-04T23:14:36Z" hostname="4cbc2d28ae5e" tests="40" skipped="0" failures="0" errors="0" time="3.405">
    <testcase time="0.0640000000000001" classname="fit_mmrm" name="h_get_diagnostics_works_as_expected"/>
    <testcase time="0.256" classname="fit_mmrm" name="fit_mmrm_works_with_parallelization"/>
    <testcase time="0.198" classname="fit_mmrm" name="fit_mmrm_can_specify_multiple_optimizers_to_try"/>
    <testcase time="0.00300000000000011" classname="fit_mmrm" name="fit_mmrm_can_specify_multiple_optimizers_to_try"/>
    <testcase time="0.255" classname="fit_mmrm" name="fit_mmrm_can_specify_adjustment_method"/>
    <testcase time="0.00300000000000011" classname="fit_mmrm" name="fit_mmrm_can_specify_adjustment_method"/>
    <testcase time="0.00300000000000011" classname="fit_mmrm" name="fit_mmrm_can_specify_adjustment_method"/>
    <testcase time="0.169" classname="fit_mmrm" name="fit_mmrm_works_with_character_ID_variable"/>
    <testcase time="0.163" classname="fit_mmrm" name="fit_mmrm_works_with_character_ID_variable"/>
    <testcase time="0.185" classname="fit_mmrm" name="fit_mmrm_works_with_unstructured_covariance_matrix_and_produces_same_results_as_SAS"/>
    <testcase time="0.0129999999999999" classname="fit_mmrm" name="fit_mmrm_works_with_unstructured_covariance_matrix_and_produces_same_results_as_SAS"/>
    <testcase time="0.00300000000000011" classname="fit_mmrm" name="fit_mmrm_works_with_unstructured_covariance_matrix_and_produces_same_results_as_SAS"/>
    <testcase time="0.00300000000000011" classname="fit_mmrm" name="fit_mmrm_works_with_unstructured_covariance_matrix_and_produces_same_results_as_SAS"/>
    <testcase time="0.00599999999999978" classname="fit_mmrm" name="fit_mmrm_works_with_unstructured_covariance_matrix_and_produces_same_results_as_SAS"/>
    <testcase time="0.0150000000000001" classname="fit_mmrm" name="fit_mmrm_works_with_unstructured_covariance_matrix_and_produces_same_results_as_SAS"/>
    <testcase time="0.004" classname="fit_mmrm" name="fit_mmrm_works_with_unstructured_covariance_matrix_and_produces_same_results_as_SAS"/>
    <testcase time="0.00200000000000022" classname="fit_mmrm" name="fit_mmrm_works_with_unstructured_covariance_matrix_and_produces_same_results_as_SAS"/>
    <testcase time="0.00299999999999967" classname="fit_mmrm" name="fit_mmrm_works_with_unstructured_covariance_matrix_and_produces_same_results_as_SAS"/>
    <testcase time="0.00300000000000011" classname="fit_mmrm" name="fit_mmrm_works_with_unstructured_covariance_matrix_and_produces_same_results_as_SAS"/>
    <testcase time="0.172" classname="fit_mmrm" name="fit_mmrm_works_also_with_missing_data"/>
    <testcase time="0.0129999999999999" classname="fit_mmrm" name="fit_mmrm_works_also_with_missing_data"/>
    <testcase time="0.00300000000000011" classname="fit_mmrm" name="fit_mmrm_works_also_with_missing_data"/>
    <testcase time="0.00299999999999967" classname="fit_mmrm" name="fit_mmrm_works_also_with_missing_data"/>
    <testcase time="0.00700000000000012" classname="fit_mmrm" name="fit_mmrm_works_also_with_missing_data"/>
    <testcase time="0.0089999999999999" classname="fit_mmrm" name="fit_mmrm_works_also_with_missing_data"/>
    <testcase time="0.00300000000000011" classname="fit_mmrm" name="fit_mmrm_works_also_with_missing_data"/>
    <testcase time="0.00700000000000012" classname="fit_mmrm" name="fit_mmrm_works_also_with_missing_data"/>
    <testcase time="0.00300000000000011" classname="fit_mmrm" name="fit_mmrm_works_also_with_missing_data"/>
    <testcase time="0.00299999999999967" classname="fit_mmrm" name="fit_mmrm_works_also_with_missing_data"/>
    <testcase time="0.2" classname="fit_mmrm" name="fit_mmrm_works_also_with_rank_deficient_model_matrix"/>
    <testcase time="0.181" classname="fit_mmrm" name="fit_mmrm_works_also_with_weights"/>
    <testcase time="0.00300000000000011" classname="fit_mmrm" name="fit_mmrm_works_also_with_weights"/>
    <testcase time="0.178" classname="fit_mmrm" name="fit_mmrm_works_with_homogeneous_toeplitz_covariance_matrix"/>
    <testcase time="0.181" classname="fit_mmrm" name="fit_mmrm_works_with_heterogeneous_toeplitz_covariance_matrix"/>
    <testcase time="0.18" classname="fit_mmrm" name="fit_mmrm_works_with_homogeneous_ante_dependence_covariance_matrix"/>
    <testcase time="0.178" classname="fit_mmrm" name="fit_mmrm_works_with_heterogeneous_ante_dependence_covariance_matrix"/>
    <testcase time="0.171" classname="fit_mmrm" name="fit_mmrm_works_with_homogeneous_auto_regressive_covariance_matrix"/>
    <testcase time="0.199" classname="fit_mmrm" name="fit_mmrm_works_with_heterogeneous_auto_regressive_covariance_matrix"/>
    <testcase time="0.18" classname="fit_mmrm" name="fit_mmrm_works_with_homogeneous_compound_symmetry_covariance_matrix"/>
    <testcase time="0.180000000000001" classname="fit_mmrm" name="fit_mmrm_works_with_heterogeneous_compound_symmetry_covariance_matrix"/>
  </testsuite>
  <testsuite name="formula" timestamp="2025-07-04T23:14:39Z" hostname="4cbc2d28ae5e" tests="4" skipped="0" failures="0" errors="0" time="0.039">
    <testcase time="0.0199999999999996" classname="formula" name="build_formula_gives_error_message_if_incorrect_covariance_structure_is_given"/>
    <testcase time="0.00700000000000056" classname="formula" name="build_formula_builds_the_correct_formula"/>
    <testcase time="0.00599999999999934" classname="formula" name="build_formula_builds_the_correct_formula_with_no_arm_variable_given"/>
    <testcase time="0.00600000000000023" classname="formula" name="build_formula_builds_the_correct_formula_with_no_covariates_given"/>
  </testsuite>
  <testsuite name="g_mmrm" timestamp="2025-07-04T23:14:40Z" hostname="4cbc2d28ae5e" tests="36" skipped="16" failures="0" errors="0" time="2.15">
    <testcase time="0.345" classname="g_mmrm" name="g_mmrm_diagnostic_works_well_with_defaults"/>
    <testcase time="0.00700000000000056" classname="g_mmrm" name="g_mmrm_diagnostic_works_well_with_defaults">
      <skipped message="Reason: On CI ('test-g_mmrm.R:30:3')"/>
    </testcase>
    <testcase time="0.0339999999999998" classname="g_mmrm" name="g_mmrm_diagnostic_works_well_for_Q_Q_residuals_plot"/>
    <testcase time="0.00199999999999978" classname="g_mmrm" name="g_mmrm_diagnostic_works_well_for_Q_Q_residuals_plot">
      <skipped message="Reason: On CI ('test-g_mmrm.R:38:3')"/>
    </testcase>
    <testcase time="0.0390000000000006" classname="g_mmrm" name="g_mmrm_diagnostic_works_well_for_Q_Q_residuals_plot_with_z_threshold"/>
    <testcase time="0.00199999999999978" classname="g_mmrm" name="g_mmrm_diagnostic_works_well_for_Q_Q_residuals_plot_with_z_threshold">
      <skipped message="Reason: On CI ('test-g_mmrm.R:46:3')"/>
    </testcase>
    <testcase time="0.202" classname="g_mmrm" name="g_mmrm_diagnostic_works_well_for_Q_Q_residuals_plot_with_weights"/>
    <testcase time="0.000999999999999446" classname="g_mmrm" name="g_mmrm_diagnostic_works_well_for_Q_Q_residuals_plot_with_weights">
      <skipped message="Reason: On CI ('test-g_mmrm.R:70:3')"/>
    </testcase>
    <testcase time="0.0440000000000005" classname="g_mmrm" name="g_mmrm_lsmeans_works_well_with_default_arguments"/>
    <testcase time="0.00100000000000033" classname="g_mmrm" name="g_mmrm_lsmeans_works_well_with_default_arguments"/>
    <testcase time="0.00199999999999978" classname="g_mmrm" name="g_mmrm_lsmeans_works_well_with_default_arguments">
      <skipped message="Reason: On CI ('test-g_mmrm.R:85:3')"/>
    </testcase>
    <testcase time="0.0739999999999998" classname="g_mmrm" name="g_mmrm_lsmeans_can_select_estimates_only"/>
    <testcase time="0.00300000000000011" classname="g_mmrm" name="g_mmrm_lsmeans_can_select_estimates_only">
      <skipped message="Reason: On CI ('test-g_mmrm.R:93:3')"/>
    </testcase>
    <testcase time="0.0449999999999999" classname="g_mmrm" name="g_mmrm_lsmeans_can_select_contrasts_only"/>
    <testcase time="0.00199999999999978" classname="g_mmrm" name="g_mmrm_lsmeans_can_select_contrasts_only"/>
    <testcase time="0.00100000000000033" classname="g_mmrm" name="g_mmrm_lsmeans_can_select_contrasts_only">
      <skipped message="Reason: On CI ('test-g_mmrm.R:106:3')"/>
    </testcase>
    <testcase time="0.0389999999999997" classname="g_mmrm" name="g_mmrm_lsmeans_works_well_with_constant_baseline_added"/>
    <testcase time="0.00100000000000033" classname="g_mmrm" name="g_mmrm_lsmeans_works_well_with_constant_baseline_added"/>
    <testcase time="0.00199999999999978" classname="g_mmrm" name="g_mmrm_lsmeans_works_well_with_constant_baseline_added">
      <skipped message="Reason: On CI ('test-g_mmrm.R:119:3')"/>
    </testcase>
    <testcase time="0.0369999999999999" classname="g_mmrm" name="g_mmrm_lsmeans_works_well_with_lines_added"/>
    <testcase time="0.00100000000000033" classname="g_mmrm" name="g_mmrm_lsmeans_works_well_with_lines_added"/>
    <testcase time="0.00199999999999978" classname="g_mmrm" name="g_mmrm_lsmeans_works_well_with_lines_added">
      <skipped message="Reason: On CI ('test-g_mmrm.R:132:3')"/>
    </testcase>
    <testcase time="0.0259999999999998" classname="g_mmrm" name="g_mmrm_lsmeans_works_well_with_multiple_customizations"/>
    <testcase time="0.00199999999999978" classname="g_mmrm" name="g_mmrm_lsmeans_works_well_with_multiple_customizations">
      <skipped message="Reason: On CI ('test-g_mmrm.R:151:3')"/>
    </testcase>
    <testcase time="0.0250000000000004" classname="g_mmrm" name="g_mmrm_lsmeans_works_well_with_constant_baseline_and_no_arms"/>
    <testcase time="0.00199999999999978" classname="g_mmrm" name="g_mmrm_lsmeans_works_well_with_constant_baseline_and_no_arms">
      <skipped message="Reason: On CI ('test-g_mmrm.R:158:3')"/>
    </testcase>
    <testcase time="0.294" classname="g_mmrm" name="g_mmrm_lsmeans_plots_stats_table_for_estimates_as_expected"/>
    <testcase time="0.00199999999999978" classname="g_mmrm" name="g_mmrm_lsmeans_plots_stats_table_for_estimates_as_expected">
      <skipped message="Reason: On CI ('test-g_mmrm.R:171:3')"/>
    </testcase>
    <testcase time="0.363" classname="g_mmrm" name="g_mmrm_lsmeans_plots_estimates_stats_table_with_custom_settings"/>
    <testcase time="0.00199999999999978" classname="g_mmrm" name="g_mmrm_lsmeans_plots_estimates_stats_table_with_custom_settings">
      <skipped message="Reason: On CI ('test-g_mmrm.R:198:3')"/>
    </testcase>
    <testcase time="0.161" classname="g_mmrm" name="g_mmrm_lsmeans_plots_estimates_stats_table_also_without_arms"/>
    <testcase time="0.00100000000000033" classname="g_mmrm" name="g_mmrm_lsmeans_plots_estimates_stats_table_also_without_arms">
      <skipped message="Reason: On CI ('test-g_mmrm.R:211:3')"/>
    </testcase>
    <testcase time="0.22" classname="g_mmrm" name="g_mmrm_lsmeans_plots_estimates_stats_table_also_with_constant_baseline"/>
    <testcase time="0.00100000000000033" classname="g_mmrm" name="g_mmrm_lsmeans_plots_estimates_stats_table_also_with_constant_baseline">
      <skipped message="Reason: On CI ('test-g_mmrm.R:226:3')"/>
    </testcase>
    <testcase time="0.162999999999999" classname="g_mmrm" name="g_mmrm_lsmeans_plots_estimates_stats_table_also_with_constant_baseline_and_without_arms"/>
    <testcase time="0.00200000000000067" classname="g_mmrm" name="g_mmrm_lsmeans_plots_estimates_stats_table_also_with_constant_baseline_and_without_arms">
      <skipped message="Reason: On CI ('test-g_mmrm.R:241:3')"/>
    </testcase>
  </testsuite>
  <testsuite name="labels" timestamp="2025-07-04T23:14:41Z" hostname="4cbc2d28ae5e" tests="10" skipped="0" failures="0" errors="0" time="0.06">
    <testcase time="0.0179999999999998" classname="labels" name="h_is_specified_works_as_expected"/>
    <testcase time="0.00300000000000011" classname="labels" name="h_is_specified_works_as_expected"/>
    <testcase time="0.00199999999999978" classname="labels" name="h_is_specified_works_as_expected"/>
    <testcase time="0.00300000000000011" classname="labels" name="h_is_specified_works_as_expected"/>
    <testcase time="0.00600000000000023" classname="labels" name="h_is_specified_and_in_data_works_as_expected"/>
    <testcase time="0.00699999999999967" classname="labels" name="h_check_and_get_label_works_as_expected"/>
    <testcase time="0.00600000000000023" classname="labels" name="h_labels_works_as_expected"/>
    <testcase time="0.00499999999999989" classname="labels" name="h_labels_works_if_covariates_is_empty_vector"/>
    <testcase time="0.00300000000000011" classname="labels" name="h_labels_works_if_covariates_is_empty_vector"/>
    <testcase time="0.00699999999999967" classname="labels" name="h_labels_works_as_expected_also_with_weights"/>
  </testsuite>
  <testsuite name="lsmeans" timestamp="2025-07-04T23:14:41Z" hostname="4cbc2d28ae5e" tests="50" skipped="1" failures="0" errors="0" time="1.429">
    <testcase time="0.0679999999999996" classname="lsmeans" name="h_get_emmeans_res_works_as_expected"/>
    <testcase time="0.00100000000000122" classname="lsmeans" name="h_get_emmeans_res_works_as_expected"/>
    <testcase time="0.000999999999999446" classname="lsmeans" name="h_get_emmeans_res_works_as_expected"/>
    <testcase time="0.000999999999999446" classname="lsmeans" name="h_get_emmeans_res_works_as_expected"/>
    <testcase time="0.00600000000000023" classname="lsmeans" name="h_get_emmeans_res_works_as_expected"/>
    <testcase time="0.00399999999999956" classname="lsmeans" name="h_get_emmeans_res_works_as_expected"/>
    <testcase time="0.016" classname="lsmeans" name="h_get_emmeans_res_works_as_expected"/>
    <testcase time="0.0700000000000003" classname="lsmeans" name="h_get_emmeans_res_works_as_expected_without_arm_variable"/>
    <testcase time="0.00100000000000122" classname="lsmeans" name="h_get_emmeans_res_works_as_expected_without_arm_variable"/>
    <testcase time="0.000999999999999446" classname="lsmeans" name="h_get_emmeans_res_works_as_expected_without_arm_variable"/>
    <testcase time="0.000999999999999446" classname="lsmeans" name="h_get_emmeans_res_works_as_expected_without_arm_variable"/>
    <testcase time="0.00200000000000067" classname="lsmeans" name="h_get_emmeans_res_works_as_expected_without_arm_variable"/>
    <testcase time="0.00300000000000011" classname="lsmeans" name="h_get_emmeans_res_works_as_expected_without_arm_variable"/>
    <testcase time="0.0640000000000001" classname="lsmeans" name="h_get_average_visit_specs_works_as_expected"/>
    <testcase time="0.00300000000000011" classname="lsmeans" name="h_get_average_visit_specs_works_as_expected"/>
    <testcase time="0.0649999999999995" classname="lsmeans" name="h_get_average_visit_specs_gives_error_if_not_all_visits_are_correct"/>
    <testcase time="0.0670000000000002" classname="lsmeans" name="h_get_average_visit_specs_works_as_expected_without_arm"/>
    <testcase time="0.00300000000000011" classname="lsmeans" name="h_get_average_visit_specs_works_as_expected_without_arm"/>
    <testcase time="0.00399999999999956" classname="lsmeans" name="h_get_average_visit_specs_uses_number_of_patients_with_any_of_the_averaged_visits_as_n">
      <skipped message="Reason: On CI ('test-lsmeans.R:178:3')"/>
    </testcase>
    <testcase time="0.0760000000000005" classname="lsmeans" name="h_get_spec_visit_estimates_works_as_expected"/>
    <testcase time="0.0179999999999989" classname="lsmeans" name="h_get_spec_visit_estimates_works_as_expected"/>
    <testcase time="0.072000000000001" classname="lsmeans" name="h_get_spec_visit_estimates_produces_test_results_optionally"/>
    <testcase time="0.0120000000000005" classname="lsmeans" name="h_get_spec_visit_estimates_produces_test_results_optionally"/>
    <testcase time="0.0709999999999997" classname="lsmeans" name="h_get_spec_visit_estimates_works_without_arm"/>
    <testcase time="0.0340000000000007" classname="lsmeans" name="h_get_spec_visit_estimates_works_without_arm"/>
    <testcase time="0.0689999999999991" classname="lsmeans" name="h_get_single_visit_estimates_works_as_expected"/>
    <testcase time="0.0510000000000002" classname="lsmeans" name="h_get_single_visit_estimates_works_as_expected"/>
    <testcase time="0.0719999999999992" classname="lsmeans" name="h_get_single_visit_estimates_works_without_arm"/>
    <testcase time="0.0260000000000016" classname="lsmeans" name="h_get_single_visit_estimates_works_without_arm"/>
    <testcase time="0.0689999999999991" classname="lsmeans" name="h_get_relative_reduc_df_works_as_expected"/>
    <testcase time="0.0229999999999997" classname="lsmeans" name="h_get_relative_reduc_df_works_as_expected"/>
    <testcase time="0.0620000000000012" classname="lsmeans" name="h_single_visit_contrast_specs_works_as_expected"/>
    <testcase time="0.00300000000000011" classname="lsmeans" name="h_single_visit_contrast_specs_works_as_expected"/>
    <testcase time="0.0729999999999986" classname="lsmeans" name="h_average_visit_contrast_specs_works_as_expected"/>
    <testcase time="0.00300000000000011" classname="lsmeans" name="h_average_visit_contrast_specs_works_as_expected"/>
    <testcase time="0.00600000000000023" classname="lsmeans" name="h_average_visit_contrast_specs_works_also_for_3_arms_and_many_visits"/>
    <testcase time="0.00300000000000011" classname="lsmeans" name="h_average_visit_contrast_specs_works_also_for_3_arms_and_many_visits"/>
    <testcase time="0.093" classname="lsmeans" name="get_mmrm_lsmeans_can_calculate_the_LS_mean_results"/>
    <testcase time="0.00200000000000067" classname="lsmeans" name="get_mmrm_lsmeans_can_calculate_the_LS_mean_results"/>
    <testcase time="0.000999999999999446" classname="lsmeans" name="get_mmrm_lsmeans_can_calculate_the_LS_mean_results"/>
    <testcase time="0.000999999999999446" classname="lsmeans" name="get_mmrm_lsmeans_can_calculate_the_LS_mean_results"/>
    <testcase time="0.00300000000000011" classname="lsmeans" name="get_mmrm_lsmeans_can_calculate_the_LS_mean_results"/>
    <testcase time="0.00300000000000011" classname="lsmeans" name="get_mmrm_lsmeans_can_calculate_the_LS_mean_results"/>
    <testcase time="0.0800000000000001" classname="lsmeans" name="get_mmrm_lsmeans_preserves_combined_arm_levels."/>
    <testcase time="0.00300000000000011" classname="lsmeans" name="get_mmrm_lsmeans_preserves_combined_arm_levels."/>
    <testcase time="0.0860000000000003" classname="lsmeans" name="get_mmrm_lsmeans_works_without_arm"/>
    <testcase time="0.000999999999999446" classname="lsmeans" name="get_mmrm_lsmeans_works_without_arm"/>
    <testcase time="0.00200000000000067" classname="lsmeans" name="get_mmrm_lsmeans_works_without_arm"/>
    <testcase time="0.0269999999999992" classname="lsmeans" name="get_mmrm_lsmeans_works_without_arm"/>
    <testcase time="0.00300000000000011" classname="lsmeans" name="get_mmrm_lsmeans_works_without_arm"/>
  </testsuite>
  <testsuite name="subgroups" timestamp="2025-07-04T23:14:43Z" hostname="4cbc2d28ae5e" tests="15" skipped="2" failures="0" errors="0" time="4.649">
    <testcase time="0.216000000000001" classname="subgroups" name="h_mmrm_subgroup_df_works_as_expected_for_overall_group"/>
    <testcase time="0.0139999999999993" classname="subgroups" name="h_mmrm_subgroup_df_works_as_expected_for_subgroup_when_fit_did_not_converge"/>
    <testcase time="0.635" classname="subgroups" name="extract_mmrm_subgroups_works_as_expected"/>
    <testcase time="0.0340000000000007" classname="subgroups" name="extract_mmrm_subgroups_works_as_expected_without_subgroup_variables"/>
    <testcase time="0.347999999999999" classname="subgroups" name="extract_mmrm_subgroups_works_as_expected_with_groups_lists"/>
    <testcase time="0.529" classname="subgroups" name="extract_mmrm_subgroups_works_when_model_does_not_work_for_some_subgroups"/>
    <testcase time="0.0310000000000006" classname="subgroups" name="extract_mmrm_subgroups_works_when_model_does_not_work_for_some_subgroups"/>
    <testcase time="0.00500000000000078" classname="subgroups" name="a_mmrm_subgroups_works_as_expected"/>
    <testcase time="0.000999999999999446" classname="subgroups" name="a_mmrm_subgroups_works_as_expected"/>
    <testcase time="1.211" classname="subgroups" name="tabulate_mmrm_subgroups_works_as_expected"/>
    <testcase time="0.119999999999999" classname="subgroups" name="tabulate_mmrm_subgroups_works_as_expected"/>
    <testcase time="0.665000000000001" classname="subgroups" name="tabulate_mmrm_subgroups_works_as_expected">
      <skipped message="Reason: On CI ('test-subgroups.R:170:3')"/>
    </testcase>
    <testcase time="0.395999999999999" classname="subgroups" name="tabulate_mmrm_subgroups_with_custom_settings_works_as_expected"/>
    <testcase time="0.0590000000000011" classname="subgroups" name="tabulate_mmrm_subgroups_with_custom_settings_works_as_expected"/>
    <testcase time="0.385" classname="subgroups" name="tabulate_mmrm_subgroups_with_custom_settings_works_as_expected">
      <skipped message="Reason: On CI ('test-subgroups.R:206:3')"/>
    </testcase>
  </testsuite>
  <testsuite name="table_mmrmt01" timestamp="2025-07-04T23:14:48Z" hostname="4cbc2d28ae5e" tests="4" skipped="0" failures="0" errors="0" time="1.222">
    <testcase time="0.789999999999999" classname="table_mmrmt01" name="LS_means_table_is_produced_correctly"/>
    <testcase time="0.261000000000001" classname="table_mmrmt01" name="Fixed_effects_table_is_produced_correctly"/>
    <testcase time="0.0869999999999997" classname="table_mmrmt01" name="Covariance_matrix_table_is_produced_correctly"/>
    <testcase time="0.0839999999999996" classname="table_mmrmt01" name="Model_diagnostics_table_is_produced_correctly"/>
  </testsuite>
  <testsuite name="tabulate_mmrm" timestamp="2025-07-04T23:14:49Z" hostname="4cbc2d28ae5e" tests="36" skipped="0" failures="0" errors="0" time="2.794">
    <testcase time="0.243" classname="tabulate_mmrm" name="h_mmrm_fixed_works_as_expected"/>
    <testcase time="0.125" classname="tabulate_mmrm" name="h_mmrm_fixed_works_as_expected"/>
    <testcase time="0.143000000000001" classname="tabulate_mmrm" name="h_mmrm_cov_works_as_expected"/>
    <testcase time="0.0809999999999995" classname="tabulate_mmrm" name="h_mmrm_cov_works_as_expected"/>
    <testcase time="0.148" classname="tabulate_mmrm" name="h_mmrm_diagnostic_works_as_expected"/>
    <testcase time="0.0479999999999983" classname="tabulate_mmrm" name="h_mmrm_diagnostic_works_as_expected"/>
    <testcase time="0.121000000000002" classname="tabulate_mmrm" name="tidy.mmrm_works_as_expected"/>
    <testcase time="0.00100000000000122" classname="tabulate_mmrm" name="tidy.mmrm_works_as_expected"/>
    <testcase time="0.0739999999999981" classname="tabulate_mmrm" name="tidy.mmrm_works_as_expected_when_treatment_is_not_considered_in_the_model"/>
    <testcase time="0.00100000000000122" classname="tabulate_mmrm" name="tidy.mmrm_works_as_expected_when_treatment_is_not_considered_in_the_model"/>
    <testcase time="0.119999999999997" classname="tabulate_mmrm" name="s_mmrm_lsmeans_works_as_expected_when_not_in_reference_column"/>
    <testcase time="0.00200000000000244" classname="tabulate_mmrm" name="s_mmrm_lsmeans_works_as_expected_when_not_in_reference_column"/>
    <testcase time="0.00300000000000011" classname="tabulate_mmrm" name="s_mmrm_lsmeans_works_as_expected_when_not_in_reference_column"/>
    <testcase time="0.000999999999997669" classname="tabulate_mmrm" name="s_mmrm_lsmeans_works_as_expected_when_not_in_reference_column"/>
    <testcase time="0.00100000000000122" classname="tabulate_mmrm" name="s_mmrm_lsmeans_works_as_expected_when_not_in_reference_column"/>
    <testcase time="0.00300000000000011" classname="tabulate_mmrm" name="s_mmrm_lsmeans_works_as_expected_when_not_in_reference_column"/>
    <testcase time="0.00100000000000122" classname="tabulate_mmrm" name="s_mmrm_lsmeans_works_as_expected_when_not_in_reference_column"/>
    <testcase time="0.000999999999997669" classname="tabulate_mmrm" name="s_mmrm_lsmeans_works_as_expected_when_not_in_reference_column"/>
    <testcase time="0.00300000000000011" classname="tabulate_mmrm" name="s_mmrm_lsmeans_works_as_expected_when_not_in_reference_column"/>
    <testcase time="0.00100000000000122" classname="tabulate_mmrm" name="s_mmrm_lsmeans_works_as_expected_when_not_in_reference_column"/>
    <testcase time="0.00300000000000011" classname="tabulate_mmrm" name="s_mmrm_lsmeans_works_as_expected_when_not_in_reference_column"/>
    <testcase time="0.00100000000000122" classname="tabulate_mmrm" name="s_mmrm_lsmeans_works_as_expected_when_not_in_reference_column"/>
    <testcase time="0.116999999999997" classname="tabulate_mmrm" name="s_mmrm_lsmeans_works_as_expected_when_in_reference_column"/>
    <testcase time="0.00100000000000122" classname="tabulate_mmrm" name="s_mmrm_lsmeans_works_as_expected_when_in_reference_column"/>
    <testcase time="0.00300000000000011" classname="tabulate_mmrm" name="s_mmrm_lsmeans_works_as_expected_when_in_reference_column"/>
    <testcase time="0.00100000000000122" classname="tabulate_mmrm" name="s_mmrm_lsmeans_works_as_expected_when_in_reference_column"/>
    <testcase time="0.00199999999999889" classname="tabulate_mmrm" name="s_mmrm_lsmeans_works_as_expected_when_in_reference_column"/>
    <testcase time="0.0069999999999979" classname="tabulate_mmrm" name="s_mmrm_lsmeans_works_as_expected_when_in_reference_column"/>
    <testcase time="0.00300000000000011" classname="tabulate_mmrm" name="s_mmrm_lsmeans_works_as_expected_when_in_reference_column"/>
    <testcase time="0.00200000000000244" classname="tabulate_mmrm" name="s_mmrm_lsmeans_works_as_expected_when_in_reference_column"/>
    <testcase time="0.00200000000000244" classname="tabulate_mmrm" name="s_mmrm_lsmeans_works_as_expected_when_in_reference_column"/>
    <testcase time="0.00300000000000011" classname="tabulate_mmrm" name="s_mmrm_lsmeans_works_as_expected_when_in_reference_column"/>
    <testcase time="0.0779999999999994" classname="tabulate_mmrm" name="s_mmrm_lsmeans_single_works_as_expected"/>
    <testcase time="0.507999999999999" classname="tabulate_mmrm" name="summarize_lsmeans_works_as_expected"/>
    <testcase time="0.257999999999999" classname="tabulate_mmrm" name="summarize_lsmeans_works_as_expected_when_treatment_is_not_considered_in_the_model"/>
    <testcase time="0.684000000000001" classname="tabulate_mmrm" name="summarize_lsmeans_works_with_averages_of_visits_as_expected"/>
  </testsuite>
  <testsuite name="utils" timestamp="2025-07-04T23:14:52Z" hostname="4cbc2d28ae5e" tests="5" skipped="0" failures="0" errors="0" time="0.02">
    <testcase time="0.00900000000000034" classname="utils" name="h_get_covariate_parts_works_as_expected"/>
    <testcase time="0.00300000000000011" classname="utils" name="h_get_covariate_parts_works_as_expected"/>
    <testcase time="0.00300000000000011" classname="utils" name="h_get_covariate_parts_works_as_expected"/>
    <testcase time="0.00199999999999889" classname="utils" name="h_get_covariate_parts_works_as_expected"/>
    <testcase time="0.00300000000000011" classname="utils" name="h_get_covariate_parts_works_as_expected"/>
  </testsuite>
  <testsuite name="covariance_plot" timestamp="2025-07-04T23:14:52Z" hostname="4cbc2d28ae5e" tests="13" skipped="3" failures="0" errors="0" time="0.182">
    <testcase time="0.00799999999999912" classname="covariance_plot" name="h_get_timepoint_vars_works_in_simple_example"/>
    <testcase time="0.00300000000000011" classname="covariance_plot" name="h_get_timepoint_vars_works_in_simple_example"/>
    <testcase time="0.0869999999999997" classname="covariance_plot" name="h_get_timepoint_vars_works_as_expected_with_time_prefix_specified"/>
    <testcase time="0.0100000000000016" classname="covariance_plot" name="h_get_timepoint_vars_returns_error_when_time_prefix_not_specified"/>
    <testcase time="0.00900000000000034" classname="covariance_plot" name="h_get_timepoint_vars_works_as_expected_with_time_prefix_argument_not_needed"/>
    <testcase time="0.00700000000000145" classname="covariance_plot" name="h_vectorization_works_as_expected_with_time_prefix_specified"/>
    <testcase time="0.0069999999999979" classname="covariance_plot" name="h_vectorization_works_as_expected_when_time_prefix_not_specified"/>
    <testcase time="0.00900000000000034" classname="covariance_plot" name="g_covariance_works_as_expected_as_expected_with_defaults"/>
    <testcase time="0.00199999999999889" classname="covariance_plot" name="g_covariance_works_as_expected_as_expected_with_defaults">
      <skipped message="Reason: On CI ('test_covariance_plot.R:109:3')"/>
    </testcase>
    <testcase time="0.0180000000000007" classname="covariance_plot" name="g_covariance_works_as_expected_as_expected_with_time_prefix_specified"/>
    <testcase time="0.00199999999999889" classname="covariance_plot" name="g_covariance_works_as_expected_as_expected_with_time_prefix_specified">
      <skipped message="Reason: On CI ('test_covariance_plot.R:125:3')"/>
    </testcase>
    <testcase time="0.0180000000000007" classname="covariance_plot" name="g_covariance_works_as_expected_as_expected_with_time_difference"/>
    <testcase time="0.00200000000000244" classname="covariance_plot" name="g_covariance_works_as_expected_as_expected_with_time_difference">
      <skipped message="Reason: On CI ('test_covariance_plot.R:141:3')"/>
    </testcase>
  </testsuite>
</testsuites>
