<?xml version="1.0" encoding="UTF-8"?>
<testsuites>
  <testsuite name="assert_data" timestamp="2023-11-07T14:05:00Z" hostname="b2c7abd4a126" tests="31" skipped="0" failures="0" errors="0" time="0.884">
    <testcase time="0.0219999999999998" classname="assert_data" name="h_assert_one_rec_pt_visit_passes_as_expected_if_data_is_ok"/>
    <testcase time="0.247" classname="assert_data" name="h_assert_one_rec_pt_visit_fails_as_expected_if_data_is_wrong"/>
    <testcase time="0.00900000000000034" classname="assert_data" name="h_assert_one_rec_pt_visit_fails_as_expected_if_data_is_wrong"/>
    <testcase time="0.0199999999999996" classname="assert_data" name="h_assert_one_rec_pt_visit_works_with_just_one_patient_and_one_visit"/>
    <testcase time="0.0100000000000002" classname="assert_data" name="h_assert_rsp_var_works_as_expected"/>
    <testcase time="0.00800000000000001" classname="assert_data" name="h_assert_rsp_var_works_as_expected"/>
    <testcase time="0.00800000000000001" classname="assert_data" name="h_assert_rsp_var_works_as_expected"/>
    <testcase time="0.00999999999999979" classname="assert_data" name="h_assert_visit_var_works_as_expected"/>
    <testcase time="0.00800000000000001" classname="assert_data" name="h_assert_visit_var_works_as_expected"/>
    <testcase time="0.00800000000000001" classname="assert_data" name="h_assert_visit_var_works_as_expected"/>
    <testcase time="0.0100000000000002" classname="assert_data" name="h_assert_id_var_works_as_expected"/>
    <testcase time="0.00300000000000011" classname="assert_data" name="h_assert_id_var_works_as_expected"/>
    <testcase time="0.00800000000000001" classname="assert_data" name="h_assert_id_var_works_as_expected"/>
    <testcase time="0.0089999999999999" classname="assert_data" name="h_assert_id_var_works_as_expected"/>
    <testcase time="0.012" classname="assert_data" name="h_assert_weights_var_works_as_expected"/>
    <testcase time="0.00999999999999979" classname="assert_data" name="h_assert_weights_var_works_as_expected"/>
    <testcase time="0.0100000000000002" classname="assert_data" name="h_assert_weights_var_works_as_expected"/>
    <testcase time="0.0089999999999999" classname="assert_data" name="h_assert_weights_var_works_as_expected"/>
    <testcase time="0.016" classname="assert_data" name="h_assert_data_passes_as_expected"/>
    <testcase time="0.02" classname="assert_data" name="h_assert_data_does_not_look_at_rows_with_incomplete_regressors_for_checking_duplicates"/>
    <testcase time="0.0209999999999999" classname="assert_data" name="h_assert_data_fails_when_less_than_5_rows_in_complete_data_set_without_arm"/>
    <testcase time="0.0220000000000002" classname="assert_data" name="h_assert_data_fails_when_less_than_5_rows_in_complete_data_set_per_arm"/>
    <testcase time="0.147" classname="assert_data" name="h_assert_data_works_with_interaction_terms_in_covariates_"/>
    <testcase time="0.132" classname="assert_data" name="h_assert_data_works_when_there_are_missing_values"/>
    <testcase time="0.0140000000000002" classname="assert_data" name="h_assert_data_fails_if_a_variable_is_missing"/>
    <testcase time="0.00999999999999979" classname="assert_data" name="h_assert_data_fails_if_a_variable_is_missing"/>
    <testcase time="0.00700000000000012" classname="assert_data" name="h_assert_data_fails_if_a_variable_is_missing"/>
    <testcase time="0.0289999999999999" classname="assert_data" name="h_assert_data_fails_if_a_variable_is_not_included_in_data_"/>
    <testcase time="0.0150000000000001" classname="assert_data" name="h_assert_data_fails_if_a_variable_is_not_included_in_data_"/>
    <testcase time="0.0149999999999997" classname="assert_data" name="h_assert_data_fails_if_a_variable_is_not_included_in_data_"/>
    <testcase time="0.0150000000000001" classname="assert_data" name="h_assert_data_fails_if_a_variable_is_not_included_in_data_"/>
  </testsuite>
  <testsuite name="fit_mmrm" timestamp="2023-11-07T14:05:01Z" hostname="b2c7abd4a126" tests="40" skipped="0" failures="2" errors="0" time="5.318">
    <testcase time="0.108" classname="fit_mmrm" name="h_get_diagnostics_works_as_expected"/>
    <testcase time="0.433" classname="fit_mmrm" name="fit_mmrm_works_with_parallelization">
      <failure type="failure" message="`... &lt;- NULL` produced messages. ('test-fit_mmrm.R:26:3')">`... &lt;- NULL` produced messages.</failure>
    </testcase>
    <testcase time="0.301" classname="fit_mmrm" name="fit_mmrm_can_specify_multiple_optimizers_to_try"/>
    <testcase time="0.00499999999999989" classname="fit_mmrm" name="fit_mmrm_can_specify_multiple_optimizers_to_try"/>
    <testcase time="0.355" classname="fit_mmrm" name="fit_mmrm_can_specify_adjustment_method"/>
    <testcase time="0.00499999999999989" classname="fit_mmrm" name="fit_mmrm_can_specify_adjustment_method"/>
    <testcase time="0.00499999999999989" classname="fit_mmrm" name="fit_mmrm_can_specify_adjustment_method"/>
    <testcase time="0.217" classname="fit_mmrm" name="fit_mmrm_works_with_character_ID_variable"/>
    <testcase time="0.234" classname="fit_mmrm" name="fit_mmrm_works_with_character_ID_variable"/>
    <testcase time="0.24" classname="fit_mmrm" name="fit_mmrm_works_with_unstructured_covariance_matrix_and_produces_same_results_as_SAS"/>
    <testcase time="0.0209999999999999" classname="fit_mmrm" name="fit_mmrm_works_with_unstructured_covariance_matrix_and_produces_same_results_as_SAS"/>
    <testcase time="0.00600000000000023" classname="fit_mmrm" name="fit_mmrm_works_with_unstructured_covariance_matrix_and_produces_same_results_as_SAS"/>
    <testcase time="0.00499999999999989" classname="fit_mmrm" name="fit_mmrm_works_with_unstructured_covariance_matrix_and_produces_same_results_as_SAS"/>
    <testcase time="0.00999999999999979" classname="fit_mmrm" name="fit_mmrm_works_with_unstructured_covariance_matrix_and_produces_same_results_as_SAS"/>
    <testcase time="0.032" classname="fit_mmrm" name="fit_mmrm_works_with_unstructured_covariance_matrix_and_produces_same_results_as_SAS"/>
    <testcase time="0.00600000000000023" classname="fit_mmrm" name="fit_mmrm_works_with_unstructured_covariance_matrix_and_produces_same_results_as_SAS"/>
    <testcase time="0.00499999999999989" classname="fit_mmrm" name="fit_mmrm_works_with_unstructured_covariance_matrix_and_produces_same_results_as_SAS"/>
    <testcase time="0.00600000000000023" classname="fit_mmrm" name="fit_mmrm_works_with_unstructured_covariance_matrix_and_produces_same_results_as_SAS"/>
    <testcase time="0.00499999999999989" classname="fit_mmrm" name="fit_mmrm_works_with_unstructured_covariance_matrix_and_produces_same_results_as_SAS"/>
    <testcase time="0.227" classname="fit_mmrm" name="fit_mmrm_works_also_with_missing_data"/>
    <testcase time="0.0189999999999992" classname="fit_mmrm" name="fit_mmrm_works_also_with_missing_data"/>
    <testcase time="0.00700000000000056" classname="fit_mmrm" name="fit_mmrm_works_also_with_missing_data"/>
    <testcase time="0.00499999999999989" classname="fit_mmrm" name="fit_mmrm_works_also_with_missing_data"/>
    <testcase time="0.0119999999999996" classname="fit_mmrm" name="fit_mmrm_works_also_with_missing_data"/>
    <testcase time="0.0130000000000008" classname="fit_mmrm" name="fit_mmrm_works_also_with_missing_data"/>
    <testcase time="0.00599999999999934" classname="fit_mmrm" name="fit_mmrm_works_also_with_missing_data"/>
    <testcase time="0.00499999999999989" classname="fit_mmrm" name="fit_mmrm_works_also_with_missing_data"/>
    <testcase time="0.00600000000000023" classname="fit_mmrm" name="fit_mmrm_works_also_with_missing_data"/>
    <testcase time="0.00600000000000023" classname="fit_mmrm" name="fit_mmrm_works_also_with_missing_data"/>
    <testcase time="0.288" classname="fit_mmrm" name="fit_mmrm_works_also_with_rank_deficient_model_matrix"/>
    <testcase time="0.249" classname="fit_mmrm" name="fit_mmrm_works_also_with_weights"/>
    <testcase time="0.569" classname="fit_mmrm" name="fit_mmrm_works_also_with_weights">
      <failure type="failure" message="mmrm_results$fit$weights (`actual`) not equal to dat$w (`expected`). ('test-fit_mmrm.R:457:3')">mmrm_results$fit$weights (`actual`) not equal to dat$w (`expected`).

     actual             | expected               
                        - 0.793809629838645  [1] 
 [1] 1.05610578412302   | 1.05610578412302   [2] 
                        - 0.406371186570936  [3] 
 [2] 0.738959790976924  | 0.738959790976924  [4] 
                        - 1.68943822923143   [5] 
 [3] 0.839238109715948  | 0.839238109715948  [6] 
 [4] 0.0720149153511307 | 0.0720149153511307 [7] 
 [5] 0.930067425380331  | 0.930067425380331  [8] 
                        - 0.843657169318729  [9] 
 [6] 0.509208273397106  | 0.509208273397106  [10]
                        - 0.610442538238541  [11]
 [7] 0.0811127441584971 | 0.0811127441584971 [12]
 [8] 1.00380849966048   | 1.00380849966048   [13]
 [9] 1.40325013131847   | 1.40325013131847   [14]
                        - 0.145829037065304  [15]
[10] 0.944259913446381  | 0.944259913446381  [16]
[11] 0.353200822002145  | 0.353200822002145  [17]
                        - 0.141794828244595  [18]
[12] 1.06056574216839   | 1.06056574216839   [19]
[13] 0.937287687927878  | 0.937287687927878  [20]
                        - 0.51941220924379   [21]
                        - 0.86390075953176   [22]
[14] 2.9367956790065    | 2.9367956790065    [23]
                        - 0.193553502393576  [24]
[15] 0.230316807236032  | 0.230316807236032  [25]
[16] 0.82571050345742   | 0.82571050345742   [26]
                        - 0.0558508541923932 [27]
[17] 0.263144571700205  | 0.263144571700205  [28]
[18] 0.603043961894279  | 0.603043961894279  [29]
[19] 0.29842989988308   | 0.29842989988308   [30]

     actual             | expected               
[21] 0.595338034328091  | 0.595338034328091  [32]
[22] 2.40795546029292   | 2.40795546029292   [33]
[23] 0.419271752137655  | 0.419271752137655  [34]
                        - 0.861796389329804  [35]
[24] 2.20666940416038   | 2.20666940416038   [36]
                        - 2.95970748933306   [37]
                        - 0.446369289709706  [38]
[25] 0.182070341429525  | 0.182070341429525  [39]
                        - 0.0882240912715786 [40]
[26] 0.653665847442461  | 0.653665847442461  [41]
[27] 0.0928593736635221 | 0.0928593736635221 [42]
[28] 0.150160385311228  | 0.150160385311228  [43]

     actual             | expected               
[30] 0.528695539563674  | 0.528695539563674  [45]
[31] 0.353002038781375  | 0.353002038781375  [46]
[32] 1.42479659585629   | 1.42479659585629   [47]
                        - 0.175955453501379  [48]
                        - 2.57829951438651   [49]
                        - 0.273266270319723  [50]
[33] 1.17925587622513   | 1.17925587622513   [51]
[34] 0.450346989250216  | 0.450346989250216  [52]
                        - 3.32065817210854   [53]
                        - 0.411576555231353  [54]
[35] 1.04302735263427   | 1.04302735263427   [55]
                        - 0.661768113055601  [56]
                        - 1.30066601507752   [57]
                        - 0.577131435481458  [58]
[36] 0.763819968705648  | 0.763819968705648  [59]
[37] 0.0899559981282785 | 0.0899559981282785 [60]
                        - 0.435706203977251  [61]
[38] 0.782434522986932  | 0.782434522986932  [62]
                        - 0.38664299177358   [63]
[39] 0.658515792641706  | 0.658515792641706  [64]
[40] 0.0965574871124217 | 0.0965574871124217 [65]
                        - 0.460108362411199  [66]
                        - 0.510796324079456  [67]
[41] 0.329341569564068  | 0.329341569564068  [68]
[42] 0.618283639318466  | 0.618283639318466  [69]
[43] 1.13026831461527   | 1.13026831461527   [70]
                        - 0.349714483837703  [71]
[44] 1.11247514536184   | 1.11247514536184   [72]
[45] 3.69370030642441   | 3.69370030642441   [73]
[46] 1.73307175680426   | 1.73307175680426   [74]
[47] 0.896306554062763  | 0.896306554062763  [75]
[48] 0.824022822917635  | 0.824022822917635  [76]
                        - 0.508700475990389  [77]
[49] 0.123739245356217  | 0.123739245356217  [78]
[50] 0.124305536051697  | 0.124305536051697  [79]
                        - 8.3114096450153    [80]
                        - 0.0256755628678733 [81]
[51] 0.258427057300781  | 0.258427057300781  [82]
[52] 0.59570578333022   | 0.59570578333022   [83]
[53] 0.0640620816058028 | 0.0640620816058028 [84]

     actual            | expected              
[58] 0.823893935318471 | 0.823893935318471 [89]
[59] 0.122482098221044 | 0.122482098221044 [90]
[60] 1.20550650275145  | 1.20550650275145  [91]
                       - 0.328053823105146 [92]
[61] 0.079035064099096 | 0.079035064099096 [93]
[62] 0.813512490724046 | 0.813512490724046 [94]
[63] 1.63806779684136  | 1.63806779684136  [95]

     actual             | expected                
[71] 1.25067594791909   | 1.25067594791909   [103]
[72] 0.546215942969635  | 0.546215942969635  [104]
[73] 0.10566409350795   | 0.10566409350795   [105]
                        - 1.98989144333173   [106]
[74] 0.304325905264969  | 0.304325905264969  [107]
[75] 0.323166048191104  | 0.323166048191104  [108]
[76] 0.0252244440014202 | 0.0252244440014202 [109]

     actual              | expected                 
[79] 0.751322067496942   | 0.751322067496942   [112]
[80] 0.447747641059117   | 0.447747641059117   [113]
[81] 0.465440136449656   | 0.465440136449656   [114]
                         - 0.403306649695761   [115]
[82] 1.0368729558163     | 1.0368729558163     [116]
[83] 0.0995904819806022  | 0.0995904819806022  [117]
[84] 1.64402846964007    | 1.64402846964007    [118]
[85] 1.74947638254847    | 1.74947638254847    [119]
[86] 1.65035746754494    | 1.65035746754494    [120]
[87] 0.168403799648996   | 0.168403799648996   [121]
                         - 1.26943099028021    [122]
[88] 1.86188725966135    | 1.86188725966135    [123]
                         - 0.595008065261394   [124]
[89] 1.29125294324996    | 1.29125294324996    [125]
                         - 1.58941022317729    [126]
                         - 1.74980948874648    [127]
[90] 2.97502109416467    | 2.97502109416467    [128]
[91] 0.316590363226459   | 0.316590363226459   [129]
[92] 0.562198658726154   | 0.562198658726154   [130]
                         - 0.152979388089962   [131]
[93] 0.18744590799622    | 0.18744590799622    [132]
[94] 0.00928401291620906 | 0.00928401291620906 [133]
[95] 1.13717856809534    | 1.13717856809534    [134]

      actual              | expected                 
 [97] 0.573963353872571   | 0.573963353872571   [136]
 [98] 2.45742546584383    | 2.45742546584383    [137]
 [99] 0.165933419235266   | 0.165933419235266   [138]
                          - 0.161210763668633   [139]
[100] 1.74508223311859    | 1.74508223311859    [140]
                          - 1.77250458134845    [141]
[101] 0.439000228179782   | 0.439000228179782   [142]
                          - 2.11509702324135    [143]
[102] 0.0492094069498709  | 0.0492094069498709  [144]
[103] 0.32676862918925    | 0.32676862918925    [145]
[104] 0.256046040511467   | 0.256046040511467   [146]
[105] 1.42738340405405    | 1.42738340405405    [147]
[106] 3.70060042130341    | 3.70060042130341    [148]
[107] 0.273725460369129   | 0.273725460369129   [149]
                          - 0.100349863960403   [150]
[108] 0.183910268045252   | 0.183910268045252   [151]
                          - 1.50170420912125    [152]
[109] 0.448734735251484   | 0.448734735251484   [153]
                          - 1.99383265358098    [154]
[110] 0.383704133333431   | 0.383704133333431   [155]
[111] 0.183979697357745   | 0.183979697357745   [156]
[112] 1.63186139933501    | 1.63186139933501    [157]
[113] 1.38931478775981    | 1.38931478775981    [158]
[114] 0.474047955848859   | 0.474047955848859   [159]
                          - 1.09622913968762    [160]
                          - 1.09545435398811    [161]
[115] 0.63746513290051    | 0.63746513290051    [162]
[116] 3.01402189385764    | 3.01402189385764    [163]
[117] 2.35765378337708    | 2.35765378337708    [164]
[118] 1.32499783103281    | 1.32499783103281    [165]
                          - 0.622622085929718   [166]
                          - 1.38489053091377    [167]
[119] 0.540742605763429   | 0.540742605763429   [168]
[120] 2.52263286852137    | 2.52263286852137    [169]
[121] 0.00802973515422692 | 0.00802973515422692 [170]

      actual              | expected                 
[122] 0.487116052785574   | 0.487116052785574   [171]
[123] 0.116134077940662   | 0.116134077940662   [172]
[124] 1.49230832442018    | 1.49230832442018    [173]
[125] 1.69395019016816    - 0.00121263464834434 [174]
[126] 0.187477723570785   - 2.20212925799612    [175]
[127] 0.0658814037710153  - 1.92142392537134    [176]
[128] 0.564352279755764   - 1.69395019016816    [177]
[129] 0.146463526464956   - 0.187477723570785   [178]
[130] 1.58571635219607    - 0.0658814037710153  [179]
[131] 0.370246187709945   - 0.564352279755764   [180]
[132] 0.120416023468555   - 0.146463526464956   [181]
[133] 4.74462930430529    - 1.58571635219607    [182]
[134] 1.53286700290068    - 0.370246187709945   [183]
[135] 0.259399288249608   - 0.331405551114523   [184]
[136] 2.40964095744346    - 0.120416023468555   [185]
[137] 0.149133255662456   - 4.74462930430529    [186]
[138] 0.623576152325417   - 1.53286700290068    [187]
[139] 1.97378211700931    - 0.698844952631124   [188]
[140] 1.35906983669887    - 4.59186030231624    [189]
[141] 0.703431477312557   - 0.259399288249608   [190]
[142] 0.239721290435436   - 2.40964095744346    [191]
[143] 0.0755246905899627  - 0.113065948905838   [192]
[144] 0.936110341291234   - 0.149133255662456   [193]
[145] 0.185604381717798   - 0.623576152325417   [194]
[146] 1.12546734667956    - 1.97378211700931    [195]
[147] 0.539664394845738   - 0.4376774243284     [196]
[148] 1.24503166481981    - 1.35906983669887    [197]
[149] 3.14518904075847    - 0.703431477312557   [198]
[150] 0.602348115796282   - 0.239721290435436   [199]
[151] 2.62267498529055    - 0.726165267449522   [200]
[152] 2.02166626534967    - 0.0755246905899627  [201]
[153] 0.0072585786655596  - 0.936110341291234   [202]
[154] 2.38068304484531    - 0.718030558133335   [203]
[155] 3.12198628466671    - 0.185604381717798   [204]
[156] 0.616702564453596   - 0.184588642182444   [205]
[157] 2.42415344282909    - 1.12546734667956    [206]
[158] 0.639502419777124   - 1.32731269422062    [207]
[159] 0.888334612907736   - 0.539664394845738   [208]
[160] 1.96641834298696    - 1.24503166481981    [209]
[161] 6.85112708009846    - 3.14518904075847    [210]
[162] 0.645696457395557   - 1.84404666512287    [211]
[163] 0.229960608015503   - 0.184660926201125   [212]
[164] 0.335131634369183   - 0.0467191455063554  [213]
[165] 1.50068057221562    - 0.973831504120756   [214]
[166] 4.1727363038313     - 0.53616233647392    [215]
[167] 1.70958174737891    - 0.552460506398406   [216]
[168] 0.529573264893378   - 0.602348115796282   [217]
[169] 1.47546094822792    - 2.62267498529055    [218]
[170] 0.607672984535737   - 2.02166626534967    [219]
[171] 0.636128248527914   - 1.59678259497598    [220]
[172] 3.56618091108992    - 0.0072585786655596  [221]
[173] 0.301971529494839   - 0.2479771933571     [222]
[174] 0.0629699853510809  - 1.31726942076262    [223]
[175] 1.37862525096838    - 2.38068304484531    [224]
[176] 0.445892544319352   - 0.108069743538876   [225]
[177] 0.510860437536848   - 3.12198628466671    [226]
[178] 2.98493753654759    - 0.616702564453596   [227]
[179] 0.193023227793946   - 2.42415344282909    [228]
[180] 0.17878450051385    - 0.0571199416282187  [229]
[181] 0.312587982585702   - 0.639502419777124   [230]
[182] 0.106026058157115   - 0.888334612907736   [231]
[183] 0.904395259956328   - 0.292070212062592   [232]
[184] 0.0621008611081564  - 1.96641834298696    [233]
[185] 1.21000034707087    - 2.298451489438      [234]
[186] 0.242195059377804   - 6.85112708009846    [235]
[187] 1.91979992513411    - 0.645696457395557   [236]
[188] 0.1481672134616     - 0.229960608015503   [237]
[189] 0.130523448543937   - 0.335131634369183   [238]
[190] 2.62251790842568    - 1.50068057221562    [239]
[191] 2.50818757165131    - 4.1727363038313     [240]
[192] 0.77561322277637    - 1.70958174737891    [241]
[193] 0.35469428425824    - 0.529573264893378   [242]
[194] 5.61906590645013    - 2.72085393363538    [243]
[195] 1.05176692173066    - 1.47546094822792    [244]
[196] 3.30602642600164    - 0.132514479370983   [245]
[197] 1.3243382385443     - 0.607672984535737   [246]
[198] 0.310517310599423   - 0.73841646469845    [247]
[199] 0.269978437750283   - 0.51945602556596    [248]
[200] 0.829547607551641   - 2.31518222004218    [249]
[201] 0.411882729175384   - 0.636128248527914   [250]
[202] 0.624600708181909   - 3.56618091108992    [251]
[203] 3.70997121464574    - 0.301971529494839   [252]
[204] 1.38216777587459    - 0.0629699853510809  [253]
[205] 0.0583646002439378  - 1.37862525096838    [254]
[206] 1.5507111574145     - 1.86246305756052    [255]
[207] 1.85691223714884    - 0.445892544319352   [256]
[208] 0.0430555381427483  - 0.510860437536848   [257]
[209] 0.987546176007317   - 2.98493753654759    [258]
[210] 0.558919296191151   - 0.193023227793946   [259]
[211] 0.0641422830335904  - 0.17878450051385    [260]
[212] 1.78034346911078    - 0.312587982585702   [261]
[213] 1.16600023620543    - 0.106026058157115   [262]
[214] 0.767231227556174   - 0.904395259956328   [263]
[215] 1.9069982873428     - 0.0621008611081564  [264]
[216] 0.18619180513529    - 1.21000034707087    [265]
[217] 0.964462748827854   - 0.242195059377804   [266]
[218] 2.15430364750238    - 1.91979992513411    [267]
[219] 0.954953722630358   - 0.1481672134616     [268]
[220] 0.134499979349478   - 0.130523448543937   [269]
[221] 1.19038304041877    - 2.62251790842568    [270]
[222] 0.120162824638205   - 0.280197170675082   [271]
[223] 0.267256678415994   - 0.75464858162041    [272]
[224] 1.76405625378495    - 2.50818757165131    [273]
[225] 0.807781462745309   - 0.77561322277637    [274]
[226] 0.260507045766214   - 0.35469428425824    [275]
[227] 0.252234912364509   - 5.61906590645013    [276]
[228] 0.357108871627015   - 1.05176692173066    [277]
[229] 0.203723030492961   - 3.30602642600164    [278]
[230] 0.850339888395121   - 0.252752507098414   [279]
[231] 1.19462726549054    - 1.3243382385443     [280]
[232] 1.55368165260194    - 0.310517310599423   [281]
[233] 0.743362497382492   - 0.269978437750283   [282]
[234] 1.34554940187538    - 0.829547607551641   [283]
[235] 0.0213093798551858  - 0.411882729175384   [284]
[236] 0.84866049176661    - 0.624600708181909   [285]
[237] 0.285001225468076   - 3.70997121464574    [286]
[238] 0.507335515507984   - 1.38216777587459    [287]
[239] 0.55618346043355    - 0.825103486091014   [288]
[240] 0.296099412457905   - 0.509634158701986   [289]
[241] 3.26844380566699    - 0.260859332761994   [290]
[242] 1.38015938754248    - 0.0583646002439378  [291]
[243] 0.509797772896633   - 1.5507111574145     [292]
[244] 0.958578538922499   - 1.85691223714884    [293]
[245] 0.585760065700139   - 0.910026796404061   [294]
[246] 1.04988825020035    - 0.0430555381427483  [295]
[247] 0.686992113933077   - 0.987546176007317   [296]
[248] 1.72996901641321    - 0.161324174403174   [297]
[249] 0.273163986601903   - 0.558919296191151   [298]
[250] 1.45939929450985    - 0.0641422830335904  [299]
[251] 0.878596297165001   - 1.78034346911078    [300]
[252] 3.44262374498183    - 1.16600023620543    [301]
[253] 0.692460422429046   - 0.757756867267453   [302]
[254] 0.181222899420412   - 0.589990666983317   [303]
[255] 0.41894012797043    - 0.767231227556174   [304]
[256] 0.880487063818723   - 1.9069982873428     [305]
[257] 2.14628102963326    - 0.18619180513529    [306]
[258] 0.884040261832712   - 0.964462748827854   [307]
[259] 0.132163046807228   - 2.15430364750238    [308]
[260] 0.301356388603111   - 0.0456444990316456  [309]
[261] 0.676604088097234   - 0.954953722630358   [310]
[262] 0.893986921776957   - 0.134499979349478   [311]
[263] 0.0798135776888377  - 1.19038304041877    [312]
[264] 0.308576712874193   - 0.289844654179324   [313]
[265] 2.02962420644137    - 0.265143865699373   [314]
[266] 0.24307841032752    - 0.158116523794904   [315]
[267] 0.809492168289077   - 0.120162824638205   [316]
[268] 2.70108246221711    - 0.267256678415994   [317]
[269] 1.19864106378877    - 1.76405625378495    [318]
[270] 0.335711530548382   - 0.807781462745309   [319]
[271] 0.231148435788953   - 0.869245524878149   [320]
[272] 6.63962152520098    - 1.369996452034      [321]
[273] 1.1246273547871     - 0.260507045766214   [322]
[274] 1.63992787763456    - 0.252234912364509   [323]
[275] 1.55594033230254    - 0.357108871627015   [324]
[276] 0.0793567914143208  - 0.203723030492961   [325]
[277] 1.47326602817381    - 1.90187177958013    [326]
[278] 1.01269563176797    - 0.850339888395121   [327]
[279] 0.127293346437431   - 1.19462726549054    [328]
[280] 0.206238880651786   - 1.55368165260194    [329]
[281] 0.451761348395589   - 0.743362497382492   [330]
[282] 0.188543740938656   - 1.34554940187538    [331]
[283] 2.87550060502774    - 0.0213093798551858  [332]
[284] 0.182782297899303   - 2.40667921637576    [333]
[285] 2.74745025477167    - 1.01879159736909    [334]
[286] 0.439426786664626   - 1.08412143005851    [335]
[287] 0.0941887578477076  - 0.84866049176661    [336]
[288] 0.442704400960199   - 1.64370293288043    [337]
[289] 1.80499754892119    - 0.789581150234989   [338]
[290] 1.07318497286542    - 0.285001225468076   [339]
[291] 0.0982011497946899  - 0.507335515507984   [340]
[292] 1.86724788852817    - 0.55618346043355    [341]
[293] 0.667490749689817   - 0.296099412457905   [342]
[294] 0.447922570488041   - 3.26844380566699    [343]
[295] 0.875105690795824   - 1.38015938754248    [344]
[296] 0.211053598912162   - 0.509797772896633   [345]
[297] 2.34041600125128    - 0.607904969301982   [346]
[298] 0.390503829290348   - 0.958578538922499   [347]
[299] 0.613586638470251   - 0.19982039088354    [348]
[300] 0.877943590401159   - 0.585760065700139   [349]
[301] 0.619784147213597   - 0.803383517979788   [350]
[302] 1.70530342453615    - 1.04988825020035    [351]
[303] 0.178481743437406   - 0.686992113933077   [352]
[304] 2.51388526229013    - 1.72996901641321    [353]
[305] 0.880913638391085   - 0.273163986601903   [354]
[306] 0.0544831897411013  - 1.45939929450985    [355]
[307] 0.816884177802176   - 0.878596297165001   [356]
[308] 0.450820468265934   - 3.44262374498183    [357]
[309] 0.481225246140983   - 1.60362205752562    [358]
[310] 0.0894421805728469  - 0.810878569694571   [359]
[311] 0.998194479114568   - 2.12031614286358    [360]
[312] 0.966632678359528   - 1.32312867191184    [361]
[313] 0.196813126994764   - 3.13904509611484    [362]
[314] 0.141511398278956   - 0.692460422429046   [363]
[315] 0.223014404783018   - 0.181222899420412   [364]
[316] 0.441831474309493   - 0.41894012797043    [365]
[317] 2.28980745160052    - 0.767002135606517   [366]
[318] 0.547973969279113   - 0.880487063818723   [367]
[319] 0.417216498659544   - 2.14628102963326    [368]
[320] 2.44850315601729    - 1.08716402674244    [369]
[321] 0.727284720275518   - 0.884040261832712   [370]
[322] 0.405859801269261   - 0.132163046807228   [371]
[323] 2.15820818632773    - 0.301356388603111   [372]
[324] 0.200632113093303   - 0.676604088097234   [373]
[325] 0.0643835802882791  - 0.488629561088722   [374]
[326] 0.989781207590379   - 0.893986921776957   [375]
[327] 0.444750224849439   - 0.0798135776888377  [376]
[328] 1.06363377532389    - 0.0831627031815104  [377]
[329] 3.48464763528303    - 0.308576712874193   [378]
[330] 0.346436218406229   - 2.02962420644137    [379]
[331] 0.594827485954865   - 0.583588327001648   [380]
[332] 2.01313083154923    - 0.24307841032752    [381]
[333] 0.816627366835152   - 0.809492168289077   [382]
[334] 0.637303905323364   - 0.866992539650836   [383]
[335] 3.48739792131066    - 2.70108246221711    [384]
[336] 1.66014218589165    - 1.19864106378877    [385]
[337] 0.0801565732761835  - 0.335711530548382   [386]
[338] 0.508866020385409   - 1.86289080231657    [387]
[339] 0.731224704021044   - 0.231148435788953   [388]
[340] 1.79773808180823    - 6.63962152520098    [389]
[341] 0.938110130579544   - 1.1246273547871     [390]
[342] 0.00565206233209459 - 1.63992787763456    [391]
[343] 0.850280025633338   - 1.55594033230254    [392]
[344] 0.25251827142101    - 0.0242538244940382  [393]
[345] 0.0500230875981774  - 0.0793567914143208  [394]
[346] 0.479262658762785   - 1.1612915081308     [395]
[347] 0.408843835639983   - 1.02693295115665    [396]
[348] 0.910945541932242   - 1.47326602817381    [397]
[349] 0.0963000072210052  - 1.01269563176797    [398]
[350] 1.86223116680311    - 0.127293346437431   [399]
[351] 0.0286948900854065  - 1.7213313323154     [400]
[352] 0.442109880451096   - 1.73056734678784    [401]
[353] 2.32008056753308    - 0.206238880651786   [402]
[354] 1.42252814137374    - 0.451761348395589   [403]
[355] 0.171741947239601   - 1.20251053953154    [404]
[356] 0.176686605862157   - 0.188543740938656   [405]
[357] 1.03553305588587    - 2.87550060502774    [406]
[358] 0.951162403627469   - 0.182782297899303   [407]
[359] 0.446348969763691   - 2.74745025477167    [408]
[360] 0.0906784065029309  - 0.439426786664626   [409]
[361] 1.84226241155188    - 0.0941887578477076  [410]
[362] 0.00155244063376103 - 0.442704400960199   [411]
[363] 3.33612406788821    - 0.685956466804363   [412]
[364] 0.0980461308807725  - 1.80499754892119    [413]
[365] 1.06147674984807    - 0.455028340709431   [414]
[366] 0.515642401758829   - 1.07318497286542    [415]
[367] 0.539491177292153   - 0.0982011497946899  [416]
[368] 0.227684739400619   - 0.601499246802637   [417]
[369] 0.415702131346161   - 1.86724788852817    [418]
[370] 0.0172945764171567  - 0.667490749689817   [419]
[371] 1.14503517240998    - 0.665404817246277   [420]
[372] 0.0799794398960465  - 0.447922570488041   [421]
[373] 0.0978830361087172  - 0.875105690795824   [422]
[374] 0.343254048666157   - 0.211053598912162   [423]
[375] 1.34188239746354    - 2.34041600125128    [424]
[376] 0.755470382685254   - 1.15503387874802    [425]
[377] 1.10011455682009    - 0.714047253105636   [426]
[378] 0.133964589852916   - 0.390503829290348   [427]
[379] 0.139953989951908   - 0.613586638470251   [428]
[380] 0.616759697816568   - 0.877943590401159   [429]
[381] 1.76568541359905    - 0.619784147213597   [430]
[382] 0.214211360469622   - 1.70530342453615    [431]
[383] 1.93758377193086    - 0.178481743437406   [432]
[384] 0.71997377719118    - 0.56030300646571    [433]
[385] 0.0268674668691716  - 2.51388526229013    [434]
[386] 3.49897499512587    - 0.880913638391085   [435]
[387] 1.91476502147867    - 0.0544831897411013  [436]
[388] 0.934619983006735   - 1.14945040557581    [437]
[389] 0.778836214011761   - 0.816884177802176   [438]
[390] 1.74479180833375    - 0.450820468265934   [439]
[391] 0.314964851731004   - 0.231068333653902   [440]
[392] 1.29647374982809    - 0.632783461523021   [441]
[393] 0.300533271248692   - 2.26450208622137    [442]
[394] 0.741472318808395   - 0.0430328294730443  [443]
[395] 5.94786100701866    - 0.481225246140983   [444]
[396] 0.892211082982095   - 0.0894421805728469  [445]
[397] 1.13868101520881    - 1.03903323553556    [446]
[398] 0.722323068542229   - 0.998194479114568   [447]
[399] 1.12745859106998    - 0.316926250561357   [448]
[400] 0.526795484755835   - 0.966632678359528   [449]
[401] 0.369715744575465   - 0.196813126994764   [450]
[402] 1.67896045765202    - 0.141511398278956   [451]
[403] 2.98026548274642    - 0.0298612651734376  [452]
[404] 1.30945675888247    - 0.223014404783018   [453]
[405] 0.808795134331108   - 0.441831474309493   [454]
[406] 2.73720089319758    - 2.28980745160052    [455]
[407] 0.620352303915961   - 0.547973969279113   [456]
[408] 0.910157298301581   - 0.417216498659544   [457]
[409] 1.14897661237618    - 2.44850315601729    [458]
[410] 4.85616696507582    - 0.727284720275518   [459]
[411] 1.49515626095083    - 2.15087646341969    [460]
[412] 1.71066262267563    - 0.405859801269261   [461]
[413] 1.81836209881012    - 0.1868652536923     [462]
[414] 1.67466962835126    - 2.15820818632773    [463]
[415] 0.42668912793113    - 0.200632113093303   [464]
[416] 2.29482809915857    - 0.0643835802882791  [465]
[417] 0.0172005709012188  - 0.473310718025243   [466]
[418] 0.648091371383321   - 4.98703728009814    [467]
[419] 0.0252998756508989  - 0.585723976751161   [468]
[420] 2.03176895112463    - 0.989781207590379   [469]
[421] 1.64573560265922    - 0.444750224849439   [470]
[422] 0.48711674924418    - 1.06363377532389    [471]
[423] 0.438700356139593   - 0.337314217269827   [472]
[424] 2.07833233516213    - 3.48464763528303    [473]
[425] 1.79327377057277    - 0.346436218406229   [474]
[426] 1.15611319418327    - 2.24127527669585    [475]
[427] 0.180742329655096   - 1.00610199644234    [476]
[428] 0.760828534309922   - 0.594827485954865   [477]
[429] 2.40140916247678    - 0.063149943866333   [478]
[430] 2.62490865741668    - 0.178691437966716   [479]
[431] 2.47747728625034    - 0.225485358358063   [480]
[432] 4.37628282954948    - 1.01969469297241    [481]
[433] 0.311370549354139   - 0.725735694165527   [482]
[434] 4.65649232633401    - 0.266002968724154   [483]
[435] 0.0665859530214955  - 2.01313083154923    [484]
[436] 0.10341930292421    - 1.44685091031062    [485]
[437] 3.22877966250849    - 2.38265916624184    [486]
[438] 0.15612300182707    - 0.816627366835152   [487]
[439] 0.561598566019664   - 0.571403757205072   [488]
[440] 1.19340441644131    - 0.637303905323364   [489]
[441] 1.19981760855377    - 3.48739792131066    [490]
[442] 0.779250149797085   - 1.66014218589165    [491]
[443] 0.70164183414339    - 1.01915855480473    [492]
[444] 0.766197694334109   - 0.202088042857154   [493]
[445] 0.791104780475744   - 0.0801565732761835  [494]
[446] 0.31171297063409    - 0.508866020385409   [495]
[447] 0.184202521843664   - 0.731224704021044   [496]
[448] 2.45241193187584    - 1.79773808180823    [497]
[449] 0.158928127672661   - 0.938110130579544   [498]
[450] 0.819627049435154   - 0.00565206233209459 [499]
                          - 1.83501599506971    [500]
                          - 0.850280025633338   [501]
                          - 0.25251827142101    [502]
                          - 3.42963763225503    [503]
                          - 0.0500230875981774  [504]
                          - 0.479262658762785   [505]
                          - 0.0628778260507774  [506]
                          - 2.31102823658707    [507]
                          - 0.408843835639983   [508]
                          - 0.910945541932242   [509]
                          - 0.0963000072210052  [510]
                          - 1.86223116680311    [511]
                          - 0.0286948900854065  [512]
                          - 0.442109880451096   [513]
                          - 0.149877288023817   [514]
                          - 1.13782410319797    [515]
                          - 2.88073656386641    [516]
                          - 0.34105102218937    [517]
                          - 2.32008056753308    [518]
                          - 1.42252814137374    [519]
                          - 0.714420307872503   [520]
                          - 0.171741947239601   [521]
                          - 0.176686605862157   [522]
                          - 1.03553305588587    [523]
                          - 0.951162403627469   [524]
                          - 4.38285435058449    [525]
                          - 0.446348969763691   [526]
                          - 0.0906784065029309  [527]
                          - 1.84226241155188    [528]
                          - 0.685880122763589   [529]
                          - 0.00155244063376103 [530]
                          - 3.33612406788821    [531]
                          - 0.0980461308807725  [532]
                          - 2.19998668640287    [533]
                          - 1.06147674984807    [534]
                          - 0.515642401758829   [535]
                          - 0.539491177292153   [536]
                          - 0.227684739400619   [537]
                          - 0.415702131346161   [538]
                          - 0.0172945764171567  [539]
                          - 1.14503517240998    [540]
                          - 0.0799794398960465  [541]
                          - 1.21838553200941    [542]
                          - 1.52467643960071    [543]
                          - 0.0978830361087172  [544]
                          - 0.343254048666157   [545]
                          - 1.34188239746354    [546]
                          - 0.755470382685254   [547]
                          - 1.10011455682009    [548]
                          - 0.133964589852916   [549]
                          - 0.139953989951908   [550]
                          - 0.616759697816568   [551]
                          - 0.888434348124169   [552]
                          - 0.43352356297831    [553]
                          - 0.545026886359074   [554]
                          - 1.76568541359905    [555]
                          - 0.214211360469622   [556]
                          - 1.93758377193086    [557]
                          - 0.71997377719118    [558]
                          - 2.67464771713787    [559]
                          - 0.0268674668691716  [560]
                          - 0.854494742960033   [561]
                          - 3.49897499512587    [562]
                          - 0.166951845153743   [563]
                          - 1.91476502147867    [564]
                          - 0.655516109272118   [565]
                          - 0.740189255630892   [566]
                          - 2.18374368854697    [567]
                          - 0.0389826618780028  [568]
                          - 0.934619983006735   [569]
                          - 0.778836214011761   [570]
                          - 0.749329432286119   [571]
                          - 1.74479180833375    [572]
                          - 0.314964851731004   [573]
                          - 1.29647374982809    [574]
                          - 0.300533271248692   [575]
                          - 0.741472318808395   [576]
                          - 5.94786100701866    [577]
                          - 0.892211082982095   [578]
                          - 1.13868101520881    [579]
                          - 0.020104598300497   [580]
                          - 1.38846256610861    [581]
                          - 0.722323068542229   [582]
                          - 1.12745859106998    [583]
                          - 0.526795484755835   [584]
                          - 0.369715744575465   [585]
                          - 1.67896045765202    [586]
                          - 2.98026548274642    [587]
                          - 0.418813242303504   [588]
                          - 2.35720444084524    [589]
                          - 1.30945675888247    [590]
                          - 0.808795134331108   [591]
                          - 0.410078211316387   [592]
                          - 2.73720089319758    [593]
                          - 0.620352303915961   [594]
                          - 0.910157298301581   [595]
                          - 1.14897661237618    [596]
                          - 0.906106219450683   [597]
                          - 0.652744034582935   [598]
                          - 4.85616696507582    [599]
                          - 1.49515626095083    [600]
                          - 1.71066262267563    [601]
                          - 1.81836209881012    [602]
                          - 2.85954850002162    [603]
                          - 1.67466962835126    [604]
                          - 1.73333502714311    [605]
                          - 0.42668912793113    [606]
                          - 0.578699157905658   [607]
                          - 2.29482809915857    [608]
                          - 0.0172005709012188  [609]
                          - 0.648091371383321   [610]
                          - 0.0252998756508989  [611]
                          - 2.03176895112463    [612]
                          - 1.64573560265922    [613]
                          - 0.48711674924418    [614]
                          - 1.21420056881378    [615]
                          - 0.438700356139593   [616]
                          - 2.07833233516213    [617]
                          - 1.86674019648382    [618]
                          - 1.79327377057277    [619]
                          - 1.15611319418327    [620]
                          - 0.180742329655096   [621]
                          - 0.760828534309922   [622]
                          - 2.40140916247678    [623]
                          - 2.62490865741668    [624]
                          - 2.47747728625034    [625]
                          - 0.274344133041009   [626]
                          - 0.896673594624135   [627]
                          - 4.37628282954948    [628]
                          - 0.52514293982811    [629]
                          - 0.311370549354139   [630]
                          - 4.65649232633401    [631]
                          - 0.0665859530214955  [632]
                          - 0.10341930292421    [633]
                          - 3.22877966250849    [634]
                          - 0.0824969078800524  [635]
                          - 2.24657554825609    [636]
                          - 2.8505206926244     [637]
                          - 0.15612300182707    [638]
                          - 0.561598566019664   [639]
                          - 1.19340441644131    [640]
                          - 0.0270970487639213  [641]
                          - 1.19981760855377    [642]
                          - 0.160130497824517   [643]
                          - 0.403004701832038   [644]
                          - 0.779250149797085   [645]
                          - 1.22745116757467    [646]
                          - 0.114421177539469   [647]
                          - 0.70164183414339    [648]
                          - 3.01993412446571    [649]
                          - 0.766197694334109   [650]
                          - 0.0233989026751931  [651]
                          - 0.791104780475744   [652]
                          - 2.64727988732686    [653]
                          - 0.31171297063409    [654]
                          - 0.184202521843664   [655]
                          - 2.45241193187584    [656]
                          - 0.158928127672661   [657]
                          - 0.0276394982688504  [658]
                          - 0.885266993328896   [659]
                          - 1.58904762585424    [660]
                          - 0.819627049435154   [661]
                          - 1.59910834549093    [662]
                          - 0.0687912784780278  [663]
                          - 0.463050344534126   [664]
[451] 0.671242236121494   | 0.671242236121494   [665]
[452] 1.27111755001114    | 1.27111755001114    [666]
                          - 1.51688285586884    [667]
[453] 0.669896866451738   | 0.669896866451738   [668]
[454] 0.279434927945432   | 0.279434927945432   [669]
[455] 3.06430979261932    | 3.06430979261932    [670]
[456] 1.79534552323028    | 1.79534552323028    [671]
                          - 1.26856563261469    [672]
[457] 0.755963509423758   | 0.755963509423758   [673]
[458] 0.708344282221212   | 0.708344282221212   [674]
                          - 0.496037420024029   [675]
                          - 0.457158608182386   [676]
                          - 0.185901848897753   [677]
[459] 1.49317596864654    | 1.49317596864654    [678]
[460] 0.178058595502262   | 0.178058595502262   [679]
[461] 0.364466279089806   | 0.364466279089806   [680]
                          - 0.873816804567157   [681]
[462] 0.143070262960761   | 0.143070262960761   [682]
                          - 2.62000761462439    [683]
[463] 0.436898082571387   | 0.436898082571387   [684]
[464] 0.688330434937709   | 0.688330434937709   [685]
[465] 1.31091194573781    | 1.31091194573781    [686]
[466] 0.444941808735235   | 0.444941808735235   [687]
                          - 2.5409484130852     [688]
[467] 1.29719161927743    | 1.29719161927743    [689]
[468] 1.49704557285555    | 1.49704557285555    [690]
[469] 0.710930036675965   | 0.710930036675965   [691]
                          - 0.144813007359756   [692]
[470] 1.09085112288132    | 1.09085112288132    [693]
[471] 4.41351511840723    | 4.41351511840723    [694]
[472] 0.0808848528669021  | 0.0808848528669021  [695]
                          - 0.485383457123696   [696]
[473] 2.72349509095118    | 2.72349509095118    [697]
[474] 0.43330680449792    | 0.43330680449792    [698]
                          - 0.571189644488684   [699]
[475] 0.260628015682289   | 0.260628015682289   [700]
[476] 0.882887939018177   | 0.882887939018177   [701]
[477] 0.427742062996188   | 0.427742062996188   [702]
                          - 0.522974498706353   [703]
[478] 2.3734061344421     | 2.3734061344421     [704]
                          - 1.36512257863945    [705]
                          - 1.24072881992735    [706]
[479] 1.25725660302619    | 1.25725660302619    [707]
                          - 0.994125763208151   [708]
[480] 0.347678966208891   | 0.347678966208891   [709]
                          - 0.13867472092552    [710]
                          - 0.289180251904094   [711]
[481] 1.97097207121069    | 1.97097207121069    [712]
[482] 0.00584728385181443 | 0.00584728385181443 [713]
                          - 2.21521187672861    [714]
[483] 0.851704010354018   | 0.851704010354018   [715]
[484] 0.680499022764356   | 0.680499022764356   [716]
[485] 0.364618586279325   | 0.364618586279325   [717]
[486] 0.389517827561094   | 0.389517827561094   [718]
[487] 0.499050473181575   | 0.499050473181575   [719]
                          - 0.0283343726477816  [720]
[488] 2.32557226530903    | 2.32557226530903    [721]
                          - 1.72178329994789    [722]
[489] 1.20476200053147    | 1.20476200053147    [723]
[490] 2.61405904646477    | 2.61405904646477    [724]
                          - 0.00902817522805134 [725]
                          - 0.674270420590916   [726]
[491] 7.14844793274197    | 7.14844793274197    [727]
[492] 0.0893479772681243  | 0.0893479772681243  [728]
[493] 0.655787818552255   | 0.655787818552255   [729]
[494] 0.216075423889968   | 0.216075423889968   [730]
                          - 3.43722237265232    [731]
                          - 1.3028099843428     [732]
                          - 0.181123852494213   [733]
[495] 1.04042248880157    | 1.04042248880157    [734]
                          - 2.35839947812151    [735]
[496] 2.24207820962737    | 2.24207820962737    [736]
                          - 2.72634695051657    [737]
[497] 0.297961218352625   | 0.297961218352625   [738]
[498] 1.07077023114572    | 1.07077023114572    [739]
[499] 1.00080338170825    | 1.00080338170825    [740]
[500] 0.59148683821667    | 0.59148683821667    [741]
[501] 0.372980048019052   | 0.372980048019052   [742]
                          - 0.569996453461377   [743]
[502] 2.50262084471945    | 2.50262084471945    [744]
[503] 0.12557130281903    | 0.12557130281903    [745]
                          - 0.430227668572738   [746]
                          - 0.123722708399833   [747]
                          - 1.2063794211669     [748]
[504] 0.475389661173481   | 0.475389661173481   [749]
                          - 1.48716032711353    [750]
[505] 3.17899885366613    | 3.17899885366613    [751]
                          - 0.77608782126061    [752]
[506] 0.0341659045720087  | 0.0341659045720087  [753]
[507] 0.230623254332575   | 0.230623254332575   [754]
[508] 0.774245392405127   | 0.774245392405127   [755]
                          - 1.55986511584362    [756]
[509] 1.85290481936197    | 1.85290481936197    [757]
[510] 0.250848152149587   | 0.250848152149587   [758]
[511] 2.90281805827073    | 2.90281805827073    [759]
[512] 1.27760533207505    | 1.27760533207505    [760]
[513] 0.862300034466133   | 0.862300034466133   [761]
                          - 0.461806436465703   [762]
                          - 1.21580221645757    [763]
[514] 0.494619611780269   | 0.494619611780269   [764]
[515] 2.24472398691906    | 2.24472398691906    [765]
[516] 1.40148995818389    | 1.40148995818389    [766]
[517] 0.0577159116115005  | 0.0577159116115005  [767]
[518] 0.64890145791064    | 0.64890145791064    [768]
                          - 0.0837885636748785  [769]
[519] 0.834372662523529   | 0.834372662523529   [770]
[520] 0.268628410802225   | 0.268628410802225   [771]
[521] 0.3593571016805     | 0.3593571016805     [772]

      actual              | expected                 
[523] 0.218372737778334   | 0.218372737778334   [774]
[524] 0.706360689588377   | 0.706360689588377   [775]
[525] 2.29985745852164    | 2.29985745852164    [776]
                          - 1.83818574684253    [777]
[526] 0.857319125610044   | 0.857319125610044   [778]
[527] 0.749961569107212   | 0.749961569107212   [779]
                          - 1.80337079388532    [780]
[528] 1.92462629232329    | 1.92462629232329    [781]
[529] 0.0197111468687208  | 0.0197111468687208  [782]
                          - 1.52970177097707    [783]
[530] 3.40469300745515    | 3.40469300745515    [784]
                          - 1.08417166810111    [785]
                          - 1.52390572575751    [786]
                          - 3.82584252403244    [787]
[531] 0.957049563965038   | 0.957049563965038   [788]
[532] 0.295589900389467   | 0.295589900389467   [789]
[533] 0.797707110240188   | 0.797707110240188   [790]
                          - 1.01195678792674    [791]
[534] 2.8007678701755     | 2.8007678701755     [792]
                          - 0.645906420957762   [793]
                          - 0.623902133837746   [794]
                          - 0.412913182031318   [795]
                          - 1.33819420971229    [796]
[535] 5.0914423732995     | 5.0914423732995     [797]
[536] 0.00905633623870431 | 0.00905633623870431 [798]
                          - 0.249312161342545   [799]
[537] 1.36463222613355    | 1.36463222613355    [800]</failure>
    </testcase>
    <testcase time="0.264" classname="fit_mmrm" name="fit_mmrm_works_with_homogeneous_toeplitz_covariance_matrix"/>
    <testcase time="0.237" classname="fit_mmrm" name="fit_mmrm_works_with_heterogeneous_toeplitz_covariance_matrix"/>
    <testcase time="0.23" classname="fit_mmrm" name="fit_mmrm_works_with_homogeneous_ante_dependence_covariance_matrix"/>
    <testcase time="0.236000000000001" classname="fit_mmrm" name="fit_mmrm_works_with_heterogeneous_ante_dependence_covariance_matrix"/>
    <testcase time="0.237" classname="fit_mmrm" name="fit_mmrm_works_with_homogeneous_auto_regressive_covariance_matrix"/>
    <testcase time="0.23" classname="fit_mmrm" name="fit_mmrm_works_with_heterogeneous_auto_regressive_covariance_matrix"/>
    <testcase time="0.231" classname="fit_mmrm" name="fit_mmrm_works_with_homogeneous_compound_symmetry_covariance_matrix"/>
    <testcase time="0.241999999999999" classname="fit_mmrm" name="fit_mmrm_works_with_heterogeneous_compound_symmetry_covariance_matrix"/>
  </testsuite>
  <testsuite name="formula" timestamp="2023-11-07T14:05:06Z" hostname="b2c7abd4a126" tests="4" skipped="0" failures="0" errors="0" time="0.067">
    <testcase time="0.0330000000000013" classname="formula" name="build_formula_gives_error_message_if_incorrect_covariance_structure_is_given"/>
    <testcase time="0.0119999999999987" classname="formula" name="build_formula_builds_the_correct_formula"/>
    <testcase time="0.011000000000001" classname="formula" name="build_formula_builds_the_correct_formula_with_no_arm_variable_given"/>
    <testcase time="0.011000000000001" classname="formula" name="build_formula_builds_the_correct_formula_with_no_covariates_given"/>
  </testsuite>
  <testsuite name="g_mmrm" timestamp="2023-11-07T14:05:07Z" hostname="b2c7abd4a126" tests="17" skipped="15" failures="0" errors="1" time="6.91">
    <testcase time="0.517999999999999" classname="g_mmrm" name="g_mmrm_diagnostic_works_well_with_defaults"/>
    <testcase time="0.550000000000001" classname="g_mmrm" name="g_mmrm_diagnostic_works_well_with_defaults">
      <skipped message="Reason: On CRAN ('test-g_mmrm.R:28:3')"/>
    </testcase>
    <testcase time="0.308" classname="g_mmrm" name="g_mmrm_diagnostic_works_well_for_Q_Q_residuals_plot">
      <skipped message="Reason: On CRAN ('test-g_mmrm.R:33:3')"/>
    </testcase>
    <testcase time="0.334999999999999" classname="g_mmrm" name="g_mmrm_diagnostic_works_well_for_Q_Q_residuals_plot_with_z_threshold">
      <skipped message="Reason: On CRAN ('test-g_mmrm.R:38:3')"/>
    </testcase>
    <testcase time="0.274000000000001" classname="g_mmrm" name="g_mmrm_diagnostic_works_well_for_Q_Q_residuals_plot_with_weights">
      <error type="error" message="Error in `sqrt(weights)`: non-numeric argument to mathematical function ('test-g_mmrm.R:60:3')">Error in `sqrt(weights)`: non-numeric argument to mathematical function
Backtrace:
    x
 1. \-tern.mmrm::g_mmrm_diagnostic(mmrm_results, type = "q-q-residual") at test-g_mmrm.R:60:2</error>
    </testcase>
    <testcase time="0.510999999999999" classname="g_mmrm" name="g_mmrm_lsmeans_works_well_with_default_arguments">
      <skipped message="Reason: On CRAN ('test-g_mmrm.R:68:3')"/>
    </testcase>
    <testcase time="0.262" classname="g_mmrm" name="g_mmrm_lsmeans_can_select_estimates_only">
      <skipped message="Reason: On CRAN ('test-g_mmrm.R:73:3')"/>
    </testcase>
    <testcase time="0.311999999999999" classname="g_mmrm" name="g_mmrm_lsmeans_can_select_contrasts_only">
      <skipped message="Reason: On CRAN ('test-g_mmrm.R:78:3')"/>
    </testcase>
    <testcase time="0.408000000000001" classname="g_mmrm" name="g_mmrm_lsmeans_works_well_with_constant_baseline_added">
      <skipped message="Reason: On CRAN ('test-g_mmrm.R:83:3')"/>
    </testcase>
    <testcase time="0.468" classname="g_mmrm" name="g_mmrm_lsmeans_works_well_with_lines_added">
      <skipped message="Reason: On CRAN ('test-g_mmrm.R:88:3')"/>
    </testcase>
    <testcase time="0.429" classname="g_mmrm" name="g_mmrm_lsmeans_works_well_with_multiple_customizations">
      <skipped message="Reason: On CRAN ('test-g_mmrm.R:102:3')"/>
    </testcase>
    <testcase time="0.208" classname="g_mmrm" name="g_mmrm_lsmeans_works_well_with_constant_baseline_and_no_arms">
      <skipped message="Reason: On CRAN ('test-g_mmrm.R:107:3')"/>
    </testcase>
    <testcase time="0.565" classname="g_mmrm" name="g_mmrm_lsmeans_plots_stats_table_for_estimates_as_expected">
      <skipped message="Reason: On CRAN ('test-g_mmrm.R:116:3')"/>
    </testcase>
    <testcase time="0.513999999999999" classname="g_mmrm" name="g_mmrm_lsmeans_plots_estimates_stats_table_with_custom_settings">
      <skipped message="Reason: On CRAN ('test-g_mmrm.R:139:3')"/>
    </testcase>
    <testcase time="0.363" classname="g_mmrm" name="g_mmrm_lsmeans_plots_estimates_stats_table_also_without_arms">
      <skipped message="Reason: On CRAN ('test-g_mmrm.R:148:3')"/>
    </testcase>
    <testcase time="0.522" classname="g_mmrm" name="g_mmrm_lsmeans_plots_estimates_stats_table_also_with_constant_baseline">
      <skipped message="Reason: On CRAN ('test-g_mmrm.R:159:3')"/>
    </testcase>
    <testcase time="0.363000000000001" classname="g_mmrm" name="g_mmrm_lsmeans_plots_estimates_stats_table_also_with_constant_baseline_and_without_arms">
      <skipped message="Reason: On CRAN ('test-g_mmrm.R:170:3')"/>
    </testcase>
  </testsuite>
  <testsuite name="labels" timestamp="2023-11-07T14:05:13Z" hostname="b2c7abd4a126" tests="10" skipped="0" failures="0" errors="0" time="0.112">
    <testcase time="0.0299999999999994" classname="labels" name="h_is_specified_works_as_expected"/>
    <testcase time="0.00500000000000078" classname="labels" name="h_is_specified_works_as_expected"/>
    <testcase time="0.00600000000000023" classname="labels" name="h_is_specified_works_as_expected"/>
    <testcase time="0.00499999999999901" classname="labels" name="h_is_specified_works_as_expected"/>
    <testcase time="0.0120000000000005" classname="labels" name="h_is_specified_and_in_data_works_as_expected"/>
    <testcase time="0.0129999999999981" classname="labels" name="h_check_and_get_label_works_as_expected"/>
    <testcase time="0.0130000000000017" classname="labels" name="h_labels_works_as_expected"/>
    <testcase time="0.00999999999999801" classname="labels" name="h_labels_works_if_covariates_is_empty_vector"/>
    <testcase time="0.00500000000000256" classname="labels" name="h_labels_works_if_covariates_is_empty_vector"/>
    <testcase time="0.0129999999999981" classname="labels" name="h_labels_works_as_expected_also_with_weights"/>
  </testsuite>
  <testsuite name="lsmeans" timestamp="2023-11-07T14:05:13Z" hostname="b2c7abd4a126" tests="49" skipped="6" failures="0" errors="0" time="1.962">
    <testcase time="0.0950000000000024" classname="lsmeans" name="h_get_emmeans_res_works_as_expected"/>
    <testcase time="0.00199999999999889" classname="lsmeans" name="h_get_emmeans_res_works_as_expected"/>
    <testcase time="0.00199999999999889" classname="lsmeans" name="h_get_emmeans_res_works_as_expected"/>
    <testcase time="0.00200000000000244" classname="lsmeans" name="h_get_emmeans_res_works_as_expected"/>
    <testcase time="0.00199999999999889" classname="lsmeans" name="h_get_emmeans_res_works_as_expected"/>
    <testcase time="0.00499999999999901" classname="lsmeans" name="h_get_emmeans_res_works_as_expected"/>
    <testcase time="0.054000000000002" classname="lsmeans" name="h_get_emmeans_res_works_as_expected"/>
    <testcase time="0.0849999999999973" classname="lsmeans" name="h_get_emmeans_res_works_as_expected_without_arm_variable"/>
    <testcase time="0.00200000000000244" classname="lsmeans" name="h_get_emmeans_res_works_as_expected_without_arm_variable"/>
    <testcase time="0.00199999999999889" classname="lsmeans" name="h_get_emmeans_res_works_as_expected_without_arm_variable"/>
    <testcase time="0.00199999999999889" classname="lsmeans" name="h_get_emmeans_res_works_as_expected_without_arm_variable"/>
    <testcase time="0.00200000000000244" classname="lsmeans" name="h_get_emmeans_res_works_as_expected_without_arm_variable"/>
    <testcase time="0.00499999999999901" classname="lsmeans" name="h_get_emmeans_res_works_as_expected_without_arm_variable"/>
    <testcase time="0.100999999999999" classname="lsmeans" name="h_get_average_visit_specs_works_as_expected"/>
    <testcase time="0.00600000000000023" classname="lsmeans" name="h_get_average_visit_specs_works_as_expected"/>
    <testcase time="0.105" classname="lsmeans" name="h_get_average_visit_specs_gives_error_if_not_all_visits_are_correct"/>
    <testcase time="0.0970000000000013" classname="lsmeans" name="h_get_average_visit_specs_works_as_expected_without_arm"/>
    <testcase time="0.00599999999999667" classname="lsmeans" name="h_get_average_visit_specs_works_as_expected_without_arm"/>
    <testcase time="0.00900000000000034" classname="lsmeans" name="h_get_average_visit_specs_uses_number_of_patients_with_any_of_the_averaged_visits_as_n">
      <skipped message="Reason: On CI ('test-lsmeans.R:178:3')"/>
    </testcase>
    <testcase time="0.118000000000002" classname="lsmeans" name="h_get_spec_visit_estimates_works_as_expected"/>
    <testcase time="0.0159999999999982" classname="lsmeans" name="h_get_spec_visit_estimates_works_as_expected"/>
    <testcase time="0.105" classname="lsmeans" name="h_get_spec_visit_estimates_produces_test_results_optionally"/>
    <testcase time="0.0169999999999995" classname="lsmeans" name="h_get_spec_visit_estimates_produces_test_results_optionally"/>
    <testcase time="0.0920000000000023" classname="lsmeans" name="h_get_spec_visit_estimates_works_without_arm"/>
    <testcase time="0.0209999999999972" classname="lsmeans" name="h_get_spec_visit_estimates_works_without_arm">
      <skipped message="Reason: On CRAN ('test-lsmeans.R:300:3')"/>
    </testcase>
    <testcase time="0.112000000000002" classname="lsmeans" name="h_get_single_visit_estimates_works_as_expected"/>
    <testcase time="0.00600000000000023" classname="lsmeans" name="h_get_single_visit_estimates_works_as_expected">
      <skipped message="Reason: On CRAN ('test-lsmeans.R:311:3')"/>
    </testcase>
    <testcase time="0.102999999999998" classname="lsmeans" name="h_get_single_visit_estimates_works_without_arm"/>
    <testcase time="0.0160000000000018" classname="lsmeans" name="h_get_single_visit_estimates_works_without_arm">
      <skipped message="Reason: On CRAN ('test-lsmeans.R:320:3')"/>
    </testcase>
    <testcase time="0.119" classname="lsmeans" name="h_get_relative_reduc_df_works_as_expected"/>
    <testcase time="0.00600000000000023" classname="lsmeans" name="h_get_relative_reduc_df_works_as_expected">
      <skipped message="Reason: On CRAN ('test-lsmeans.R:335:3')"/>
    </testcase>
    <testcase time="0.103999999999999" classname="lsmeans" name="h_single_visit_contrast_specs_works_as_expected"/>
    <testcase time="0.00600000000000023" classname="lsmeans" name="h_single_visit_contrast_specs_works_as_expected"/>
    <testcase time="0.0899999999999999" classname="lsmeans" name="h_average_visit_contrast_specs_works_as_expected"/>
    <testcase time="0.00600000000000023" classname="lsmeans" name="h_average_visit_contrast_specs_works_as_expected"/>
    <testcase time="0.0109999999999992" classname="lsmeans" name="h_average_visit_contrast_specs_works_also_for_3_arms_and_many_visits"/>
    <testcase time="0.00600000000000023" classname="lsmeans" name="h_average_visit_contrast_specs_works_also_for_3_arms_and_many_visits"/>
    <testcase time="0.16" classname="lsmeans" name="get_mmrm_lsmeans_can_calculate_the_LS_mean_results"/>
    <testcase time="0.00300000000000011" classname="lsmeans" name="get_mmrm_lsmeans_can_calculate_the_LS_mean_results"/>
    <testcase time="0.00199999999999889" classname="lsmeans" name="get_mmrm_lsmeans_can_calculate_the_LS_mean_results"/>
    <testcase time="0.00200000000000244" classname="lsmeans" name="get_mmrm_lsmeans_can_calculate_the_LS_mean_results"/>
    <testcase time="0.00600000000000023" classname="lsmeans" name="get_mmrm_lsmeans_can_calculate_the_LS_mean_results"/>
    <testcase time="0.00499999999999901" classname="lsmeans" name="get_mmrm_lsmeans_can_calculate_the_LS_mean_results"/>
    <testcase time="0.117999999999999" classname="lsmeans" name="get_mmrm_lsmeans_preserves_combined_arm_levels."/>
    <testcase time="0.00600000000000023" classname="lsmeans" name="get_mmrm_lsmeans_preserves_combined_arm_levels."/>
    <testcase time="0.111000000000001" classname="lsmeans" name="get_mmrm_lsmeans_works_without_arm"/>
    <testcase time="0.00300000000000011" classname="lsmeans" name="get_mmrm_lsmeans_works_without_arm"/>
    <testcase time="0.00199999999999889" classname="lsmeans" name="get_mmrm_lsmeans_works_without_arm"/>
    <testcase time="0.00600000000000023" classname="lsmeans" name="get_mmrm_lsmeans_works_without_arm">
      <skipped message="Reason: On CRAN ('test-lsmeans.R:648:3')"/>
    </testcase>
  </testsuite>
  <testsuite name="subgroups" timestamp="2023-11-07T14:05:16Z" hostname="b2c7abd4a126" tests="11" skipped="6" failures="0" errors="0" time="5.01">
    <testcase time="0.326000000000001" classname="subgroups" name="h_mmrm_subgroup_df_works_as_expected_for_overall_group"/>
    <testcase time="0.0350000000000001" classname="subgroups" name="h_mmrm_subgroup_df_works_as_expected_for_subgroup_when_fit_did_not_converge"/>
    <testcase time="1.213" classname="subgroups" name="extract_mmrm_subgroups_works_as_expected">
      <skipped message="Reason: On CRAN ('test-subgroups.R:110:3')"/>
    </testcase>
    <testcase time="0.0279999999999987" classname="subgroups" name="extract_mmrm_subgroups_works_as_expected_without_subgroup_variables">
      <skipped message="Reason: On CRAN ('test-subgroups.R:118:3')"/>
    </testcase>
    <testcase time="0.454000000000001" classname="subgroups" name="extract_mmrm_subgroups_works_as_expected_with_groups_lists">
      <skipped message="Reason: On CRAN ('test-subgroups.R:131:3')"/>
    </testcase>
    <testcase time="0.684999999999999" classname="subgroups" name="extract_mmrm_subgroups_works_when_model_does_not_work_for_some_subgroups"/>
    <testcase time="0.00600000000000023" classname="subgroups" name="extract_mmrm_subgroups_works_when_model_does_not_work_for_some_subgroups">
      <skipped message="Reason: On CRAN ('test-subgroups.R:140:3')"/>
    </testcase>
    <testcase time="0.022000000000002" classname="subgroups" name="a_mmrm_subgroups_works_as_expected"/>
    <testcase time="0.00199999999999889" classname="subgroups" name="a_mmrm_subgroups_works_as_expected"/>
    <testcase time="1.663" classname="subgroups" name="tabulate_mmrm_subgroups_works_as_expected">
      <skipped message="Reason: On CRAN ('test-subgroups.R:163:3')"/>
    </testcase>
    <testcase time="0.576000000000001" classname="subgroups" name="tabulate_mmrm_subgroups_with_custom_settings_works_as_expected">
      <skipped message="Reason: On CRAN ('test-subgroups.R:194:3')"/>
    </testcase>
  </testsuite>
  <testsuite name="table_mmrmt01" timestamp="2023-11-07T14:05:21Z" hostname="b2c7abd4a126" tests="5" skipped="0" failures="0" errors="0" time="1.039">
    <testcase time="0.706" classname="table_mmrmt01" name="LS_means_table_is_produced_correctly"/>
    <testcase time="0.187000000000001" classname="table_mmrmt01" name="Fixed_effects_table_is_produced_correctly"/>
    <testcase time="0.00600000000000023" classname="table_mmrmt01" name="Fixed_effects_table_is_produced_correctly"/>
    <testcase time="0.0640000000000001" classname="table_mmrmt01" name="Covariance_matrix_table_is_produced_correctly"/>
    <testcase time="0.0760000000000005" classname="table_mmrmt01" name="Model_diagnostics_table_is_produced_correctly"/>
  </testsuite>
  <testsuite name="tabulate_mmrm" timestamp="2023-11-07T14:05:21Z" hostname="b2c7abd4a126" tests="17" skipped="1" failures="0" errors="0" time="3.906">
    <testcase time="0.480999999999998" classname="tabulate_mmrm" name="h_mmrm_fixed_works_as_expected"/>
    <testcase time="0.106999999999999" classname="tabulate_mmrm" name="h_mmrm_fixed_works_as_expected"/>
    <testcase time="0.00499999999999901" classname="tabulate_mmrm" name="h_mmrm_fixed_works_as_expected"/>
    <testcase time="0.214000000000002" classname="tabulate_mmrm" name="h_mmrm_cov_works_as_expected"/>
    <testcase time="0.0569999999999986" classname="tabulate_mmrm" name="h_mmrm_cov_works_as_expected"/>
    <testcase time="0.245000000000001" classname="tabulate_mmrm" name="h_mmrm_diagnostic_works_as_expected"/>
    <testcase time="0.0589999999999975" classname="tabulate_mmrm" name="h_mmrm_diagnostic_works_as_expected"/>
    <testcase time="0.173000000000002" classname="tabulate_mmrm" name="tidy.mmrm_works_as_expected"/>
    <testcase time="0.00199999999999889" classname="tabulate_mmrm" name="tidy.mmrm_works_as_expected"/>
    <testcase time="0.108000000000001" classname="tabulate_mmrm" name="tidy.mmrm_works_as_expected_when_treatment_is_not_considered_in_the_model"/>
    <testcase time="0.00199999999999889" classname="tabulate_mmrm" name="tidy.mmrm_works_as_expected_when_treatment_is_not_considered_in_the_model"/>
    <testcase time="0.201000000000001" classname="tabulate_mmrm" name="s_mmrm_lsmeans_works_as_expected_when_not_in_reference_column"/>
    <testcase time="0.176000000000002" classname="tabulate_mmrm" name="s_mmrm_lsmeans_works_as_expected_when_in_reference_column"/>
    <testcase time="0.126999999999999" classname="tabulate_mmrm" name="s_mmrm_lsmeans_single_works_as_expected"/>
    <testcase time="0.675000000000001" classname="tabulate_mmrm" name="summarize_lsmeans_works_as_expected"/>
    <testcase time="0.34" classname="tabulate_mmrm" name="summarize_lsmeans_works_as_expected_when_treatment_is_not_considered_in_the_model"/>
    <testcase time="0.934000000000001" classname="tabulate_mmrm" name="summarize_lsmeans_works_with_averages_of_visits_as_expected">
      <skipped message="Reason: On CRAN ('test-tabulate_mmrm.R:528:3')"/>
    </testcase>
  </testsuite>
  <testsuite name="utils" timestamp="2023-11-07T14:05:25Z" hostname="b2c7abd4a126" tests="5" skipped="0" failures="0" errors="0" time="0.051">
    <testcase time="0.0309999999999988" classname="utils" name="h_get_covariate_parts_works_as_expected"/>
    <testcase time="0.00499999999999901" classname="utils" name="h_get_covariate_parts_works_as_expected"/>
    <testcase time="0.00499999999999901" classname="utils" name="h_get_covariate_parts_works_as_expected"/>
    <testcase time="0.00500000000000256" classname="utils" name="h_get_covariate_parts_works_as_expected"/>
    <testcase time="0.00499999999999901" classname="utils" name="h_get_covariate_parts_works_as_expected"/>
  </testsuite>
  <testsuite name="covariance_plot" timestamp="2023-11-07T14:05:25Z" hostname="b2c7abd4a126" tests="13" skipped="3" failures="0" errors="0" time="0.808">
    <testcase time="0.0150000000000006" classname="covariance_plot" name="h_get_timepoint_vars_works_in_simple_example"/>
    <testcase time="0.00499999999999901" classname="covariance_plot" name="h_get_timepoint_vars_works_in_simple_example"/>
    <testcase time="0.106000000000002" classname="covariance_plot" name="h_get_timepoint_vars_works_as_expected_with_time_prefix_specified"/>
    <testcase time="0.0169999999999995" classname="covariance_plot" name="h_get_timepoint_vars_returns_error_when_time_prefix_not_specified"/>
    <testcase time="0.0159999999999982" classname="covariance_plot" name="h_get_timepoint_vars_works_as_expected_with_time_prefix_argument_not_needed"/>
    <testcase time="0.0139999999999993" classname="covariance_plot" name="h_vectorization_works_as_expected_with_time_prefix_specified"/>
    <testcase time="0.0140000000000029" classname="covariance_plot" name="h_vectorization_works_as_expected_when_time_prefix_not_specified"/>
    <testcase time="0.0159999999999982" classname="covariance_plot" name="g_covariance_works_as_expected_as_expected_with_defaults"/>
    <testcase time="0.185000000000002" classname="covariance_plot" name="g_covariance_works_as_expected_as_expected_with_defaults">
      <skipped message="Reason: On CRAN ('test_covariance_plot.R:104:3')"/>
    </testcase>
    <testcase time="0.0309999999999988" classname="covariance_plot" name="g_covariance_works_as_expected_as_expected_with_time_prefix_specified"/>
    <testcase time="0.187999999999999" classname="covariance_plot" name="g_covariance_works_as_expected_as_expected_with_time_prefix_specified">
      <skipped message="Reason: On CRAN ('test_covariance_plot.R:117:3')"/>
    </testcase>
    <testcase time="0.0300000000000011" classname="covariance_plot" name="g_covariance_works_as_expected_as_expected_with_time_difference"/>
    <testcase time="0.170999999999999" classname="covariance_plot" name="g_covariance_works_as_expected_as_expected_with_time_difference">
      <skipped message="Reason: On CRAN ('test_covariance_plot.R:130:3')"/>
    </testcase>
  </testsuite>
</testsuites>
